<?xml version="1.0" encoding="UTF-8"?>
<testsuite name="kieker.test.common.junit.util.TestClassOperationSignaturePair" tests="6" skipped="0" failures="0" errors="0" timestamp="2019-04-21T07:38:04" hostname="icedsoul-PC" time="0.008">
  <properties/>
  <testcase name="testNoParamTypes" classname="kieker.test.common.junit.util.TestClassOperationSignaturePair" time="0.002"/>
  <testcase name="testConstructorNoModifier" classname="kieker.test.common.junit.util.TestClassOperationSignaturePair" time="0.001"/>
  <testcase name="testNoModifiers" classname="kieker.test.common.junit.util.TestClassOperationSignaturePair" time="0.0"/>
  <testcase name="testNoModifiersNoReturnType" classname="kieker.test.common.junit.util.TestClassOperationSignaturePair" time="0.0"/>
  <testcase name="testNoPackage" classname="kieker.test.common.junit.util.TestClassOperationSignaturePair" time="0.001"/>
  <testcase name="testConstructorPublicModifier" classname="kieker.test.common.junit.util.TestClassOperationSignaturePair" time="0.002"/>
  <system-out><![CDATA[]]></system-out>
  <system-err><![CDATA[四月 21, 2019 3:38:04 下午 kieker.test.common.junit.AbstractKiekerTest initTestModulePrefix
信息: Prefix for test resources is ./
四月 21, 2019 3:38:04 下午 kieker.test.common.junit.AbstractKiekerTest printNameOfCurrentTest
信息: Executing test: kieker.test.common.junit.util.TestClassOperationSignaturePair.testNoParamTypes()


四月 21, 2019 3:38:04 下午 kieker.test.common.junit.AbstractKiekerTest initTestModulePrefix
信息: Prefix for test resources is ./
四月 21, 2019 3:38:04 下午 kieker.test.common.junit.AbstractKiekerTest printNameOfCurrentTest
信息: Executing test: kieker.test.common.junit.util.TestClassOperationSignaturePair.testConstructorNoModifier()


四月 21, 2019 3:38:04 下午 kieker.test.common.junit.AbstractKiekerTest initTestModulePrefix
信息: Prefix for test resources is ./
四月 21, 2019 3:38:04 下午 kieker.test.common.junit.AbstractKiekerTest printNameOfCurrentTest
信息: Executing test: kieker.test.common.junit.util.TestClassOperationSignaturePair.testNoModifiers()


四月 21, 2019 3:38:04 下午 kieker.test.common.junit.AbstractKiekerTest initTestModulePrefix
信息: Prefix for test resources is ./
四月 21, 2019 3:38:04 下午 kieker.test.common.junit.AbstractKiekerTest printNameOfCurrentTest
信息: Executing test: kieker.test.common.junit.util.TestClassOperationSignaturePair.testNoModifiersNoReturnType()


四月 21, 2019 3:38:04 下午 kieker.test.common.junit.AbstractKiekerTest initTestModulePrefix
信息: Prefix for test resources is ./
四月 21, 2019 3:38:04 下午 kieker.test.common.junit.AbstractKiekerTest printNameOfCurrentTest
信息: Executing test: kieker.test.common.junit.util.TestClassOperationSignaturePair.testNoPackage()


四月 21, 2019 3:38:04 下午 kieker.test.common.junit.AbstractKiekerTest initTestModulePrefix
信息: Prefix for test resources is ./
四月 21, 2019 3:38:04 下午 kieker.test.common.junit.AbstractKiekerTest printNameOfCurrentTest
信息: Executing test: kieker.test.common.junit.util.TestClassOperationSignaturePair.testConstructorPublicModifier()


]]></system-err>
</testsuite>
