<?xml version="1.0" encoding="UTF-8"?>
<testsuite name="kieker.test.common.junit.record.TestRecordsUsingCorrectBinarySize" tests="1" skipped="0" failures="0" errors="0" timestamp="2019-04-21T07:38:04" hostname="icedsoul-PC" time="0.03">
  <properties/>
  <testcase name="test" classname="kieker.test.common.junit.record.TestRecordsUsingCorrectBinarySize" time="0.03"/>
  <system-out><![CDATA[]]></system-out>
  <system-err><![CDATA[四月 21, 2019 3:38:04 下午 kieker.test.common.junit.AbstractKiekerTest initTestModulePrefix
信息: Prefix for test resources is ./
四月 21, 2019 3:38:04 下午 kieker.test.common.junit.AbstractKiekerTest printNameOfCurrentTest
信息: Executing test: kieker.test.common.junit.record.TestRecordsUsingCorrectBinarySize.test()


四月 21, 2019 3:38:04 下午 kieker.test.common.junit.record.TestRecordsUsingCorrectBinarySize test
信息: Testing 'RegistryRecord'...
]]></system-err>
</testsuite>
