<?xml version="1.0" encoding="UTF-8"?>
<testsuite name="kieker.test.common.junit.record.factory.CachedRecordFactoryCatalogTest" tests="5" skipped="0" failures="0" errors="0" timestamp="2019-04-21T07:38:04" hostname="icedsoul-PC" time="0.026">
  <properties/>
  <testcase name="testAVirtualRecord" classname="kieker.test.common.junit.record.factory.CachedRecordFactoryCatalogTest" time="0.006"/>
  <testcase name="testBNotExistingRecordThrowsException" classname="kieker.test.common.junit.record.factory.CachedRecordFactoryCatalogTest" time="0.009"/>
  <testcase name="testRecordConstructionWithFactory" classname="kieker.test.common.junit.record.factory.CachedRecordFactoryCatalogTest" time="0.004"/>
  <testcase name="testRecordWithFactoryIsAssignedItsFactory" classname="kieker.test.common.junit.record.factory.CachedRecordFactoryCatalogTest" time="0.004"/>
  <testcase name="testRecordWithoutFactoryIsAssignedFactoryWrapper" classname="kieker.test.common.junit.record.factory.CachedRecordFactoryCatalogTest" time="0.002"/>
  <system-out><![CDATA[]]></system-out>
  <system-err><![CDATA[四月 21, 2019 3:38:04 下午 kieker.test.common.junit.AbstractKiekerTest initTestModulePrefix
信息: Prefix for test resources is ./
四月 21, 2019 3:38:04 下午 kieker.test.common.junit.AbstractKiekerTest printNameOfCurrentTest
信息: Executing test: kieker.test.common.junit.record.factory.CachedRecordFactoryCatalogTest.testAVirtualRecord()


四月 21, 2019 3:38:04 下午 kieker.test.common.junit.AbstractKiekerTest initTestModulePrefix
信息: Prefix for test resources is ./
四月 21, 2019 3:38:04 下午 kieker.test.common.junit.AbstractKiekerTest printNameOfCurrentTest
信息: Executing test: kieker.test.common.junit.record.factory.CachedRecordFactoryCatalogTest.testBNotExistingRecordThrowsException()


四月 21, 2019 3:38:04 下午 kieker.test.common.junit.AbstractKiekerTest initTestModulePrefix
信息: Prefix for test resources is ./
四月 21, 2019 3:38:04 下午 kieker.test.common.junit.AbstractKiekerTest printNameOfCurrentTest
信息: Executing test: kieker.test.common.junit.record.factory.CachedRecordFactoryCatalogTest.testRecordConstructionWithFactory()


四月 21, 2019 3:38:04 下午 kieker.test.common.junit.AbstractKiekerTest initTestModulePrefix
信息: Prefix for test resources is ./
四月 21, 2019 3:38:04 下午 kieker.test.common.junit.AbstractKiekerTest printNameOfCurrentTest
信息: Executing test: kieker.test.common.junit.record.factory.CachedRecordFactoryCatalogTest.testRecordWithFactoryIsAssignedItsFactory()


四月 21, 2019 3:38:04 下午 kieker.test.common.junit.AbstractKiekerTest initTestModulePrefix
信息: Prefix for test resources is ./
四月 21, 2019 3:38:04 下午 kieker.test.common.junit.AbstractKiekerTest printNameOfCurrentTest
信息: Executing test: kieker.test.common.junit.record.factory.CachedRecordFactoryCatalogTest.testRecordWithoutFactoryIsAssignedFactoryWrapper()


]]></system-err>
</testsuite>
