<?xml version="1.0" encoding="UTF-8"?>
<testsuite name="kieker.test.common.junit.record.factory.RecordFactoryResolverTest" tests="3" skipped="0" failures="0" errors="0" timestamp="2019-04-21T07:38:04" hostname="icedsoul-PC" time="0.01">
  <properties/>
  <testcase name="testRecordWithFactory" classname="kieker.test.common.junit.record.factory.RecordFactoryResolverTest" time="0.005"/>
  <testcase name="testRecordWithoutFactory" classname="kieker.test.common.junit.record.factory.RecordFactoryResolverTest" time="0.002"/>
  <testcase name="testNotExistingRecord" classname="kieker.test.common.junit.record.factory.RecordFactoryResolverTest" time="0.002"/>
  <system-out><![CDATA[]]></system-out>
  <system-err><![CDATA[四月 21, 2019 3:38:04 下午 kieker.test.common.junit.AbstractKiekerTest initTestModulePrefix
信息: Prefix for test resources is ./
四月 21, 2019 3:38:04 下午 kieker.test.common.junit.AbstractKiekerTest printNameOfCurrentTest
信息: Executing test: kieker.test.common.junit.record.factory.RecordFactoryResolverTest.testRecordWithFactory()


四月 21, 2019 3:38:04 下午 kieker.test.common.junit.AbstractKiekerTest initTestModulePrefix
信息: Prefix for test resources is ./
四月 21, 2019 3:38:04 下午 kieker.test.common.junit.AbstractKiekerTest printNameOfCurrentTest
信息: Executing test: kieker.test.common.junit.record.factory.RecordFactoryResolverTest.testRecordWithoutFactory()


四月 21, 2019 3:38:04 下午 kieker.test.common.junit.AbstractKiekerTest initTestModulePrefix
信息: Prefix for test resources is ./
四月 21, 2019 3:38:04 下午 kieker.test.common.junit.AbstractKiekerTest printNameOfCurrentTest
信息: Executing test: kieker.test.common.junit.record.factory.RecordFactoryResolverTest.testNotExistingRecord()


]]></system-err>
</testsuite>
