<?xml version="1.0" encoding="UTF-8"?>
<testsuite name="kieker.test.common.junit.configuration.TestConfigurationPath" tests="1" skipped="0" failures="0" errors="0" timestamp="2019-04-21T07:38:04" hostname="icedsoul-PC" time="0.017">
  <properties/>
  <testcase name="testPath" classname="kieker.test.common.junit.configuration.TestConfigurationPath" time="0.017"/>
  <system-out><![CDATA[]]></system-out>
  <system-err><![CDATA[四月 21, 2019 3:38:04 下午 kieker.test.common.junit.AbstractKiekerTest initTestModulePrefix
信息: Prefix for test resources is ./
四月 21, 2019 3:38:04 下午 kieker.test.common.junit.AbstractKiekerTest printNameOfCurrentTest
信息: Executing test: kieker.test.common.junit.configuration.TestConfigurationPath.testPath()


]]></system-err>
</testsuite>
