<?xml version="1.0" encoding="UTF-8"?>
<testsuite name="kieker.test.common.util.dataformat.VariableLengthEncodingTest" tests="8" skipped="0" failures="0" errors="0" timestamp="2019-04-21T07:38:04" hostname="icedsoul-PC" time="0.005">
  <properties/>
  <testcase name="testDecodeNegativeInteger" classname="kieker.test.common.util.dataformat.VariableLengthEncodingTest" time="0.002"/>
  <testcase name="testDecodeOneByteInteger" classname="kieker.test.common.util.dataformat.VariableLengthEncodingTest" time="0.0"/>
  <testcase name="testEncodeNegativeInteger" classname="kieker.test.common.util.dataformat.VariableLengthEncodingTest" time="0.001"/>
  <testcase name="testDecodeMaxInteger" classname="kieker.test.common.util.dataformat.VariableLengthEncodingTest" time="0.0"/>
  <testcase name="testEncodeOneByteInteger" classname="kieker.test.common.util.dataformat.VariableLengthEncodingTest" time="0.0"/>
  <testcase name="testEncodeMaxInteger" classname="kieker.test.common.util.dataformat.VariableLengthEncodingTest" time="0.0"/>
  <testcase name="testEncodeMultiByteInteger" classname="kieker.test.common.util.dataformat.VariableLengthEncodingTest" time="0.0"/>
  <testcase name="testDecodeMultiByteInteger" classname="kieker.test.common.util.dataformat.VariableLengthEncodingTest" time="0.0"/>
  <system-out><![CDATA[]]></system-out>
  <system-err><![CDATA[]]></system-err>
</testsuite>
