<?xml version="1.0" encoding="UTF-8"?>
<testsuite name="kieker.test.tools.junit.loggingTimestampConverter.LoggingTimestampConverterToolTest" tests="2" skipped="0" failures="0" errors="0" timestamp="2019-04-28T08:03:50" hostname="icedsoul-PC" time="0.019">
  <properties/>
  <testcase name="testMultipleTimestamps" classname="kieker.test.tools.junit.loggingTimestampConverter.LoggingTimestampConverterToolTest" time="0.017"/>
  <testcase name="testSingleTimestamp" classname="kieker.test.tools.junit.loggingTimestampConverter.LoggingTimestampConverterToolTest" time="0.002"/>
  <system-out><![CDATA[]]></system-out>
  <system-err><![CDATA[四月 28, 2019 4:03:50 下午 kieker.test.common.junit.AbstractKiekerTest initTestModulePrefix
信息: Prefix for test resources is ./
四月 28, 2019 4:03:50 下午 kieker.test.common.junit.AbstractKiekerTest printNameOfCurrentTest
信息: Executing test: kieker.test.tools.junit.loggingTimestampConverter.LoggingTimestampConverterToolTest.testMultipleTimestamps()


四月 28, 2019 4:03:50 下午 kieker.tools.util.ToolsUtil loadLogger
警告: Could not load verbose/debug logger
四月 28, 2019 4:03:50 下午 kieker.tools.AbstractCommandLineTool start
信息: See 'kieker.log' for details
四月 28, 2019 4:03:50 下午 kieker.test.common.junit.AbstractKiekerTest initTestModulePrefix
信息: Prefix for test resources is ./
四月 28, 2019 4:03:50 下午 kieker.test.common.junit.AbstractKiekerTest printNameOfCurrentTest
信息: Executing test: kieker.test.tools.junit.loggingTimestampConverter.LoggingTimestampConverterToolTest.testSingleTimestamp()


四月 28, 2019 4:03:50 下午 kieker.tools.util.ToolsUtil loadLogger
警告: Could not load verbose/debug logger
四月 28, 2019 4:03:50 下午 kieker.tools.AbstractCommandLineTool start
信息: See 'kieker.log' for details
]]></system-err>
</testsuite>
