<?xml version="1.0" encoding="UTF-8"?>
<testsuite name="kieker.test.tools.junit.writeRead.tcp.SingleSocketTcpWriterReaderTest" tests="1" skipped="0" failures="0" errors="0" timestamp="2019-04-28T08:03:36" hostname="icedsoul-PC" time="2.009">
  <properties/>
  <testcase name="testSimpleLog" classname="kieker.test.tools.junit.writeRead.tcp.SingleSocketTcpWriterReaderTest" time="2.009"/>
  <system-out><![CDATA[]]></system-out>
  <system-err><![CDATA[四月 28, 2019 4:03:36 下午 kieker.test.common.junit.AbstractKiekerTest initTestModulePrefix
信息: Prefix for test resources is ./
四月 28, 2019 4:03:36 下午 kieker.test.common.junit.AbstractKiekerTest printNameOfCurrentTest
信息: Executing test: kieker.test.tools.junit.writeRead.tcp.SingleSocketTcpWriterReaderTest.testSimpleLog()


四月 28, 2019 4:03:37 下午 kieker.monitoring.core.controller.StateController enableMonitoring
信息: Enabling monitoring
四月 28, 2019 4:03:37 下午 kieker.monitoring.core.controller.MonitoringController createInstance
信息: Current State of kieker.monitoring (1.13) Status: 'enabled'
	Name: 'KIEKER'; Hostname: 'icedsoul-PC'; experimentID: '1'
JMXController: JMX disabled
TimeSource: 'kieker.monitoring.timer.SystemNanoTimer'
	Time in nanoseconds (with nanoseconds precision) since Thu Jan 01 08:00:00 CST 1970'
ProbeController: disabled
WriterController:
	Queue type: org.jctools.queues.MpscArrayQueue
	Queue capacity: 10000
	Insert behavior (a.k.a. QueueFullBehavior): class kieker.monitoring.queue.behavior.BlockOnFailedInsertBehavior
		numBlocked: 0
Writer: 'kieker.monitoring.writer.tcp.SingleSocketTcpWriter'
	Configuration:
		kieker.monitoring.writer.tcp.SingleSocketTcpWriter.port='10333'
		kieker.monitoring.writer.tcp.SingleSocketTcpWriter.bufferSize='65535'
		kieker.monitoring.writer.tcp.SingleSocketTcpWriter.hostname='localhost'
		kieker.monitoring.writer.tcp.SingleSocketTcpWriter.flush='false'

	Automatic assignment of logging timestamps: 'true'
Sampling Controller: Periodic Sensor available: Poolsize: '0'; Scheduled Tasks: '0'
四月 28, 2019 4:03:38 下午 kieker.monitoring.core.controller.MonitoringController terminateMonitoring
信息: Terminating monitoring...
四月 28, 2019 4:03:38 下午 kieker.monitoring.core.controller.MonitoringController cleanup
信息: Shutting down Monitoring Controller (KIEKER)
四月 28, 2019 4:03:38 下午 kieker.analysis.AnalysisController handleKiekerMetadataRecord
信息: Kieker metadata: version='1.13', controllerName='KIEKER', hostname='icedsoul-PC', experimentId='1', debugMode='false', timeOffset='0', timeUnit='NANOSECONDS', numberOfRecords='0'
四月 28, 2019 4:03:38 下午 kieker.analysis.AnalysisController terminate
信息: Terminating analysis.
四月 28, 2019 4:03:38 下午 kieker.analysis.plugin.reader.tcp.SingleSocketTcpReader (SingleSocketTcpReader-11) terminate
信息: Shutdown of TCPReader requested.
四月 28, 2019 4:03:38 下午 kieker.monitoring.core.controller.MonitoringController terminateMonitoring
信息: Terminating monitoring...
]]></system-err>
</testsuite>
