<?xml version="1.0" encoding="UTF-8"?>
<testsuite name="kieker.test.tools.junit.traceAnalysis.filter.traceFilter.TestTraceEquivalenceFilterAssemblyEquivalence" tests="1" skipped="0" failures="0" errors="0" timestamp="2019-04-28T08:03:49" hostname="icedsoul-PC" time="0.001">
  <properties/>
  <testcase name="testEqualTrace" classname="kieker.test.tools.junit.traceAnalysis.filter.traceFilter.TestTraceEquivalenceFilterAssemblyEquivalence" time="0.001"/>
  <system-out><![CDATA[]]></system-out>
  <system-err><![CDATA[四月 28, 2019 4:03:49 下午 kieker.test.common.junit.AbstractKiekerTest initTestModulePrefix
信息: Prefix for test resources is ./
四月 28, 2019 4:03:49 下午 kieker.test.common.junit.AbstractKiekerTest printNameOfCurrentTest
信息: Executing test: kieker.test.tools.junit.traceAnalysis.filter.traceFilter.TestTraceEquivalenceFilterAssemblyEquivalence.testEqualTrace()


]]></system-err>
</testsuite>
