<?xml version="1.0" encoding="UTF-8"?>
<testsuite name="kieker.test.tools.junit.opad.filter.TimeSeriesPointAggregatorTest" tests="4" skipped="0" failures="0" errors="0" timestamp="2019-04-28T08:03:52" hostname="icedsoul-PC" time="0.012">
  <properties/>
  <testcase name="testGlobalTimescope" classname="kieker.test.tools.junit.opad.filter.TimeSeriesPointAggregatorTest" time="0.002"/>
  <testcase name="testAggregatorOnly" classname="kieker.test.tools.junit.opad.filter.TimeSeriesPointAggregatorTest" time="0.003"/>
  <testcase name="testTimestampTimeUnitMilli" classname="kieker.test.tools.junit.opad.filter.TimeSeriesPointAggregatorTest" time="0.004"/>
  <testcase name="testTimestampTimeUnitNano" classname="kieker.test.tools.junit.opad.filter.TimeSeriesPointAggregatorTest" time="0.003"/>
  <system-out><![CDATA[]]></system-out>
  <system-err><![CDATA[四月 28, 2019 4:03:52 下午 kieker.test.common.junit.AbstractKiekerTest initTestModulePrefix
信息: Prefix for test resources is ./
四月 28, 2019 4:03:52 下午 kieker.test.common.junit.AbstractKiekerTest printNameOfCurrentTest
信息: Executing test: kieker.test.tools.junit.opad.filter.TimeSeriesPointAggregatorTest.testGlobalTimescope()


四月 28, 2019 4:03:52 下午 kieker.analysis.AnalysisController terminate
信息: Terminating analysis.
四月 28, 2019 4:03:52 下午 kieker.test.common.junit.AbstractKiekerTest initTestModulePrefix
信息: Prefix for test resources is ./
四月 28, 2019 4:03:52 下午 kieker.test.common.junit.AbstractKiekerTest printNameOfCurrentTest
信息: Executing test: kieker.test.tools.junit.opad.filter.TimeSeriesPointAggregatorTest.testAggregatorOnly()


四月 28, 2019 4:03:52 下午 kieker.analysis.AnalysisController terminate
信息: Terminating analysis.
四月 28, 2019 4:03:52 下午 kieker.test.common.junit.AbstractKiekerTest initTestModulePrefix
信息: Prefix for test resources is ./
四月 28, 2019 4:03:52 下午 kieker.test.common.junit.AbstractKiekerTest printNameOfCurrentTest
信息: Executing test: kieker.test.tools.junit.opad.filter.TimeSeriesPointAggregatorTest.testTimestampTimeUnitMilli()


四月 28, 2019 4:03:52 下午 kieker.analysis.AnalysisController terminate
信息: Terminating analysis.
四月 28, 2019 4:03:52 下午 kieker.test.common.junit.AbstractKiekerTest initTestModulePrefix
信息: Prefix for test resources is ./
四月 28, 2019 4:03:52 下午 kieker.test.common.junit.AbstractKiekerTest printNameOfCurrentTest
信息: Executing test: kieker.test.tools.junit.opad.filter.TimeSeriesPointAggregatorTest.testTimestampTimeUnitNano()


四月 28, 2019 4:03:52 下午 kieker.analysis.AnalysisController terminate
信息: Terminating analysis.
]]></system-err>
</testsuite>
