<?xml version="1.0" encoding="UTF-8"?>
<testsuite name="kieker.test.tools.junit.writeRead.filesystem.BinaryUnknownTypeTest" tests="2" skipped="0" failures="0" errors="0" timestamp="2019-04-28T08:03:49" hostname="icedsoul-PC" time="0.083">
  <properties/>
  <testcase name="testTerminateUponUnknownRecordType" classname="kieker.test.tools.junit.writeRead.filesystem.BinaryUnknownTypeTest" time="0.028"/>
  <testcase name="testIgnoreUnknownRecordType" classname="kieker.test.tools.junit.writeRead.filesystem.BinaryUnknownTypeTest" time="0.055"/>
  <system-out><![CDATA[]]></system-out>
  <system-err><![CDATA[四月 28, 2019 4:03:49 下午 kieker.common.logging.LogImplJUnit disableThrowable
信息: Logging kieker.common.exception.MonitoringRecordException only to DEBUG log level.
四月 28, 2019 4:03:49 下午 kieker.monitoring.core.controller.StateController enableMonitoring
信息: Enabling monitoring
四月 28, 2019 4:03:49 下午 kieker.monitoring.core.controller.MonitoringController createInstance
信息: Current State of kieker.monitoring (1.13) Status: 'enabled'
	Name: 'KIEKER'; Hostname: 'icedsoul-PC'; experimentID: '1'
JMXController: JMX disabled
TimeSource: 'kieker.monitoring.timer.SystemNanoTimer'
	Time in nanoseconds (with nanoseconds precision) since Thu Jan 01 08:00:00 CST 1970'
ProbeController: disabled
WriterController:
	Queue type: org.jctools.queues.MpscArrayQueue
	Queue capacity: 10000
	Insert behavior (a.k.a. QueueFullBehavior): class kieker.monitoring.queue.behavior.BlockOnFailedInsertBehavior
		numBlocked: 0
Writer: 'kieker.monitoring.writer.filesystem.BinaryFileWriter'
	Configuration:
		kieker.monitoring.writer.filesystem.BinaryFileWriter.maxLogSize='-1'
		kieker.monitoring.writer.filesystem.BinaryFileWriter.flush='false'
		kieker.monitoring.writer.filesystem.BinaryFileWriter.maxEntriesInFile='25000'
		kieker.monitoring.writer.filesystem.BinaryFileWriter.shouldCompress='false'
		kieker.monitoring.writer.filesystem.BinaryFileWriter.customStoragePath='/code/Github/kieker-1.13/kieker-tools/build/junit2706665733176098875'
		kieker.monitoring.writer.filesystem.BinaryFileWriter.flushMapfile='true'
		kieker.monitoring.writer.filesystem.BinaryFileWriter.maxLogFiles='-1'
		kieker.monitoring.writer.filesystem.BinaryFileWriter.bufferSize='8192'
	Internal properties:
		Log location: /code/Github/kieker-1.13/kieker-tools/build/junit2706665733176098875/kieker-20190428-080349-164470649256647-UTC--KIEKER

	Automatic assignment of logging timestamps: 'true'
Sampling Controller: Periodic Sensor available: Poolsize: '0'; Scheduled Tasks: '0'
四月 28, 2019 4:03:49 下午 kieker.monitoring.core.controller.MonitoringController terminateMonitoring
信息: Terminating monitoring...
四月 28, 2019 4:03:49 下午 kieker.monitoring.core.controller.MonitoringController cleanup
信息: Shutting down Monitoring Controller (KIEKER)
四月 28, 2019 4:03:49 下午 kieker.analysis.plugin.reader.filesystem.BinaryLogReaderThread run
信息: < Loading /code/Github/kieker-1.13/kieker-tools/build/junit2706665733176098875/kieker-20190428-080349-164470649256647-UTC--KIEKER/kieker-20190428-080349443-UTC-001.bin
四月 28, 2019 4:03:49 下午 kieker.analysis.AnalysisController handleKiekerMetadataRecord
信息: Kieker metadata: version='1.13', controllerName='KIEKER', hostname='icedsoul-PC', experimentId='1', debugMode='false', timeOffset='0', timeUnit='NANOSECONDS', numberOfRecords='0'
四月 28, 2019 4:03:49 下午 kieker.analysis.plugin.reader.filesystem.BinaryLogReaderThread onBufferReceived
严重: Failed to create: kieker.common.record.controlflow.BranchingRecordXYZ
kieker.common.exception.RecordInstantiationException: kieker.common.exception.MonitoringRecordException: Failed to get record type of name kieker.common.record.controlflow.BranchingRecordXYZ
	at kieker.common.record.factory.old.RecordFactoryWrapper.create(RecordFactoryWrapper.java:46)
	at kieker.common.record.factory.old.RecordFactoryWrapper.create(RecordFactoryWrapper.java:33)
	at kieker.analysis.plugin.reader.util.ByteBufferDeserializer.onBufferReceived(ByteBufferDeserializer.java:107)
	at kieker.analysis.plugin.reader.util.ByteBufferDeserializer.process(ByteBufferDeserializer.java:71)
	at kieker.analysis.plugin.reader.util.ByteBufferDeserializer.deserialize(ByteBufferDeserializer.java:62)
	at kieker.analysis.plugin.reader.filesystem.BinaryLogReaderThread.processNormalInputFile(BinaryLogReaderThread.java:170)
	at kieker.analysis.plugin.reader.filesystem.AbstractLogReaderThread.run(AbstractLogReaderThread.java:75)
Caused by: kieker.common.exception.MonitoringRecordException: Failed to get record type of name kieker.common.record.controlflow.BranchingRecordXYZ
	at kieker.common.record.AbstractMonitoringRecord.classForName(AbstractMonitoringRecord.java:345)
	at kieker.common.record.AbstractMonitoringRecord.createFromDeserializerChw(AbstractMonitoringRecord.java:499)
	at kieker.common.record.AbstractMonitoringRecord.createFromDeserializer(AbstractMonitoringRecord.java:482)
	at kieker.common.record.factory.old.RecordFactoryWrapper.create(RecordFactoryWrapper.java:44)
	... 6 more
Caused by: java.lang.ClassNotFoundException: kieker.common.record.controlflow.BranchingRecordXYZ
	at java.net.URLClassLoader.findClass(URLClassLoader.java:382)
	at java.lang.ClassLoader.loadClass(ClassLoader.java:424)
	at sun.misc.Launcher$AppClassLoader.loadClass(Launcher.java:349)
	at java.lang.ClassLoader.loadClass(ClassLoader.java:357)
	at java.lang.Class.forName0(Native Method)
	at java.lang.Class.forName(Class.java:264)
	at kieker.common.record.AbstractMonitoringRecord.classForName(AbstractMonitoringRecord.java:342)
	... 9 more

四月 28, 2019 4:03:49 下午 kieker.analysis.AnalysisController terminate
信息: Terminating analysis.
四月 28, 2019 4:03:49 下午 kieker.analysis.plugin.reader.filesystem.BinaryLogReader (BinaryLogReader-38) terminate
信息: Shutting down reader.
四月 28, 2019 4:03:49 下午 kieker.common.logging.LogImplJUnit reset
信息: Logging all messaged to default log level.
四月 28, 2019 4:03:49 下午 kieker.common.logging.LogImplJUnit disableThrowable
信息: Logging kieker.common.exception.MonitoringRecordException only to DEBUG log level.
四月 28, 2019 4:03:49 下午 kieker.monitoring.core.controller.StateController enableMonitoring
信息: Enabling monitoring
四月 28, 2019 4:03:49 下午 kieker.monitoring.core.controller.MonitoringController createInstance
信息: Current State of kieker.monitoring (1.13) Status: 'enabled'
	Name: 'KIEKER'; Hostname: 'icedsoul-PC'; experimentID: '1'
JMXController: JMX disabled
TimeSource: 'kieker.monitoring.timer.SystemNanoTimer'
	Time in nanoseconds (with nanoseconds precision) since Thu Jan 01 08:00:00 CST 1970'
ProbeController: disabled
WriterController:
	Queue type: org.jctools.queues.MpscArrayQueue
	Queue capacity: 10000
	Insert behavior (a.k.a. QueueFullBehavior): class kieker.monitoring.queue.behavior.BlockOnFailedInsertBehavior
		numBlocked: 0
Writer: 'kieker.monitoring.writer.filesystem.BinaryFileWriter'
	Configuration:
		kieker.monitoring.writer.filesystem.BinaryFileWriter.maxLogSize='-1'
		kieker.monitoring.writer.filesystem.BinaryFileWriter.flush='false'
		kieker.monitoring.writer.filesystem.BinaryFileWriter.maxEntriesInFile='25000'
		kieker.monitoring.writer.filesystem.BinaryFileWriter.shouldCompress='false'
		kieker.monitoring.writer.filesystem.BinaryFileWriter.customStoragePath='/code/Github/kieker-1.13/kieker-tools/build/junit6261171240447920433'
		kieker.monitoring.writer.filesystem.BinaryFileWriter.flushMapfile='true'
		kieker.monitoring.writer.filesystem.BinaryFileWriter.maxLogFiles='-1'
		kieker.monitoring.writer.filesystem.BinaryFileWriter.bufferSize='8192'
	Internal properties:
		Log location: /code/Github/kieker-1.13/kieker-tools/build/junit6261171240447920433/kieker-20190428-080349-164470678639923-UTC--KIEKER

	Automatic assignment of logging timestamps: 'true'
Sampling Controller: Periodic Sensor available: Poolsize: '0'; Scheduled Tasks: '0'
四月 28, 2019 4:03:49 下午 kieker.monitoring.core.controller.MonitoringController terminateMonitoring
信息: Terminating monitoring...
四月 28, 2019 4:03:49 下午 kieker.monitoring.core.controller.MonitoringController cleanup
信息: Shutting down Monitoring Controller (KIEKER)
四月 28, 2019 4:03:49 下午 kieker.analysis.plugin.reader.filesystem.BinaryLogReaderThread run
信息: < Loading /code/Github/kieker-1.13/kieker-tools/build/junit6261171240447920433/kieker-20190428-080349-164470678639923-UTC--KIEKER/kieker-20190428-080349472-UTC-001.bin
四月 28, 2019 4:03:49 下午 kieker.analysis.AnalysisController handleKiekerMetadataRecord
信息: Kieker metadata: version='1.13', controllerName='KIEKER', hostname='icedsoul-PC', experimentId='1', debugMode='false', timeOffset='0', timeUnit='NANOSECONDS', numberOfRecords='0'
四月 28, 2019 4:03:49 下午 kieker.analysis.plugin.reader.filesystem.BinaryLogReaderThread onBufferReceived
严重: Failed to create: kieker.common.record.controlflow.BranchingRecordXYZ
kieker.common.exception.RecordInstantiationException: kieker.common.exception.MonitoringRecordException: Failed to get record type of name kieker.common.record.controlflow.BranchingRecordXYZ
	at kieker.common.record.factory.old.RecordFactoryWrapper.create(RecordFactoryWrapper.java:46)
	at kieker.common.record.factory.old.RecordFactoryWrapper.create(RecordFactoryWrapper.java:33)
	at kieker.analysis.plugin.reader.util.ByteBufferDeserializer.onBufferReceived(ByteBufferDeserializer.java:107)
	at kieker.analysis.plugin.reader.util.ByteBufferDeserializer.process(ByteBufferDeserializer.java:71)
	at kieker.analysis.plugin.reader.util.ByteBufferDeserializer.deserialize(ByteBufferDeserializer.java:62)
	at kieker.analysis.plugin.reader.filesystem.BinaryLogReaderThread.processNormalInputFile(BinaryLogReaderThread.java:170)
	at kieker.analysis.plugin.reader.filesystem.AbstractLogReaderThread.run(AbstractLogReaderThread.java:75)
Caused by: kieker.common.exception.MonitoringRecordException: Failed to get record type of name kieker.common.record.controlflow.BranchingRecordXYZ
	at kieker.common.record.AbstractMonitoringRecord.classForName(AbstractMonitoringRecord.java:345)
	at kieker.common.record.AbstractMonitoringRecord.createFromDeserializerChw(AbstractMonitoringRecord.java:499)
	at kieker.common.record.AbstractMonitoringRecord.createFromDeserializer(AbstractMonitoringRecord.java:482)
	at kieker.common.record.factory.old.RecordFactoryWrapper.create(RecordFactoryWrapper.java:44)
	... 6 more
Caused by: java.lang.ClassNotFoundException: kieker.common.record.controlflow.BranchingRecordXYZ
	at java.net.URLClassLoader.findClass(URLClassLoader.java:382)
	at java.lang.ClassLoader.loadClass(ClassLoader.java:424)
	at sun.misc.Launcher$AppClassLoader.loadClass(Launcher.java:349)
	at java.lang.ClassLoader.loadClass(ClassLoader.java:357)
	at java.lang.Class.forName0(Native Method)
	at java.lang.Class.forName(Class.java:264)
	at kieker.common.record.AbstractMonitoringRecord.classForName(AbstractMonitoringRecord.java:342)
	... 9 more

四月 28, 2019 4:03:49 下午 kieker.analysis.AnalysisController terminate
信息: Terminating analysis.
四月 28, 2019 4:03:49 下午 kieker.analysis.plugin.reader.filesystem.BinaryLogReader (BinaryLogReader-40) terminate
信息: Shutting down reader.
四月 28, 2019 4:03:49 下午 kieker.common.logging.LogImplJUnit reset
信息: Logging all messaged to default log level.
]]></system-err>
</testsuite>
