<?xml version="1.0" encoding="UTF-8"?>
<testsuite name="kieker.test.tools.junit.tslib.forecast.MeanForecasterTest" tests="5" skipped="5" failures="0" errors="0" timestamp="2019-04-28T08:03:31" hostname="icedsoul-PC" time="0.007">
  <properties/>
  <testcase name="testForecastStartingIsAccordingToLastAppendSecondsTU" classname="kieker.test.tools.junit.tslib.forecast.MeanForecasterTest" time="0.001">
    <skipped/>
  </testcase>
  <testcase name="testUpperCalculationOneStep" classname="kieker.test.tools.junit.tslib.forecast.MeanForecasterTest" time="0.002">
    <skipped/>
  </testcase>
  <testcase name="testMeanCalculationOneStep" classname="kieker.test.tools.junit.tslib.forecast.MeanForecasterTest" time="0.002">
    <skipped/>
  </testcase>
  <testcase name="testLowerCalculationOneStep" classname="kieker.test.tools.junit.tslib.forecast.MeanForecasterTest" time="0.001">
    <skipped/>
  </testcase>
  <testcase name="testForecastStartingIsAccordingToLastAppend" classname="kieker.test.tools.junit.tslib.forecast.MeanForecasterTest" time="0.001">
    <skipped/>
  </testcase>
  <system-out><![CDATA[]]></system-out>
  <system-err><![CDATA[四月 28, 2019 4:03:31 下午 kieker.test.common.junit.AbstractKiekerTest initTestModulePrefix
信息: Prefix for test resources is ./
四月 28, 2019 4:03:31 下午 kieker.test.common.junit.AbstractKiekerTest printNameOfCurrentTest
信息: Executing test: kieker.test.tools.junit.tslib.forecast.MeanForecasterTest.testForecastStartingIsAccordingToLastAppendSecondsTU()


四月 28, 2019 4:03:31 下午 kieker.test.common.junit.AbstractKiekerTest initTestModulePrefix
信息: Prefix for test resources is ./
四月 28, 2019 4:03:31 下午 kieker.test.common.junit.AbstractKiekerTest printNameOfCurrentTest
信息: Executing test: kieker.test.tools.junit.tslib.forecast.MeanForecasterTest.testUpperCalculationOneStep()


四月 28, 2019 4:03:31 下午 kieker.test.common.junit.AbstractKiekerTest initTestModulePrefix
信息: Prefix for test resources is ./
四月 28, 2019 4:03:31 下午 kieker.test.common.junit.AbstractKiekerTest printNameOfCurrentTest
信息: Executing test: kieker.test.tools.junit.tslib.forecast.MeanForecasterTest.testMeanCalculationOneStep()


四月 28, 2019 4:03:31 下午 kieker.test.common.junit.AbstractKiekerTest initTestModulePrefix
信息: Prefix for test resources is ./
四月 28, 2019 4:03:31 下午 kieker.test.common.junit.AbstractKiekerTest printNameOfCurrentTest
信息: Executing test: kieker.test.tools.junit.tslib.forecast.MeanForecasterTest.testLowerCalculationOneStep()


四月 28, 2019 4:03:31 下午 kieker.test.common.junit.AbstractKiekerTest initTestModulePrefix
信息: Prefix for test resources is ./
四月 28, 2019 4:03:31 下午 kieker.test.common.junit.AbstractKiekerTest printNameOfCurrentTest
信息: Executing test: kieker.test.tools.junit.tslib.forecast.MeanForecasterTest.testForecastStartingIsAccordingToLastAppend()


]]></system-err>
</testsuite>
