<?xml version="1.0" encoding="UTF-8"?>
<testsuite name="kieker.test.tools.junit.writeRead.jms.BasicJMSWriterReaderTest" tests="2" skipped="0" failures="0" errors="0" timestamp="2019-04-28T08:03:46" hostname="icedsoul-PC" time="3.016">
  <properties/>
  <testcase name="testReadReturnsTrue" classname="kieker.test.tools.junit.writeRead.jms.BasicJMSWriterReaderTest" time="0.01"/>
  <testcase name="testSimpleLog" classname="kieker.test.tools.junit.writeRead.jms.BasicJMSWriterReaderTest" time="3.006"/>
  <system-out><![CDATA[]]></system-out>
  <system-err><![CDATA[四月 28, 2019 4:03:46 下午 kieker.test.common.junit.AbstractKiekerTest initTestModulePrefix
信息: Prefix for test resources is ./
四月 28, 2019 4:03:46 下午 kieker.test.common.junit.AbstractKiekerTest printNameOfCurrentTest
信息: Executing test: kieker.test.tools.junit.writeRead.jms.BasicJMSWriterReaderTest.testReadReturnsTrue()


四月 28, 2019 4:03:46 下午 kieker.analysis.plugin.reader.jms.JmsReader (JmsReader-19) terminate
信息: Shutdown of JmsReader requested.
四月 28, 2019 4:03:46 下午 kieker.analysis.plugin.reader.jms.JmsReader (JmsReader-19) read
信息: Listening to destination:kieker.test.tools.junit.writeRead.jms.FakeDestination@5e1aa1e3 at tcp://127.0.0.1:61616/ !
***


四月 28, 2019 4:03:46 下午 kieker.analysis.plugin.reader.jms.JmsReader (JmsReader-19) read
信息: JmsReader started and waits for incoming monitoring events!
四月 28, 2019 4:03:46 下午 kieker.analysis.plugin.reader.jms.JmsReader (JmsReader-19) read
信息: Woke up by shutdown
四月 28, 2019 4:03:46 下午 kieker.test.common.junit.AbstractKiekerTest initTestModulePrefix
信息: Prefix for test resources is ./
四月 28, 2019 4:03:46 下午 kieker.test.common.junit.AbstractKiekerTest printNameOfCurrentTest
信息: Executing test: kieker.test.tools.junit.writeRead.jms.BasicJMSWriterReaderTest.testSimpleLog()


四月 28, 2019 4:03:46 下午 kieker.monitoring.core.controller.StateController enableMonitoring
信息: Enabling monitoring
四月 28, 2019 4:03:46 下午 kieker.monitoring.core.controller.MonitoringController createInstance
信息: Current State of kieker.monitoring (1.13) Status: 'enabled'
	Name: 'KIEKER'; Hostname: 'icedsoul-PC'; experimentID: '1'
JMXController: JMX disabled
TimeSource: 'kieker.monitoring.timer.SystemNanoTimer'
	Time in nanoseconds (with nanoseconds precision) since Thu Jan 01 08:00:00 CST 1970'
ProbeController: disabled
WriterController:
	Queue type: org.jctools.queues.MpscArrayQueue
	Queue capacity: 10000
	Insert behavior (a.k.a. QueueFullBehavior): class kieker.monitoring.queue.behavior.BlockOnFailedInsertBehavior
		numBlocked: 0
Writer: 'kieker.monitoring.writer.jms.JmsWriter'
	Configuration:
		kieker.monitoring.writer.jms.JmsWriter.Topic='queue1'
		kieker.monitoring.writer.jms.JmsWriter.MessageTimeToLive='10000'
		kieker.monitoring.writer.jms.JmsWriter.FactoryLookupName='ConnectionFactory'
		kieker.monitoring.writer.jms.JmsWriter.ProviderUrl='tcp://127.0.0.1:61616/'
		kieker.monitoring.writer.jms.JmsWriter.ContextFactoryType='kieker.test.tools.junit.writeRead.jms.FakeInitialContextFactory'; Session: 'kieker.test.tools.junit.writeRead.jms.FakeSession@3764148b'; Connection: 'kieker.test.tools.junit.writeRead.jms.FakeConnection@7121a4e0'; MessageProducer: 'kieker.test.tools.junit.writeRead.jms.FakeMessageProducer@2d1895b8'

	Automatic assignment of logging timestamps: 'true'
Sampling Controller: Periodic Sensor available: Poolsize: '0'; Scheduled Tasks: '0'
四月 28, 2019 4:03:46 下午 kieker.analysis.plugin.reader.jms.JmsReader (JmsReader-19) onMessage
严重: deliverRecord returned false
四月 28, 2019 4:03:47 下午 kieker.analysis.plugin.reader.jms.JmsReader (JmsReader-20) read
信息: Listening to destination:kieker.test.tools.junit.writeRead.jms.FakeDestination@5db445ad at tcp://127.0.0.1:61616/ !
***


四月 28, 2019 4:03:47 下午 kieker.analysis.plugin.reader.jms.JmsReader (JmsReader-20) read
信息: JmsReader started and waits for incoming monitoring events!
四月 28, 2019 4:03:49 下午 kieker.monitoring.core.controller.StateController disableMonitoring
信息: Disabling monitoring
四月 28, 2019 4:03:49 下午 kieker.monitoring.core.controller.MonitoringController terminateMonitoring
信息: Terminating monitoring...
四月 28, 2019 4:03:49 下午 kieker.monitoring.core.controller.MonitoringController cleanup
信息: Shutting down Monitoring Controller (KIEKER)
]]></system-err>
</testsuite>
