<?xml version="1.0" encoding="UTF-8"?>
<testsuite name="kieker.test.tools.junit.bridge.TestTCPSingleServerConnector" tests="1" skipped="0" failures="0" errors="0" timestamp="2019-04-28T08:03:22" hostname="icedsoul-PC" time="0.097">
  <properties/>
  <testcase name="testTCPSingleServerConnector" classname="kieker.test.tools.junit.bridge.TestTCPSingleServerConnector" time="0.097"/>
  <system-out><![CDATA[]]></system-out>
  <system-err><![CDATA[四月 28, 2019 4:03:22 下午 kieker.test.common.junit.AbstractKiekerTest initTestModulePrefix
信息: Prefix for test resources is ./
四月 28, 2019 4:03:22 下午 kieker.test.common.junit.AbstractKiekerTest printNameOfCurrentTest
信息: Executing test: kieker.test.tools.junit.bridge.TestTCPSingleServerConnector.testTCPSingleServerConnector()


四月 28, 2019 4:03:22 下午 kieker.monitoring.core.configuration.ConfigurationFactory createSingletonConfiguration
信息: Loading properties from properties file in classpath: 'META-INF/kieker.monitoring.properties'
四月 28, 2019 4:03:22 下午 kieker.monitoring.core.configuration.ConfigurationFactory loadConfigurationFromResource
警告: File 'META-INF/kieker.monitoring.properties' not found in classpath
四月 28, 2019 4:03:22 下午 kieker.test.common.junit.AbstractKiekerTest initialize
信息: Initialize connector class kieker.tools.bridge.connector.tcp.TCPSingleServerConnector
四月 28, 2019 4:03:22 下午 kieker.test.common.junit.AbstractKiekerTest close
信息: Terminate connector class kieker.tools.bridge.connector.tcp.TCPSingleServerConnector
]]></system-err>
</testsuite>
