<?xml version="1.0" encoding="UTF-8"?>
<testsuite name="kieker.test.tools.junit.tslib.TimeSeriesTest" tests="5" skipped="0" failures="0" errors="0" timestamp="2019-04-28T08:03:31" hostname="icedsoul-PC" time="0.012">
  <properties/>
  <testcase name="testCapacityRestriction" classname="kieker.test.tools.junit.tslib.TimeSeriesTest" time="0.002"/>
  <testcase name="testTimeUnitPropagation" classname="kieker.test.tools.junit.tslib.TimeSeriesTest" time="0.002"/>
  <testcase name="testGettersAndAppendingValues" classname="kieker.test.tools.junit.tslib.TimeSeriesTest" time="0.004"/>
  <testcase name="testValueSort" classname="kieker.test.tools.junit.tslib.TimeSeriesTest" time="0.002"/>
  <testcase name="testKeepNewerValuesInCapacity" classname="kieker.test.tools.junit.tslib.TimeSeriesTest" time="0.001"/>
  <system-out><![CDATA[]]></system-out>
  <system-err><![CDATA[四月 28, 2019 4:03:31 下午 kieker.test.common.junit.AbstractKiekerTest initTestModulePrefix
信息: Prefix for test resources is ./
四月 28, 2019 4:03:31 下午 kieker.test.common.junit.AbstractKiekerTest printNameOfCurrentTest
信息: Executing test: kieker.test.tools.junit.tslib.TimeSeriesTest.testCapacityRestriction()


四月 28, 2019 4:03:31 下午 kieker.test.common.junit.AbstractKiekerTest initTestModulePrefix
信息: Prefix for test resources is ./
四月 28, 2019 4:03:31 下午 kieker.test.common.junit.AbstractKiekerTest printNameOfCurrentTest
信息: Executing test: kieker.test.tools.junit.tslib.TimeSeriesTest.testTimeUnitPropagation()


四月 28, 2019 4:03:31 下午 kieker.test.common.junit.AbstractKiekerTest initTestModulePrefix
信息: Prefix for test resources is ./
四月 28, 2019 4:03:31 下午 kieker.test.common.junit.AbstractKiekerTest printNameOfCurrentTest
信息: Executing test: kieker.test.tools.junit.tslib.TimeSeriesTest.testGettersAndAppendingValues()


四月 28, 2019 4:03:31 下午 kieker.test.common.junit.AbstractKiekerTest initTestModulePrefix
信息: Prefix for test resources is ./
四月 28, 2019 4:03:31 下午 kieker.test.common.junit.AbstractKiekerTest printNameOfCurrentTest
信息: Executing test: kieker.test.tools.junit.tslib.TimeSeriesTest.testValueSort()


四月 28, 2019 4:03:31 下午 kieker.test.common.junit.AbstractKiekerTest initTestModulePrefix
信息: Prefix for test resources is ./
四月 28, 2019 4:03:31 下午 kieker.test.common.junit.AbstractKiekerTest printNameOfCurrentTest
信息: Executing test: kieker.test.tools.junit.tslib.TimeSeriesTest.testKeepNewerValuesInCapacity()


]]></system-err>
</testsuite>
