<?xml version="1.0" encoding="UTF-8"?>
<testsuite name="kieker.test.tools.junit.opad.filter.RecordConverterTest" tests="3" skipped="0" failures="0" errors="0" timestamp="2019-04-28T08:03:57" hostname="icedsoul-PC" time="0.005">
  <properties/>
  <testcase name="testConversionIdentifier" classname="kieker.test.tools.junit.opad.filter.RecordConverterTest" time="0.002"/>
  <testcase name="testConversionLatency" classname="kieker.test.tools.junit.opad.filter.RecordConverterTest" time="0.001"/>
  <testcase name="testConversionTimestamp" classname="kieker.test.tools.junit.opad.filter.RecordConverterTest" time="0.001"/>
  <system-out><![CDATA[]]></system-out>
  <system-err><![CDATA[四月 28, 2019 4:03:57 下午 kieker.test.common.junit.AbstractKiekerTest initTestModulePrefix
信息: Prefix for test resources is ./
四月 28, 2019 4:03:57 下午 kieker.test.common.junit.AbstractKiekerTest printNameOfCurrentTest
信息: Executing test: kieker.test.tools.junit.opad.filter.RecordConverterTest.testConversionIdentifier()


四月 28, 2019 4:03:57 下午 kieker.analysis.AnalysisController terminate
信息: Terminating analysis.
四月 28, 2019 4:03:57 下午 kieker.test.common.junit.AbstractKiekerTest initTestModulePrefix
信息: Prefix for test resources is ./
四月 28, 2019 4:03:57 下午 kieker.test.common.junit.AbstractKiekerTest printNameOfCurrentTest
信息: Executing test: kieker.test.tools.junit.opad.filter.RecordConverterTest.testConversionLatency()


四月 28, 2019 4:03:57 下午 kieker.analysis.AnalysisController terminate
信息: Terminating analysis.
四月 28, 2019 4:03:57 下午 kieker.test.common.junit.AbstractKiekerTest initTestModulePrefix
信息: Prefix for test resources is ./
四月 28, 2019 4:03:57 下午 kieker.test.common.junit.AbstractKiekerTest printNameOfCurrentTest
信息: Executing test: kieker.test.tools.junit.opad.filter.RecordConverterTest.testConversionTimestamp()


四月 28, 2019 4:03:57 下午 kieker.analysis.AnalysisController terminate
信息: Terminating analysis.
]]></system-err>
</testsuite>
