<?xml version="1.0" encoding="UTF-8"?>
<testsuite name="kieker.test.tools.junit.writeRead.filesystem.BinaryWriterReaderTest" tests="2" skipped="0" failures="0" errors="0" timestamp="2019-04-28T08:03:49" hostname="icedsoul-PC" time="0.028">
  <properties/>
  <testcase name="testUncompressedBinaryCommunication" classname="kieker.test.tools.junit.writeRead.filesystem.BinaryWriterReaderTest" time="0.016"/>
  <testcase name="testCompressedBinaryCommunication" classname="kieker.test.tools.junit.writeRead.filesystem.BinaryWriterReaderTest" time="0.012"/>
  <system-out><![CDATA[]]></system-out>
  <system-err><![CDATA[四月 28, 2019 4:03:49 下午 kieker.monitoring.core.controller.StateController enableMonitoring
信息: Enabling monitoring
四月 28, 2019 4:03:49 下午 kieker.monitoring.core.controller.MonitoringController createInstance
信息: Current State of kieker.monitoring (1.13) Status: 'enabled'
	Name: 'KIEKER'; Hostname: 'icedsoul-PC'; experimentID: '1'
JMXController: JMX disabled
TimeSource: 'kieker.monitoring.timer.SystemNanoTimer'
	Time in nanoseconds (with nanoseconds precision) since Thu Jan 01 08:00:00 CST 1970'
ProbeController: disabled
WriterController:
	Queue type: org.jctools.queues.MpscArrayQueue
	Queue capacity: 10000
	Insert behavior (a.k.a. QueueFullBehavior): class kieker.monitoring.queue.behavior.BlockOnFailedInsertBehavior
		numBlocked: 0
Writer: 'kieker.monitoring.writer.filesystem.BinaryFileWriter'
	Configuration:
		kieker.monitoring.writer.filesystem.BinaryFileWriter.maxLogSize='-1'
		kieker.monitoring.writer.filesystem.BinaryFileWriter.flush='false'
		kieker.monitoring.writer.filesystem.BinaryFileWriter.maxEntriesInFile='25000'
		kieker.monitoring.writer.filesystem.BinaryFileWriter.shouldCompress='false'
		kieker.monitoring.writer.filesystem.BinaryFileWriter.customStoragePath='/code/Github/kieker-1.13/kieker-tools/build/junit3671498822869988245'
		kieker.monitoring.writer.filesystem.BinaryFileWriter.flushMapfile='true'
		kieker.monitoring.writer.filesystem.BinaryFileWriter.maxLogFiles='-1'
		kieker.monitoring.writer.filesystem.BinaryFileWriter.bufferSize='8192'
	Internal properties:
		Log location: /code/Github/kieker-1.13/kieker-tools/build/junit3671498822869988245/kieker-20190428-080349-164470523591804-UTC--KIEKER

	Automatic assignment of logging timestamps: 'true'
Sampling Controller: Periodic Sensor available: Poolsize: '0'; Scheduled Tasks: '0'
四月 28, 2019 4:03:49 下午 kieker.monitoring.core.controller.MonitoringController terminateMonitoring
信息: Terminating monitoring...
四月 28, 2019 4:03:49 下午 kieker.monitoring.core.controller.MonitoringController cleanup
信息: Shutting down Monitoring Controller (KIEKER)
四月 28, 2019 4:03:49 下午 kieker.analysis.plugin.reader.filesystem.BinaryLogReaderThread run
信息: < Loading /code/Github/kieker-1.13/kieker-tools/build/junit3671498822869988245/kieker-20190428-080349-164470523591804-UTC--KIEKER/kieker-20190428-080349317-UTC-001.bin
四月 28, 2019 4:03:49 下午 kieker.analysis.AnalysisController handleKiekerMetadataRecord
信息: Kieker metadata: version='1.13', controllerName='KIEKER', hostname='icedsoul-PC', experimentId='1', debugMode='false', timeOffset='0', timeUnit='NANOSECONDS', numberOfRecords='0'
四月 28, 2019 4:03:49 下午 kieker.analysis.AnalysisController terminate
信息: Terminating analysis.
四月 28, 2019 4:03:49 下午 kieker.analysis.plugin.reader.filesystem.BinaryLogReader (BinaryLogReader-26) terminate
信息: Shutting down reader.
四月 28, 2019 4:03:49 下午 kieker.monitoring.core.controller.StateController enableMonitoring
信息: Enabling monitoring
四月 28, 2019 4:03:49 下午 kieker.monitoring.core.controller.MonitoringController createInstance
信息: Current State of kieker.monitoring (1.13) Status: 'enabled'
	Name: 'KIEKER'; Hostname: 'icedsoul-PC'; experimentID: '1'
JMXController: JMX disabled
TimeSource: 'kieker.monitoring.timer.SystemNanoTimer'
	Time in nanoseconds (with nanoseconds precision) since Thu Jan 01 08:00:00 CST 1970'
ProbeController: disabled
WriterController:
	Queue type: org.jctools.queues.MpscArrayQueue
	Queue capacity: 10000
	Insert behavior (a.k.a. QueueFullBehavior): class kieker.monitoring.queue.behavior.BlockOnFailedInsertBehavior
		numBlocked: 0
Writer: 'kieker.monitoring.writer.filesystem.BinaryFileWriter'
	Configuration:
		kieker.monitoring.writer.filesystem.BinaryFileWriter.maxLogSize='-1'
		kieker.monitoring.writer.filesystem.BinaryFileWriter.flush='false'
		kieker.monitoring.writer.filesystem.BinaryFileWriter.maxEntriesInFile='25000'
		kieker.monitoring.writer.filesystem.BinaryFileWriter.shouldCompress='true'
		kieker.monitoring.writer.filesystem.BinaryFileWriter.customStoragePath='/code/Github/kieker-1.13/kieker-tools/build/junit3074044745516328045'
		kieker.monitoring.writer.filesystem.BinaryFileWriter.flushMapfile='true'
		kieker.monitoring.writer.filesystem.BinaryFileWriter.maxLogFiles='-1'
		kieker.monitoring.writer.filesystem.BinaryFileWriter.bufferSize='8192'
	Internal properties:
		Log location: /code/Github/kieker-1.13/kieker-tools/build/junit3074044745516328045/kieker-20190428-080349-164470538053891-UTC--KIEKER

	Automatic assignment of logging timestamps: 'true'
Sampling Controller: Periodic Sensor available: Poolsize: '0'; Scheduled Tasks: '0'
四月 28, 2019 4:03:49 下午 kieker.monitoring.core.controller.MonitoringController terminateMonitoring
信息: Terminating monitoring...
四月 28, 2019 4:03:49 下午 kieker.monitoring.core.controller.MonitoringController cleanup
信息: Shutting down Monitoring Controller (KIEKER)
四月 28, 2019 4:03:49 下午 kieker.analysis.plugin.reader.filesystem.BinaryLogReaderThread run
信息: < Loading /code/Github/kieker-1.13/kieker-tools/build/junit3074044745516328045/kieker-20190428-080349-164470538053891-UTC--KIEKER/kieker-20190428-080349330-UTC-001.zip
四月 28, 2019 4:03:49 下午 kieker.analysis.AnalysisController handleKiekerMetadataRecord
信息: Kieker metadata: version='1.13', controllerName='KIEKER', hostname='icedsoul-PC', experimentId='1', debugMode='false', timeOffset='0', timeUnit='NANOSECONDS', numberOfRecords='0'
四月 28, 2019 4:03:49 下午 kieker.analysis.AnalysisController terminate
信息: Terminating analysis.
四月 28, 2019 4:03:49 下午 kieker.analysis.plugin.reader.filesystem.BinaryLogReader (BinaryLogReader-28) terminate
信息: Shutting down reader.
]]></system-err>
</testsuite>
