<?xml version="1.0" encoding="UTF-8"?>
<testsuite name="kieker.test.tools.junit.rbridge.RBridgeTest" tests="2" skipped="2" failures="0" errors="0" timestamp="2019-04-28T08:03:31" hostname="icedsoul-PC" time="0.002">
  <properties/>
  <testcase name="testNullPointerEvaluationEvalWithR" classname="kieker.test.tools.junit.rbridge.RBridgeTest" time="0.001">
    <skipped/>
  </testcase>
  <testcase name="test" classname="kieker.test.tools.junit.rbridge.RBridgeTest" time="0.001">
    <skipped/>
  </testcase>
  <system-out><![CDATA[]]></system-out>
  <system-err><![CDATA[四月 28, 2019 4:03:31 下午 kieker.test.common.junit.AbstractKiekerTest initTestModulePrefix
信息: Prefix for test resources is ./
四月 28, 2019 4:03:31 下午 kieker.test.common.junit.AbstractKiekerTest printNameOfCurrentTest
信息: Executing test: kieker.test.tools.junit.rbridge.RBridgeTest.testNullPointerEvaluationEvalWithR()


四月 28, 2019 4:03:31 下午 kieker.test.common.junit.AbstractKiekerTest initTestModulePrefix
信息: Prefix for test resources is ./
四月 28, 2019 4:03:31 下午 kieker.test.common.junit.AbstractKiekerTest printNameOfCurrentTest
信息: Executing test: kieker.test.tools.junit.rbridge.RBridgeTest.test()


]]></system-err>
</testsuite>
