<?xml version="1.0" encoding="UTF-8"?>
<testsuite name="kieker.test.tools.junit.writeRead.filesystem.AsciiWriterReaderTest" tests="2" skipped="0" failures="0" errors="0" timestamp="2019-04-28T08:03:49" hostname="icedsoul-PC" time="0.019">
  <properties/>
  <testcase name="testCompressedAsciiCommunication" classname="kieker.test.tools.junit.writeRead.filesystem.AsciiWriterReaderTest" time="0.01"/>
  <testcase name="testUncompressedAsciiCommunication" classname="kieker.test.tools.junit.writeRead.filesystem.AsciiWriterReaderTest" time="0.009"/>
  <system-out><![CDATA[]]></system-out>
  <system-err><![CDATA[四月 28, 2019 4:03:49 下午 kieker.monitoring.core.controller.StateController enableMonitoring
信息: Enabling monitoring
四月 28, 2019 4:03:49 下午 kieker.monitoring.core.controller.MonitoringController createInstance
信息: Current State of kieker.monitoring (1.13) Status: 'enabled'
	Name: 'KIEKER'; Hostname: 'icedsoul-PC'; experimentID: '1'
JMXController: JMX disabled
TimeSource: 'kieker.monitoring.timer.SystemNanoTimer'
	Time in nanoseconds (with nanoseconds precision) since Thu Jan 01 08:00:00 CST 1970'
ProbeController: disabled
WriterController:
	Queue type: org.jctools.queues.MpscArrayQueue
	Queue capacity: 10000
	Insert behavior (a.k.a. QueueFullBehavior): class kieker.monitoring.queue.behavior.BlockOnFailedInsertBehavior
		numBlocked: 0
Writer: 'kieker.monitoring.writer.filesystem.AsciiFileWriter'
	Configuration:
		kieker.monitoring.writer.filesystem.AsciiFileWriter.customStoragePath='/code/Github/kieker-1.13/kieker-tools/build/junit2577112539583497305'
		kieker.monitoring.writer.filesystem.AsciiFileWriter.maxLogFiles='-1'
		kieker.monitoring.writer.filesystem.AsciiFileWriter.flush='false'
		kieker.monitoring.writer.filesystem.AsciiFileWriter.maxLogSize='-1'
		kieker.monitoring.writer.filesystem.AsciiFileWriter.flushMapfile='true'
		kieker.monitoring.writer.filesystem.AsciiFileWriter.maxEntriesInFile='25000'
		kieker.monitoring.writer.filesystem.AsciiFileWriter.shouldCompress='true'
	Internal properties:
		Log location: /code/Github/kieker-1.13/kieker-tools/build/junit2577112539583497305/kieker-20190428-080349-164470552242667-UTC--KIEKER

	Automatic assignment of logging timestamps: 'true'
Sampling Controller: Periodic Sensor available: Poolsize: '0'; Scheduled Tasks: '0'
四月 28, 2019 4:03:49 下午 kieker.monitoring.core.controller.MonitoringController terminateMonitoring
信息: Terminating monitoring...
四月 28, 2019 4:03:49 下午 kieker.monitoring.core.controller.MonitoringController cleanup
信息: Shutting down Monitoring Controller (KIEKER)
四月 28, 2019 4:03:49 下午 kieker.analysis.plugin.reader.filesystem.AsciiLogReaderThread run
信息: < Loading /code/Github/kieker-1.13/kieker-tools/build/junit2577112539583497305/kieker-20190428-080349-164470552242667-UTC--KIEKER/kieker-20190428-080349345-UTC-001.zip
四月 28, 2019 4:03:49 下午 kieker.analysis.AnalysisController handleKiekerMetadataRecord
信息: Kieker metadata: version='1.13', controllerName='KIEKER', hostname='icedsoul-PC', experimentId='1', debugMode='false', timeOffset='0', timeUnit='NANOSECONDS', numberOfRecords='0'
四月 28, 2019 4:03:49 下午 kieker.analysis.AnalysisController terminate
信息: Terminating analysis.
四月 28, 2019 4:03:49 下午 kieker.analysis.plugin.reader.filesystem.AsciiLogReader (AsciiLogReader-30) terminate
信息: Shutting down reader.
四月 28, 2019 4:03:49 下午 kieker.monitoring.core.controller.StateController enableMonitoring
信息: Enabling monitoring
四月 28, 2019 4:03:49 下午 kieker.monitoring.core.controller.MonitoringController createInstance
信息: Current State of kieker.monitoring (1.13) Status: 'enabled'
	Name: 'KIEKER'; Hostname: 'icedsoul-PC'; experimentID: '1'
JMXController: JMX disabled
TimeSource: 'kieker.monitoring.timer.SystemNanoTimer'
	Time in nanoseconds (with nanoseconds precision) since Thu Jan 01 08:00:00 CST 1970'
ProbeController: disabled
WriterController:
	Queue type: org.jctools.queues.MpscArrayQueue
	Queue capacity: 10000
	Insert behavior (a.k.a. QueueFullBehavior): class kieker.monitoring.queue.behavior.BlockOnFailedInsertBehavior
		numBlocked: 0
Writer: 'kieker.monitoring.writer.filesystem.AsciiFileWriter'
	Configuration:
		kieker.monitoring.writer.filesystem.AsciiFileWriter.customStoragePath='/code/Github/kieker-1.13/kieker-tools/build/junit8581024079399978738'
		kieker.monitoring.writer.filesystem.AsciiFileWriter.maxLogFiles='-1'
		kieker.monitoring.writer.filesystem.AsciiFileWriter.flush='false'
		kieker.monitoring.writer.filesystem.AsciiFileWriter.maxLogSize='-1'
		kieker.monitoring.writer.filesystem.AsciiFileWriter.flushMapfile='true'
		kieker.monitoring.writer.filesystem.AsciiFileWriter.maxEntriesInFile='25000'
		kieker.monitoring.writer.filesystem.AsciiFileWriter.shouldCompress='false'
	Internal properties:
		Log location: /code/Github/kieker-1.13/kieker-tools/build/junit8581024079399978738/kieker-20190428-080349-164470561615399-UTC--KIEKER

	Automatic assignment of logging timestamps: 'true'
Sampling Controller: Periodic Sensor available: Poolsize: '0'; Scheduled Tasks: '0'
四月 28, 2019 4:03:49 下午 kieker.monitoring.core.controller.MonitoringController terminateMonitoring
信息: Terminating monitoring...
四月 28, 2019 4:03:49 下午 kieker.monitoring.core.controller.MonitoringController cleanup
信息: Shutting down Monitoring Controller (KIEKER)
四月 28, 2019 4:03:49 下午 kieker.analysis.plugin.reader.filesystem.AsciiLogReaderThread run
信息: < Loading /code/Github/kieker-1.13/kieker-tools/build/junit8581024079399978738/kieker-20190428-080349-164470561615399-UTC--KIEKER/kieker-20190428-080349354-UTC-001.dat
四月 28, 2019 4:03:49 下午 kieker.analysis.AnalysisController handleKiekerMetadataRecord
信息: Kieker metadata: version='1.13', controllerName='KIEKER', hostname='icedsoul-PC', experimentId='1', debugMode='false', timeOffset='0', timeUnit='NANOSECONDS', numberOfRecords='0'
四月 28, 2019 4:03:49 下午 kieker.analysis.AnalysisController terminate
信息: Terminating analysis.
四月 28, 2019 4:03:49 下午 kieker.analysis.plugin.reader.filesystem.AsciiLogReader (AsciiLogReader-32) terminate
信息: Shutting down reader.
]]></system-err>
</testsuite>
