<?xml version="1.0" encoding="UTF-8"?>
<testsuite name="kieker.test.tools.junit.writeRead.printStream.BasicPrintStreamWriterTestFile" tests="1" skipped="0" failures="0" errors="0" timestamp="2019-04-28T08:03:42" hostname="icedsoul-PC" time="0.058">
  <properties/>
  <testcase name="logFileShouldContainEachRecord" classname="kieker.test.tools.junit.writeRead.printStream.BasicPrintStreamWriterTestFile" time="0.058"/>
  <system-out><![CDATA[]]></system-out>
  <system-err><![CDATA[四月 28, 2019 4:03:42 下午 kieker.monitoring.core.controller.StateController enableMonitoring
信息: Enabling monitoring
四月 28, 2019 4:03:42 下午 kieker.monitoring.core.controller.MonitoringController createInstance
信息: Current State of kieker.monitoring (1.13) Status: 'enabled'
	Name: 'KIEKER'; Hostname: 'icedsoul-PC'; experimentID: '1'
JMXController: JMX disabled
TimeSource: 'kieker.monitoring.timer.SystemNanoTimer'
	Time in nanoseconds (with nanoseconds precision) since Thu Jan 01 08:00:00 CST 1970'
ProbeController: disabled
WriterController:
	Queue type: org.jctools.queues.MpscArrayQueue
	Queue capacity: 10000
	Insert behavior (a.k.a. QueueFullBehavior): class kieker.monitoring.queue.behavior.BlockOnFailedInsertBehavior
		numBlocked: 0
Writer: 'kieker.monitoring.writer.print.PrintStreamWriter'
	Configuration:
		kieker.monitoring.writer.print.PrintStreamWriter.Stream='/code/Github/kieker-1.13/kieker-tools/build/junit4713923266804583324/S0fYvPsI.out'

	Automatic assignment of logging timestamps: 'true'
Sampling Controller: Periodic Sensor available: Poolsize: '0'; Scheduled Tasks: '0'
四月 28, 2019 4:03:42 下午 kieker.monitoring.core.controller.MonitoringController terminateMonitoring
信息: Terminating monitoring...
四月 28, 2019 4:03:42 下午 kieker.monitoring.core.controller.MonitoringController cleanup
信息: Shutting down Monitoring Controller (KIEKER)
四月 28, 2019 4:03:42 下午 kieker.monitoring.writer.print.PrintStreamWriter onTerminating
信息: kieker.monitoring.writer.print.PrintStreamWriter shutting down.
]]></system-err>
</testsuite>
