<?xml version="1.0" encoding="UTF-8"?>
<testsuite name="kieker.test.tools.junit.opad.filter.ExtractionFilterTest" tests="1" skipped="0" failures="0" errors="0" timestamp="2019-04-28T08:03:52" hostname="icedsoul-PC" time="2.004">
  <properties/>
  <testcase name="testResponsetimeOnly" classname="kieker.test.tools.junit.opad.filter.ExtractionFilterTest" time="2.004"/>
  <system-out><![CDATA[]]></system-out>
  <system-err><![CDATA[四月 28, 2019 4:03:52 下午 kieker.test.common.junit.AbstractKiekerTest initTestModulePrefix
信息: Prefix for test resources is ./
四月 28, 2019 4:03:52 下午 kieker.test.common.junit.AbstractKiekerTest printNameOfCurrentTest
信息: Executing test: kieker.test.tools.junit.opad.filter.ExtractionFilterTest.testResponsetimeOnly()


四月 28, 2019 4:03:52 下午 kieker.analysis.plugin.reader.list.ListReader (ListReader-225) read
信息: Awaiting termination latch to count down ...
四月 28, 2019 4:03:54 下午 kieker.analysis.AnalysisController terminate
信息: Terminating analysis.
四月 28, 2019 4:03:54 下午 kieker.analysis.plugin.reader.list.ListReader (ListReader-225) read
信息: Passed termination latch
]]></system-err>
</testsuite>
