<?xml version="1.0" encoding="UTF-8"?>
<testsuite name="kieker.test.tools.junit.writeRead.printStream.BasicPrintStreamWriterTestStdErr" tests="1" skipped="0" failures="0" errors="0" timestamp="2019-04-28T08:03:42" hostname="icedsoul-PC" time="1.005">
  <properties/>
  <testcase name="testSimpleLog" classname="kieker.test.tools.junit.writeRead.printStream.BasicPrintStreamWriterTestStdErr" time="1.005"/>
  <system-out><![CDATA[]]></system-out>
  <system-err><![CDATA[四月 28, 2019 4:03:42 下午 kieker.test.common.junit.AbstractKiekerTest initTestModulePrefix
信息: Prefix for test resources is ./
四月 28, 2019 4:03:42 下午 kieker.test.common.junit.AbstractKiekerTest printNameOfCurrentTest
信息: Executing test: kieker.test.tools.junit.writeRead.printStream.BasicPrintStreamWriterTestStdErr.testSimpleLog()


四月 28, 2019 4:03:42 下午 kieker.monitoring.core.controller.StateController enableMonitoring
信息: Enabling monitoring
KiekerMetadataRecord: 1556438622564428182;1.13;KIEKER;icedsoul-PC;1;false;0;NANOSECONDS;0
四月 28, 2019 4:03:42 下午 kieker.monitoring.core.controller.MonitoringController createInstance
信息: Current State of kieker.monitoring (1.13) Status: 'enabled'
	Name: 'KIEKER'; Hostname: 'icedsoul-PC'; experimentID: '1'
JMXController: JMX disabled
TimeSource: 'kieker.monitoring.timer.SystemNanoTimer'
	Time in nanoseconds (with nanoseconds precision) since Thu Jan 01 08:00:00 CST 1970'
ProbeController: disabled
WriterController:
	Queue type: org.jctools.queues.MpscArrayQueue
	Queue capacity: 10000
	Insert behavior (a.k.a. QueueFullBehavior): class kieker.monitoring.queue.behavior.BlockOnFailedInsertBehavior
		numBlocked: 0
Writer: 'kieker.monitoring.writer.print.PrintStreamWriter'
	Configuration:
		kieker.monitoring.writer.print.PrintStreamWriter.Stream='STDERR'

	Automatic assignment of logging timestamps: 'true'
Sampling Controller: Periodic Sensor available: Poolsize: '0'; Scheduled Tasks: '0'
BeforeOperationEvent: 1556438622565144840;0;0;0;public Book bookstore.Bookstore.searchBook(long);bookstore.Bookstore
CallOperationEvent: 1556438622565160054;1;0;1;public Book bookstore.Bookstore.searchBook(long);bookstore.Bookstore;private Book bookstore.Catalog.getBook(long);bookstore.Catalog
BeforeOperationEvent: 1556438622565163483;2;0;2;private Book bookstore.Catalog.getBook(long);bookstore.Catalog
AfterOperationEvent: 1556438622565165907;3;0;3;private Book bookstore.Catalog.getBook(long);bookstore.Catalog
CallOperationEvent: 1556438622565168498;4;0;4;public Book bookstore.Bookstore.searchBook(long);bookstore.Bookstore;private Order[] bookstore.CRM.getOrders(long);bookstore.CRM
CallOperationEvent: 1556438622565170852;6;0;5;private Order[] bookstore.CRM.getOrders(long);bookstore.CRM;private Book bookstore.Catalog.getBook(long);bookstore.Catalog
BeforeOperationEvent: 1556438622565173201;7;0;6;private Book bookstore.Catalog.getBook(long);bookstore.Catalog
AfterOperationEvent: 1556438622565178749;8;0;7;private Book bookstore.Catalog.getBook(long);bookstore.Catalog
AfterOperationEvent: 1556438622565181290;11;0;8;public Book bookstore.Bookstore.searchBook(long);bookstore.Bookstore
EmptyRecord: 1556438622565183774
四月 28, 2019 4:03:43 下午 kieker.monitoring.core.controller.MonitoringController terminateMonitoring
信息: Terminating monitoring...
四月 28, 2019 4:03:43 下午 kieker.monitoring.core.controller.MonitoringController cleanup
信息: Shutting down Monitoring Controller (KIEKER)
四月 28, 2019 4:03:43 下午 kieker.monitoring.writer.print.PrintStreamWriter onTerminating
信息: kieker.monitoring.writer.print.PrintStreamWriter shutting down.
]]></system-err>
</testsuite>
