<?xml version="1.0" encoding="UTF-8"?>
<testsuite name="kieker.monitoring.probe.aspectj.flow.operationExecution.AbstractAspectTest" tests="1" skipped="1" failures="0" errors="0" timestamp="2019-04-28T08:03:58" hostname="icedsoul-PC" time="0.0">
  <properties/>
  <testcase name="testMonitoring" classname="kieker.monitoring.probe.aspectj.flow.operationExecution.AbstractAspectTest" time="0.0">
    <skipped/>
  </testcase>
  <system-out><![CDATA[]]></system-out>
  <system-err><![CDATA[]]></system-err>
</testsuite>
