<?xml version="1.0" encoding="UTF-8"?>
<testsuite name="kieker.test.tools.junit.logReplayer.TestLogReplayer" tests="1" skipped="0" failures="0" errors="0" timestamp="2019-04-28T08:03:49" hostname="icedsoul-PC" time="0.19">
  <properties/>
  <testcase name="testIt" classname="kieker.test.tools.junit.logReplayer.TestLogReplayer" time="0.19"/>
  <system-out><![CDATA[]]></system-out>
  <system-err><![CDATA[四月 28, 2019 4:03:49 下午 kieker.test.common.junit.AbstractKiekerTest initTestModulePrefix
信息: Prefix for test resources is ./
四月 28, 2019 4:03:49 下午 kieker.test.common.junit.AbstractKiekerTest printNameOfCurrentTest
信息: Executing test: kieker.test.tools.junit.logReplayer.TestLogReplayer.testIt()


四月 28, 2019 4:03:49 下午 kieker.test.monitoring.util.NamedListWriter <init>
警告: No list name given as property. Falling back to the list with name 'VbDt0E7Aqv'
四月 28, 2019 4:03:49 下午 kieker.monitoring.core.controller.StateController enableMonitoring
信息: Enabling monitoring
四月 28, 2019 4:03:49 下午 kieker.monitoring.core.controller.MonitoringController createInstance
信息: Current State of kieker.monitoring (1.13) Status: 'enabled'
	Name: 'KIEKER'; Hostname: 'icedsoul-PC'; experimentID: '1'
JMXController: JMX disabled
TimeSource: 'kieker.monitoring.timer.SystemNanoTimer'
	Time in nanoseconds (with nanoseconds precision) since Thu Jan 01 08:00:00 CST 1970'
ProbeController: disabled
WriterController:
	Queue type: org.jctools.queues.MpscArrayQueue
	Queue capacity: 10000
	Insert behavior (a.k.a. QueueFullBehavior): class kieker.monitoring.queue.behavior.BlockOnFailedInsertBehavior
		numBlocked: 0
Writer: 'kieker.test.monitoring.util.NamedListWriter'
	Configuration:
		No Configuration

	Automatic assignment of logging timestamps: 'false'
Sampling Controller: Periodic Sensor available: Poolsize: '0'; Scheduled Tasks: '0'
四月 28, 2019 4:03:49 下午 kieker.analysis.AnalysisController terminate
信息: Terminating analysis.
四月 28, 2019 4:03:49 下午 kieker.monitoring.core.controller.MonitoringController terminateMonitoring
信息: Terminating monitoring...
四月 28, 2019 4:03:49 下午 kieker.monitoring.core.controller.MonitoringController cleanup
信息: Shutting down Monitoring Controller (KIEKER)
]]></system-err>
</testsuite>
