<?xml version="1.0" encoding="UTF-8"?>
<testsuite name="kieker.test.tools.junit.traceAnalysis.filter.traceReconstruction.TestTraceReconstructionFilter" tests="3" skipped="0" failures="0" errors="0" timestamp="2019-04-28T08:03:50" hostname="icedsoul-PC" time="0.021">
  <properties/>
  <testcase name="testValidBookstoreTracePassed" classname="kieker.test.tools.junit.traceAnalysis.filter.traceReconstruction.TestTraceReconstructionFilter" time="0.004"/>
  <testcase name="testBrokenBookstoreTracePassed" classname="kieker.test.tools.junit.traceAnalysis.filter.traceReconstruction.TestTraceReconstructionFilter" time="0.006"/>
  <testcase name="testIncompleteTraceDueToTimeout" classname="kieker.test.tools.junit.traceAnalysis.filter.traceReconstruction.TestTraceReconstructionFilter" time="0.011"/>
  <system-out><![CDATA[]]></system-out>
  <system-err><![CDATA[四月 28, 2019 4:03:50 下午 kieker.test.common.junit.AbstractKiekerTest initTestModulePrefix
信息: Prefix for test resources is ./
四月 28, 2019 4:03:50 下午 kieker.test.common.junit.AbstractKiekerTest printNameOfCurrentTest
信息: Executing test: kieker.test.tools.junit.traceAnalysis.filter.traceReconstruction.TestTraceReconstructionFilter.testValidBookstoreTracePassed()


四月 28, 2019 4:03:50 下午 kieker.analysis.AnalysisController terminate
信息: Terminating analysis.
四月 28, 2019 4:03:50 下午 kieker.test.common.junit.AbstractKiekerTest initTestModulePrefix
信息: Prefix for test resources is ./
四月 28, 2019 4:03:50 下午 kieker.test.common.junit.AbstractKiekerTest printNameOfCurrentTest
信息: Executing test: kieker.test.tools.junit.traceAnalysis.filter.traceReconstruction.TestTraceReconstructionFilter.testBrokenBookstoreTracePassed()


四月 28, 2019 4:03:50 下午 kieker.test.tools.junit.traceAnalysis.filter.traceReconstruction.TestTraceReconstructionFilter testBrokenBookstoreTracePassed
信息: This test triggers a FATAL warning about an ess skip <0,3> which can simply be ignored because it is desired
四月 28, 2019 4:03:50 下午 kieker.analysis.AnalysisController terminate
信息: Terminating analysis.
四月 28, 2019 4:03:50 下午 kieker.tools.traceAnalysis.filter.traceReconstruction.TraceReconstructionFilter (TraceReconstructionFilter-194) processExecutionTrace
严重: Failed to transform execution trace to message trace (ID: 62298). 
Reason: Ess are only allowed to increment by 1 --but found sequence <0,3>(Execution: 62298[1,3] 2000000-4000000 N/A::@1:Catalog.getBook Y2zm6CRc)
 Trace: TraceId 62298 (minTin=1000000 (Thu, 1 Jan 1970 00:00:00.001 +0000 (UTC)); maxTout=10000000 (Thu, 1 Jan 1970 00:00:00.010 +0000 (UTC)); maxEss=3):
<62298[0,0] 1000000-10000000 N/A::@1:Bookstore.searchBook Y2zm6CRc>
<62298[1,3] 2000000-4000000 N/A::@1:Catalog.getBook Y2zm6CRc>
<62298[2,1] 5000000-8000000 N/A::@3:CRM.getOrders Y2zm6CRc>
<62298[3,2] 6000000-7000000 N/A::@2:Catalog.getBook Y2zm6CRc>

四月 28, 2019 4:03:50 下午 kieker.test.common.junit.AbstractKiekerTest initTestModulePrefix
信息: Prefix for test resources is ./
四月 28, 2019 4:03:50 下午 kieker.test.common.junit.AbstractKiekerTest printNameOfCurrentTest
信息: Executing test: kieker.test.tools.junit.traceAnalysis.filter.traceReconstruction.TestTraceReconstructionFilter.testIncompleteTraceDueToTimeout()


四月 28, 2019 4:03:50 下午 kieker.test.tools.junit.traceAnalysis.filter.traceReconstruction.TestTraceReconstructionFilter testIncompleteTraceDueToTimeout
信息: Expecting (caught/logged) exception in TraceReconstructionFilter:
四月 28, 2019 4:03:50 下午 kieker.tools.traceAnalysis.filter.traceReconstruction.TraceReconstructionFilter (TraceReconstructionFilter-201) processExecutionTrace
严重: Failed to transform execution trace to message trace (ID: 62298). 
Reason: First execution must have ess 0 (found 1)
 Causing execution: 62298[1,1] 2000000-4000000 N/A::@2:Catalog.getBook Y2zm6CRc
 Trace: TraceId 62298 (minTin=2000000 (Thu, 1 Jan 1970 00:00:00.002 +0000 (UTC)); maxTout=8000000 (Thu, 1 Jan 1970 00:00:00.008 +0000 (UTC)); maxEss=2):
<62298[1,1] 2000000-4000000 N/A::@2:Catalog.getBook Y2zm6CRc>
<62298[2,1] 5000000-8000000 N/A::@3:CRM.getOrders Y2zm6CRc>
<62298[3,2] 6000000-7000000 N/A::@2:Catalog.getBook Y2zm6CRc>

四月 28, 2019 4:03:50 下午 kieker.analysis.AnalysisController terminate
信息: Terminating analysis.
]]></system-err>
</testsuite>
