<?xml version="1.0" encoding="UTF-8"?>
<testsuite name="kieker.test.tools.junit.writeRead.explorviz.BasicExplorVizExportWriterTest" tests="1" skipped="0" failures="0" errors="0" timestamp="2019-04-28T08:03:31" hostname="icedsoul-PC" time="0.159">
  <properties/>
  <testcase name="testExplorvizCommunication" classname="kieker.test.tools.junit.writeRead.explorviz.BasicExplorVizExportWriterTest" time="0.159"/>
  <system-out><![CDATA[]]></system-out>
  <system-err><![CDATA[四月 28, 2019 4:03:31 下午 kieker.test.tools.junit.writeRead.explorviz.ExplorVizReader (ExplorVizReader-1) read
信息: Listening on 0.0.0.0/0.0.0.0:10555
四月 28, 2019 4:03:31 下午 kieker.test.tools.junit.writeRead.explorviz.ExplorVizReader (ExplorVizReader-1) read
信息: Waiting for a (single) connection test...
四月 28, 2019 4:03:31 下午 kieker.test.tools.junit.writeRead.explorviz.ExplorVizReader (ExplorVizReader-1) read
信息: Waiting for the actual data connection...
四月 28, 2019 4:03:31 下午 kieker.monitoring.writer.explorviz.ExplorVizTcpWriter <init>
信息: Initialized socket channel for writing to 127.0.0.1:10555
四月 28, 2019 4:03:31 下午 kieker.monitoring.core.controller.StateController enableMonitoring
信息: Enabling monitoring
四月 28, 2019 4:03:31 下午 kieker.monitoring.core.configuration.ConfigurationFactory createSingletonConfiguration
信息: Loading properties from properties file in classpath: 'META-INF/kieker.monitoring.properties'
四月 28, 2019 4:03:31 下午 kieker.monitoring.core.configuration.ConfigurationFactory loadConfigurationFromResource
警告: File 'META-INF/kieker.monitoring.properties' not found in classpath
四月 28, 2019 4:03:31 下午 kieker.monitoring.core.controller.MonitoringController createInstance
信息: Current State of kieker.monitoring (1.13) Status: 'enabled'
	Name: 'KIEKER'; Hostname: 'icedsoul-PC'; experimentID: '1'
JMXController: JMX disabled
TimeSource: 'kieker.monitoring.timer.SystemNanoTimer'
	Time in nanoseconds (with nanoseconds precision) since Thu Jan 01 08:00:00 CST 1970'
ProbeController: disabled
WriterController:
	Queue type: org.jctools.queues.MpscArrayQueue
	Queue capacity: 10000
	Insert behavior (a.k.a. QueueFullBehavior): class kieker.monitoring.queue.behavior.BlockOnFailedInsertBehavior
		numBlocked: 0
Writer: 'kieker.monitoring.writer.explorviz.ExplorVizTcpWriter'
	Configuration:
		kieker.monitoring.writer.explorviz.ExplorVizTcpWriter.bufferSize='65535'
		kieker.monitoring.writer.explorviz.ExplorVizTcpWriter.flush='false'
		kieker.monitoring.writer.explorviz.ExplorVizTcpWriter.hostname='127.0.0.1'
		kieker.monitoring.writer.explorviz.ExplorVizTcpWriter.port='10555'

	Automatic assignment of logging timestamps: 'true'
Sampling Controller: Periodic Sensor available: Poolsize: '0'; Scheduled Tasks: '0'
四月 28, 2019 4:03:31 下午 kieker.monitoring.core.controller.MonitoringController terminateMonitoring
信息: Terminating monitoring...
四月 28, 2019 4:03:31 下午 kieker.monitoring.core.controller.MonitoringController cleanup
信息: Shutting down Monitoring Controller (KIEKER)
四月 28, 2019 4:03:31 下午 kieker.monitoring.core.controller.StateController enableMonitoring
信息: Enabling monitoring
四月 28, 2019 4:03:31 下午 kieker.monitoring.core.controller.MonitoringController createInstance
信息: Current State of kieker.monitoring (1.13) Status: 'enabled'
	Name: 'KIEKER-SINGLETON'; Hostname: 'icedsoul-PC'; experimentID: '1'
JMXController: JMX disabled
TimeSource: 'kieker.monitoring.timer.SystemNanoTimer'
	Time in nanoseconds (with nanoseconds precision) since Thu Jan 01 08:00:00 CST 1970'
ProbeController: disabled
WriterController:
	Queue type: org.jctools.queues.MpscArrayQueue
	Queue capacity: 10000
	Insert behavior (a.k.a. QueueFullBehavior): class kieker.monitoring.queue.behavior.BlockOnFailedInsertBehavior
		numBlocked: 0
Writer: 'kieker.monitoring.writer.filesystem.AsciiFileWriter'
	Configuration:
		kieker.monitoring.writer.filesystem.AsciiFileWriter.customStoragePath=''
		kieker.monitoring.writer.filesystem.AsciiFileWriter.maxLogFiles='-1'
		kieker.monitoring.writer.filesystem.AsciiFileWriter.flush='false'
		kieker.monitoring.writer.filesystem.AsciiFileWriter.maxLogSize='-1'
		kieker.monitoring.writer.filesystem.AsciiFileWriter.flushMapfile='true'
		kieker.monitoring.writer.filesystem.AsciiFileWriter.maxEntriesInFile='25000'
		kieker.monitoring.writer.filesystem.AsciiFileWriter.shouldCompress='false'
	Internal properties:
		Log location: /code/Github/kieker-1.13/kieker-tools/build/kieker-20190428-080331-164452518071268-UTC--KIEKER-SINGLETON

	Automatic assignment of logging timestamps: 'true'
Sampling Controller: Periodic Sensor available: Poolsize: '0'; Scheduled Tasks: '0'
四月 28, 2019 4:03:31 下午 kieker.analysis.AnalysisController terminate
信息: Terminating analysis.
]]></system-err>
</testsuite>
