<?xml version="1.0" encoding="UTF-8"?>
<testsuite name="kieker.test.tools.junit.traceAnalysis.systemModel.TestExecutionTraceBookstore" tests="10" skipped="0" failures="0" errors="0" timestamp="2019-04-28T08:03:49" hostname="icedsoul-PC" time="0.023">
  <properties/>
  <testcase name="testMessageTraceTransformationBrokenTraceEoiSkip" classname="kieker.test.tools.junit.traceAnalysis.systemModel.TestExecutionTraceBookstore" time="0.009"/>
  <testcase name="testMessageTraceTransformationBrokenTraceEssSkip" classname="kieker.test.tools.junit.traceAnalysis.systemModel.TestExecutionTraceBookstore" time="0.001"/>
  <testcase name="testMessageTraceTransformationTwiceOnChange" classname="kieker.test.tools.junit.traceAnalysis.systemModel.TestExecutionTraceBookstore" time="0.001"/>
  <testcase name="testTreeSet" classname="kieker.test.tools.junit.traceAnalysis.systemModel.TestExecutionTraceBookstore" time="0.0"/>
  <testcase name="testEqualMethodDifferentTraces" classname="kieker.test.tools.junit.traceAnalysis.systemModel.TestExecutionTraceBookstore" time="0.001"/>
  <testcase name="testMessageTraceTransformationValidTrace" classname="kieker.test.tools.junit.traceAnalysis.systemModel.TestExecutionTraceBookstore" time="0.001"/>
  <testcase name="testValidExecutionTrace" classname="kieker.test.tools.junit.traceAnalysis.systemModel.TestExecutionTraceBookstore" time="0.001"/>
  <testcase name="testMessageTraceTransformationOnlyOnce" classname="kieker.test.tools.junit.traceAnalysis.systemModel.TestExecutionTraceBookstore" time="0.001"/>
  <testcase name="testExecutionTraceEqualMethod" classname="kieker.test.tools.junit.traceAnalysis.systemModel.TestExecutionTraceBookstore" time="0.005"/>
  <testcase name="testEqualMethodEqualTraces" classname="kieker.test.tools.junit.traceAnalysis.systemModel.TestExecutionTraceBookstore" time="0.001"/>
  <system-out><![CDATA[]]></system-out>
  <system-err><![CDATA[四月 28, 2019 4:03:49 下午 kieker.test.common.junit.AbstractKiekerTest initTestModulePrefix
信息: Prefix for test resources is ./
四月 28, 2019 4:03:49 下午 kieker.test.common.junit.AbstractKiekerTest printNameOfCurrentTest
信息: Executing test: kieker.test.tools.junit.traceAnalysis.systemModel.TestExecutionTraceBookstore.testMessageTraceTransformationBrokenTraceEoiSkip()


四月 28, 2019 4:03:49 下午 kieker.test.common.junit.AbstractKiekerTest initTestModulePrefix
信息: Prefix for test resources is ./
四月 28, 2019 4:03:49 下午 kieker.test.common.junit.AbstractKiekerTest printNameOfCurrentTest
信息: Executing test: kieker.test.tools.junit.traceAnalysis.systemModel.TestExecutionTraceBookstore.testMessageTraceTransformationBrokenTraceEssSkip()


四月 28, 2019 4:03:49 下午 kieker.test.common.junit.AbstractKiekerTest initTestModulePrefix
信息: Prefix for test resources is ./
四月 28, 2019 4:03:49 下午 kieker.test.common.junit.AbstractKiekerTest printNameOfCurrentTest
信息: Executing test: kieker.test.tools.junit.traceAnalysis.systemModel.TestExecutionTraceBookstore.testMessageTraceTransformationTwiceOnChange()


四月 28, 2019 4:03:49 下午 kieker.test.common.junit.AbstractKiekerTest initTestModulePrefix
信息: Prefix for test resources is ./
四月 28, 2019 4:03:49 下午 kieker.test.common.junit.AbstractKiekerTest printNameOfCurrentTest
信息: Executing test: kieker.test.tools.junit.traceAnalysis.systemModel.TestExecutionTraceBookstore.testTreeSet()


四月 28, 2019 4:03:49 下午 kieker.test.common.junit.AbstractKiekerTest initTestModulePrefix
信息: Prefix for test resources is ./
四月 28, 2019 4:03:49 下午 kieker.test.common.junit.AbstractKiekerTest printNameOfCurrentTest
信息: Executing test: kieker.test.tools.junit.traceAnalysis.systemModel.TestExecutionTraceBookstore.testEqualMethodDifferentTraces()


四月 28, 2019 4:03:49 下午 kieker.test.common.junit.AbstractKiekerTest initTestModulePrefix
信息: Prefix for test resources is ./
四月 28, 2019 4:03:49 下午 kieker.test.common.junit.AbstractKiekerTest printNameOfCurrentTest
信息: Executing test: kieker.test.tools.junit.traceAnalysis.systemModel.TestExecutionTraceBookstore.testMessageTraceTransformationValidTrace()


四月 28, 2019 4:03:49 下午 kieker.test.common.junit.AbstractKiekerTest initTestModulePrefix
信息: Prefix for test resources is ./
四月 28, 2019 4:03:49 下午 kieker.test.common.junit.AbstractKiekerTest printNameOfCurrentTest
信息: Executing test: kieker.test.tools.junit.traceAnalysis.systemModel.TestExecutionTraceBookstore.testValidExecutionTrace()


四月 28, 2019 4:03:49 下午 kieker.test.common.junit.AbstractKiekerTest initTestModulePrefix
信息: Prefix for test resources is ./
四月 28, 2019 4:03:49 下午 kieker.test.common.junit.AbstractKiekerTest printNameOfCurrentTest
信息: Executing test: kieker.test.tools.junit.traceAnalysis.systemModel.TestExecutionTraceBookstore.testMessageTraceTransformationOnlyOnce()


四月 28, 2019 4:03:49 下午 kieker.test.common.junit.AbstractKiekerTest initTestModulePrefix
信息: Prefix for test resources is ./
四月 28, 2019 4:03:49 下午 kieker.test.common.junit.AbstractKiekerTest printNameOfCurrentTest
信息: Executing test: kieker.test.tools.junit.traceAnalysis.systemModel.TestExecutionTraceBookstore.testExecutionTraceEqualMethod()


四月 28, 2019 4:03:49 下午 kieker.test.common.junit.AbstractKiekerTest initTestModulePrefix
信息: Prefix for test resources is ./
四月 28, 2019 4:03:49 下午 kieker.test.common.junit.AbstractKiekerTest printNameOfCurrentTest
信息: Executing test: kieker.test.tools.junit.traceAnalysis.systemModel.TestExecutionTraceBookstore.testEqualMethodEqualTraces()


]]></system-err>
</testsuite>
