<?xml version="1.0" encoding="UTF-8"?>
<testsuite name="kieker.test.tools.junit.bridge.TestJMSEmbeddedConnector" tests="1" skipped="1" failures="0" errors="0" timestamp="2019-04-28T08:03:31" hostname="icedsoul-PC" time="0.0">
  <properties/>
  <testcase name="testJMSEmbeddedConnector" classname="kieker.test.tools.junit.bridge.TestJMSEmbeddedConnector" time="0.0">
    <skipped/>
  </testcase>
  <system-out><![CDATA[]]></system-out>
  <system-err><![CDATA[]]></system-err>
</testsuite>
