<?xml version="1.0" encoding="UTF-8"?>
<testsuite name="kieker.test.tools.junit.writeRead.filesystem.AsciiUnknownTypeTest" tests="2" skipped="0" failures="0" errors="0" timestamp="2019-04-28T08:03:49" hostname="icedsoul-PC" time="0.075">
  <properties/>
  <testcase name="testTerminateUponUnknownRecordType" classname="kieker.test.tools.junit.writeRead.filesystem.AsciiUnknownTypeTest" time="0.049"/>
  <testcase name="testIgnoreUnknownRecordType" classname="kieker.test.tools.junit.writeRead.filesystem.AsciiUnknownTypeTest" time="0.026"/>
  <system-out><![CDATA[]]></system-out>
  <system-err><![CDATA[四月 28, 2019 4:03:49 下午 kieker.common.logging.LogImplJUnit disableThrowable
信息: Logging kieker.common.exception.MonitoringRecordException only to DEBUG log level.
四月 28, 2019 4:03:49 下午 kieker.monitoring.core.controller.StateController enableMonitoring
信息: Enabling monitoring
四月 28, 2019 4:03:49 下午 kieker.monitoring.core.controller.MonitoringController createInstance
信息: Current State of kieker.monitoring (1.13) Status: 'enabled'
	Name: 'KIEKER'; Hostname: 'icedsoul-PC'; experimentID: '1'
JMXController: JMX disabled
TimeSource: 'kieker.monitoring.timer.SystemNanoTimer'
	Time in nanoseconds (with nanoseconds precision) since Thu Jan 01 08:00:00 CST 1970'
ProbeController: disabled
WriterController:
	Queue type: org.jctools.queues.MpscArrayQueue
	Queue capacity: 10000
	Insert behavior (a.k.a. QueueFullBehavior): class kieker.monitoring.queue.behavior.BlockOnFailedInsertBehavior
		numBlocked: 0
Writer: 'kieker.monitoring.writer.filesystem.AsciiFileWriter'
	Configuration:
		kieker.monitoring.writer.filesystem.AsciiFileWriter.customStoragePath='/code/Github/kieker-1.13/kieker-tools/build/junit2731759414676890182'
		kieker.monitoring.writer.filesystem.AsciiFileWriter.maxLogFiles='-1'
		kieker.monitoring.writer.filesystem.AsciiFileWriter.flush='false'
		kieker.monitoring.writer.filesystem.AsciiFileWriter.maxLogSize='-1'
		kieker.monitoring.writer.filesystem.AsciiFileWriter.flushMapfile='true'
		kieker.monitoring.writer.filesystem.AsciiFileWriter.maxEntriesInFile='25000'
		kieker.monitoring.writer.filesystem.AsciiFileWriter.shouldCompress='false'
	Internal properties:
		Log location: /code/Github/kieker-1.13/kieker-tools/build/junit2731759414676890182/kieker-20190428-080349-164470573720134-UTC--KIEKER

	Automatic assignment of logging timestamps: 'true'
Sampling Controller: Periodic Sensor available: Poolsize: '0'; Scheduled Tasks: '0'
四月 28, 2019 4:03:49 下午 kieker.monitoring.core.controller.MonitoringController terminateMonitoring
信息: Terminating monitoring...
四月 28, 2019 4:03:49 下午 kieker.monitoring.core.controller.MonitoringController cleanup
信息: Shutting down Monitoring Controller (KIEKER)
四月 28, 2019 4:03:49 下午 kieker.analysis.plugin.reader.filesystem.AsciiLogReaderThread run
信息: < Loading /code/Github/kieker-1.13/kieker-tools/build/junit2731759414676890182/kieker-20190428-080349-164470573720134-UTC--KIEKER/kieker-20190428-080349370-UTC-001.dat
四月 28, 2019 4:03:49 下午 kieker.analysis.AnalysisController handleKiekerMetadataRecord
信息: Kieker metadata: version='1.13', controllerName='KIEKER', hostname='icedsoul-PC', experimentId='1', debugMode='false', timeOffset='0', timeUnit='NANOSECONDS', numberOfRecords='0'
四月 28, 2019 4:03:49 下午 kieker.analysis.plugin.reader.filesystem.AsciiLogReaderThread processNormalInputFile
严重: Error reading /code/Github/kieker-1.13/kieker-tools/build/junit2731759414676890182/kieker-20190428-080349-164470573720134-UTC--KIEKER/kieker-20190428-080349370-UTC-001.dat
java.io.IOException: Error processing line: $2;1556438629370617426;-1;-1;-1
	at kieker.analysis.plugin.reader.filesystem.AsciiLogReaderThread.processNormalInputFile(AsciiLogReaderThread.java:224)
	at kieker.analysis.plugin.reader.filesystem.AbstractLogReaderThread.run(AbstractLogReaderThread.java:75)
Caused by: kieker.common.exception.MonitoringRecordException: Failed to load record type kieker.common.record.controlflow.BranchingRecordXYZ
	at kieker.analysis.plugin.reader.filesystem.AsciiLogReaderThread.processNormalInputFile(AsciiLogReaderThread.java:198)
	... 1 more
Caused by: kieker.common.exception.MonitoringRecordException: Failed to get record type of name kieker.common.record.controlflow.BranchingRecordXYZ
	at kieker.common.record.AbstractMonitoringRecord.classForName(AbstractMonitoringRecord.java:345)
	at kieker.analysis.plugin.reader.filesystem.AsciiLogReaderThread.processNormalInputFile(AsciiLogReaderThread.java:192)
	... 1 more
Caused by: java.lang.ClassNotFoundException: kieker.common.record.controlflow.BranchingRecordXYZ
	at java.net.URLClassLoader.findClass(URLClassLoader.java:382)
	at java.lang.ClassLoader.loadClass(ClassLoader.java:424)
	at sun.misc.Launcher$AppClassLoader.loadClass(Launcher.java:349)
	at java.lang.ClassLoader.loadClass(ClassLoader.java:357)
	at java.lang.Class.forName0(Native Method)
	at java.lang.Class.forName(Class.java:264)
	at kieker.common.record.AbstractMonitoringRecord.classForName(AbstractMonitoringRecord.java:342)
	... 2 more

四月 28, 2019 4:03:49 下午 kieker.analysis.AnalysisController terminate
信息: Terminating analysis.
四月 28, 2019 4:03:49 下午 kieker.analysis.plugin.reader.filesystem.AsciiLogReader (AsciiLogReader-34) terminate
信息: Shutting down reader.
四月 28, 2019 4:03:49 下午 kieker.common.logging.LogImplJUnit reset
信息: Logging all messaged to default log level.
四月 28, 2019 4:03:49 下午 kieker.common.logging.LogImplJUnit disableThrowable
信息: Logging kieker.common.exception.MonitoringRecordException only to DEBUG log level.
四月 28, 2019 4:03:49 下午 kieker.monitoring.core.controller.StateController enableMonitoring
信息: Enabling monitoring
四月 28, 2019 4:03:49 下午 kieker.monitoring.core.controller.MonitoringController createInstance
信息: Current State of kieker.monitoring (1.13) Status: 'enabled'
	Name: 'KIEKER'; Hostname: 'icedsoul-PC'; experimentID: '1'
JMXController: JMX disabled
TimeSource: 'kieker.monitoring.timer.SystemNanoTimer'
	Time in nanoseconds (with nanoseconds precision) since Thu Jan 01 08:00:00 CST 1970'
ProbeController: disabled
WriterController:
	Queue type: org.jctools.queues.MpscArrayQueue
	Queue capacity: 10000
	Insert behavior (a.k.a. QueueFullBehavior): class kieker.monitoring.queue.behavior.BlockOnFailedInsertBehavior
		numBlocked: 0
Writer: 'kieker.monitoring.writer.filesystem.AsciiFileWriter'
	Configuration:
		kieker.monitoring.writer.filesystem.AsciiFileWriter.customStoragePath='/code/Github/kieker-1.13/kieker-tools/build/junit7784448552855487780'
		kieker.monitoring.writer.filesystem.AsciiFileWriter.maxLogFiles='-1'
		kieker.monitoring.writer.filesystem.AsciiFileWriter.flush='false'
		kieker.monitoring.writer.filesystem.AsciiFileWriter.maxLogSize='-1'
		kieker.monitoring.writer.filesystem.AsciiFileWriter.flushMapfile='true'
		kieker.monitoring.writer.filesystem.AsciiFileWriter.maxEntriesInFile='25000'
		kieker.monitoring.writer.filesystem.AsciiFileWriter.shouldCompress='false'
	Internal properties:
		Log location: /code/Github/kieker-1.13/kieker-tools/build/junit7784448552855487780/kieker-20190428-080349-164470623384882-UTC--KIEKER

	Automatic assignment of logging timestamps: 'true'
Sampling Controller: Periodic Sensor available: Poolsize: '0'; Scheduled Tasks: '0'
四月 28, 2019 4:03:49 下午 kieker.monitoring.core.controller.MonitoringController terminateMonitoring
信息: Terminating monitoring...
四月 28, 2019 4:03:49 下午 kieker.monitoring.core.controller.MonitoringController cleanup
信息: Shutting down Monitoring Controller (KIEKER)
四月 28, 2019 4:03:49 下午 kieker.analysis.plugin.reader.filesystem.AsciiLogReaderThread run
信息: < Loading /code/Github/kieker-1.13/kieker-tools/build/junit7784448552855487780/kieker-20190428-080349-164470623384882-UTC--KIEKER/kieker-20190428-080349418-UTC-001.dat
四月 28, 2019 4:03:49 下午 kieker.analysis.AnalysisController handleKiekerMetadataRecord
信息: Kieker metadata: version='1.13', controllerName='KIEKER', hostname='icedsoul-PC', experimentId='1', debugMode='false', timeOffset='0', timeUnit='NANOSECONDS', numberOfRecords='0'
四月 28, 2019 4:03:49 下午 kieker.analysis.AnalysisController terminate
信息: Terminating analysis.
四月 28, 2019 4:03:49 下午 kieker.analysis.plugin.reader.filesystem.AsciiLogReader (AsciiLogReader-36) terminate
信息: Shutting down reader.
四月 28, 2019 4:03:49 下午 kieker.common.logging.LogImplJUnit reset
信息: Logging all messaged to default log level.
]]></system-err>
</testsuite>
