<?xml version="1.0" encoding="UTF-8"?>
<testsuite name="kieker.test.tools.junit.bridge.TestTCPMultiServerConnector" tests="1" skipped="0" failures="0" errors="0" timestamp="2019-04-28T08:03:24" hostname="icedsoul-PC" time="7.06">
  <properties/>
  <testcase name="testTCPMultiServerConnector" classname="kieker.test.tools.junit.bridge.TestTCPMultiServerConnector" time="7.06"/>
  <system-out><![CDATA[]]></system-out>
  <system-err><![CDATA[四月 28, 2019 4:03:24 下午 kieker.test.common.junit.AbstractKiekerTest initTestModulePrefix
信息: Prefix for test resources is ./
四月 28, 2019 4:03:24 下午 kieker.test.common.junit.AbstractKiekerTest printNameOfCurrentTest
信息: Executing test: kieker.test.tools.junit.bridge.TestTCPMultiServerConnector.testTCPMultiServerConnector()


四月 28, 2019 4:03:24 下午 kieker.monitoring.core.configuration.ConfigurationFactory createSingletonConfiguration
信息: Loading properties from properties file in classpath: 'META-INF/kieker.monitoring.properties'
四月 28, 2019 4:03:24 下午 kieker.monitoring.core.configuration.ConfigurationFactory loadConfigurationFromResource
警告: File 'META-INF/kieker.monitoring.properties' not found in classpath
四月 28, 2019 4:03:24 下午 kieker.test.common.junit.AbstractKiekerTest initialize
信息: Initialize connector class kieker.tools.bridge.connector.tcp.TCPMultiServerConnector
四月 28, 2019 4:03:25 下午 kieker.tools.bridge.connector.tcp.TCPMultiServerConnectionRunnable run
信息: Listener 149 terminated at end of stream.
四月 28, 2019 4:03:25 下午 kieker.tools.bridge.connector.tcp.TCPMultiServerConnectionRunnable run
信息: Listener 148 terminated at end of stream.
四月 28, 2019 4:03:25 下午 kieker.tools.bridge.connector.tcp.TCPMultiServerConnectionRunnable run
信息: Listener 151 terminated at end of stream.
四月 28, 2019 4:03:25 下午 kieker.tools.bridge.connector.tcp.TCPMultiServerConnectionRunnable run
信息: Listener 147 terminated at end of stream.
四月 28, 2019 4:03:25 下午 kieker.tools.bridge.connector.tcp.TCPMultiServerConnectionRunnable run
信息: Listener 150 terminated at end of stream.
四月 28, 2019 4:03:26 下午 kieker.test.common.junit.AbstractKiekerTest close
信息: Terminate connector class kieker.tools.bridge.connector.tcp.TCPMultiServerConnector
]]></system-err>
</testsuite>
