<?xml version="1.0" encoding="UTF-8"?>
<testsuite name="kieker.test.tools.junit.tslib.forecast.ARIMA101ForecasterTest" tests="1" skipped="1" failures="0" errors="0" timestamp="2019-04-28T08:03:31" hostname="icedsoul-PC" time="0.002">
  <properties/>
  <testcase name="testARIMAPredictor" classname="kieker.test.tools.junit.tslib.forecast.ARIMA101ForecasterTest" time="0.002">
    <skipped/>
  </testcase>
  <system-out><![CDATA[]]></system-out>
  <system-err><![CDATA[四月 28, 2019 4:03:31 下午 kieker.test.common.junit.AbstractKiekerTest initTestModulePrefix
信息: Prefix for test resources is ./
四月 28, 2019 4:03:31 下午 kieker.test.common.junit.AbstractKiekerTest printNameOfCurrentTest
信息: Executing test: kieker.test.tools.junit.tslib.forecast.ARIMA101ForecasterTest.testARIMAPredictor()


]]></system-err>
</testsuite>
