<?xml version="1.0" encoding="UTF-8"?>
<testsuite name="kieker.test.tools.junit.traceAnalysis.filter.visualization.descriptions.DescriptionDecoratorFilterTest" tests="1" skipped="0" failures="0" errors="0" timestamp="2019-04-28T08:03:49" hostname="icedsoul-PC" time="0.002">
  <properties/>
  <testcase name="testDescriptionDecorator" classname="kieker.test.tools.junit.traceAnalysis.filter.visualization.descriptions.DescriptionDecoratorFilterTest" time="0.002"/>
  <system-out><![CDATA[]]></system-out>
  <system-err><![CDATA[四月 28, 2019 4:03:49 下午 kieker.test.tools.util.graph.GraphReceiverPlugin (GraphReceiverPlugin-124) <init>
警告:  is no valid list full behavior! Using 'ignore' instead.
四月 28, 2019 4:03:49 下午 kieker.test.common.junit.AbstractKiekerTest initTestModulePrefix
信息: Prefix for test resources is ./
四月 28, 2019 4:03:49 下午 kieker.test.common.junit.AbstractKiekerTest printNameOfCurrentTest
信息: Executing test: kieker.test.tools.junit.traceAnalysis.filter.visualization.descriptions.DescriptionDecoratorFilterTest.testDescriptionDecorator()


四月 28, 2019 4:03:49 下午 kieker.analysis.AnalysisController terminate
信息: Terminating analysis.
]]></system-err>
</testsuite>
