<?xml version="1.0" encoding="UTF-8"?>
<testsuite name="kieker.test.tools.junit.traceAnalysis.filter.traceWriter.BasicMessageTraceWriterFilterTest" tests="1" skipped="0" failures="0" errors="0" timestamp="2019-04-28T08:03:49" hostname="icedsoul-PC" time="0.02">
  <properties/>
  <testcase name="testIt" classname="kieker.test.tools.junit.traceAnalysis.filter.traceWriter.BasicMessageTraceWriterFilterTest" time="0.02"/>
  <system-out><![CDATA[]]></system-out>
  <system-err><![CDATA[四月 28, 2019 4:03:49 下午 kieker.test.common.junit.AbstractKiekerTest initTestModulePrefix
信息: Prefix for test resources is ./
四月 28, 2019 4:03:49 下午 kieker.test.common.junit.AbstractKiekerTest printNameOfCurrentTest
信息: Executing test: kieker.test.tools.junit.traceAnalysis.filter.traceWriter.BasicMessageTraceWriterFilterTest.testIt()


四月 28, 2019 4:03:49 下午 kieker.analysis.AnalysisController terminate
信息: Terminating analysis.
]]></system-err>
</testsuite>
