<?xml version="1.0" encoding="UTF-8"?>
<testsuite name="kieker.test.tools.junit.bridge.connector.http.HTTPConnectorTest" tests="7" skipped="0" failures="0" errors="0" timestamp="2019-04-28T08:03:22" hostname="icedsoul-PC" time="1.112">
  <properties/>
  <testcase name="testNonExistingClass" classname="kieker.test.tools.junit.bridge.connector.http.HTTPConnectorTest" time="0.683"/>
  <testcase name="testMalformedJSON" classname="kieker.test.tools.junit.bridge.connector.http.HTTPConnectorTest" time="0.07"/>
  <testcase name="testInsufficientValues" classname="kieker.test.tools.junit.bridge.connector.http.HTTPConnectorTest" time="0.07"/>
  <testcase name="testMissingClass" classname="kieker.test.tools.junit.bridge.connector.http.HTTPConnectorTest" time="0.07"/>
  <testcase name="testMissingValues" classname="kieker.test.tools.junit.bridge.connector.http.HTTPConnectorTest" time="0.08"/>
  <testcase name="testMissingTimestamp" classname="kieker.test.tools.junit.bridge.connector.http.HTTPConnectorTest" time="0.069"/>
  <testcase name="testValidRecord" classname="kieker.test.tools.junit.bridge.connector.http.HTTPConnectorTest" time="0.068"/>
  <system-out><![CDATA[]]></system-out>
  <system-err><![CDATA[四月 28, 2019 4:03:22 下午 kieker.test.common.junit.AbstractKiekerTest initTestModulePrefix
信息: Prefix for test resources is ./
四月 28, 2019 4:03:22 下午 kieker.test.common.junit.AbstractKiekerTest printNameOfCurrentTest
信息: Executing test: kieker.test.tools.junit.bridge.connector.http.HTTPConnectorTest.testNonExistingClass()


SLF4J: Failed to load class "org.slf4j.impl.StaticLoggerBinder".
SLF4J: Defaulting to no-operation (NOP) logger implementation
SLF4J: See http://www.slf4j.org/codes.html#StaticLoggerBinder for further details.
四月 28, 2019 4:03:23 下午 kieker.tools.bridge.connector.http.HTTPConnector$MonitoringReceiverServlet doPost
警告: Could not deserialize monitoring record
kieker.common.exception.MonitoringRecordException: Failed to get record type of name nonExistingClass
	at kieker.common.record.AbstractMonitoringRecord.classForName(AbstractMonitoringRecord.java:345)
	at kieker.tools.bridge.connector.http.HTTPConnector$MonitoringReceiverServlet.doPost(HTTPConnector.java:160)
	at javax.servlet.http.HttpServlet.service(HttpServlet.java:754)
	at javax.servlet.http.HttpServlet.service(HttpServlet.java:847)
	at org.eclipse.jetty.servlet.ServletHolder.handle(ServletHolder.java:684)
	at org.eclipse.jetty.servlet.ServletHandler.doHandle(ServletHandler.java:501)
	at org.eclipse.jetty.server.session.SessionHandler.doHandle(SessionHandler.java:229)
	at org.eclipse.jetty.server.handler.ContextHandler.doHandle(ContextHandler.java:1086)
	at org.eclipse.jetty.servlet.ServletHandler.doScope(ServletHandler.java:427)
	at org.eclipse.jetty.server.session.SessionHandler.doScope(SessionHandler.java:193)
	at org.eclipse.jetty.server.handler.ContextHandler.doScope(ContextHandler.java:1020)
	at org.eclipse.jetty.server.handler.ScopedHandler.handle(ScopedHandler.java:135)
	at org.eclipse.jetty.server.handler.HandlerWrapper.handle(HandlerWrapper.java:116)
	at org.eclipse.jetty.server.Server.handle(Server.java:370)
	at org.eclipse.jetty.server.AbstractHttpConnection.handleRequest(AbstractHttpConnection.java:494)
	at org.eclipse.jetty.server.AbstractHttpConnection.content(AbstractHttpConnection.java:984)
	at org.eclipse.jetty.server.AbstractHttpConnection$RequestHandler.content(AbstractHttpConnection.java:1045)
	at org.eclipse.jetty.http.HttpParser.parseNext(HttpParser.java:861)
	at org.eclipse.jetty.http.HttpParser.parseAvailable(HttpParser.java:236)
	at org.eclipse.jetty.server.AsyncHttpConnection.handle(AsyncHttpConnection.java:82)
	at org.eclipse.jetty.io.nio.SelectChannelEndPoint.handle(SelectChannelEndPoint.java:696)
	at org.eclipse.jetty.io.nio.SelectChannelEndPoint$1.run(SelectChannelEndPoint.java:53)
	at org.eclipse.jetty.util.thread.QueuedThreadPool.runJob(QueuedThreadPool.java:608)
	at org.eclipse.jetty.util.thread.QueuedThreadPool$3.run(QueuedThreadPool.java:543)
	at java.lang.Thread.run(Thread.java:748)
Caused by: java.lang.ClassNotFoundException: nonExistingClass
	at java.net.URLClassLoader.findClass(URLClassLoader.java:382)
	at java.lang.ClassLoader.loadClass(ClassLoader.java:424)
	at sun.misc.Launcher$AppClassLoader.loadClass(Launcher.java:349)
	at java.lang.ClassLoader.loadClass(ClassLoader.java:357)
	at java.lang.Class.forName0(Native Method)
	at java.lang.Class.forName(Class.java:264)
	at kieker.common.record.AbstractMonitoringRecord.classForName(AbstractMonitoringRecord.java:342)
	... 24 more

四月 28, 2019 4:03:23 下午 kieker.test.common.junit.AbstractKiekerTest initTestModulePrefix
信息: Prefix for test resources is ./
四月 28, 2019 4:03:23 下午 kieker.test.common.junit.AbstractKiekerTest printNameOfCurrentTest
信息: Executing test: kieker.test.tools.junit.bridge.connector.http.HTTPConnectorTest.testMalformedJSON()


四月 28, 2019 4:03:23 下午 kieker.tools.bridge.connector.http.HTTPConnector$MonitoringReceiverServlet doPost
警告: Invalid data received
java.lang.IllegalStateException: Expected one of ',}'
	at org.eclipse.jetty.util.ajax.JSON.seekTo(JSON.java:1273)
	at org.eclipse.jetty.util.ajax.JSON.parseObject(JSON.java:912)
	at org.eclipse.jetty.util.ajax.JSON.parse(JSON.java:842)
	at org.eclipse.jetty.util.ajax.JSON.parse(JSON.java:702)
	at org.eclipse.jetty.util.ajax.JSON.parse(JSON.java:194)
	at kieker.tools.bridge.connector.http.HTTPConnector$MonitoringReceiverServlet.doPost(HTTPConnector.java:143)
	at javax.servlet.http.HttpServlet.service(HttpServlet.java:754)
	at javax.servlet.http.HttpServlet.service(HttpServlet.java:847)
	at org.eclipse.jetty.servlet.ServletHolder.handle(ServletHolder.java:684)
	at org.eclipse.jetty.servlet.ServletHandler.doHandle(ServletHandler.java:501)
	at org.eclipse.jetty.server.session.SessionHandler.doHandle(SessionHandler.java:229)
	at org.eclipse.jetty.server.handler.ContextHandler.doHandle(ContextHandler.java:1086)
	at org.eclipse.jetty.servlet.ServletHandler.doScope(ServletHandler.java:427)
	at org.eclipse.jetty.server.session.SessionHandler.doScope(SessionHandler.java:193)
	at org.eclipse.jetty.server.handler.ContextHandler.doScope(ContextHandler.java:1020)
	at org.eclipse.jetty.server.handler.ScopedHandler.handle(ScopedHandler.java:135)
	at org.eclipse.jetty.server.handler.HandlerWrapper.handle(HandlerWrapper.java:116)
	at org.eclipse.jetty.server.Server.handle(Server.java:370)
	at org.eclipse.jetty.server.AbstractHttpConnection.handleRequest(AbstractHttpConnection.java:494)
	at org.eclipse.jetty.server.AbstractHttpConnection.content(AbstractHttpConnection.java:984)
	at org.eclipse.jetty.server.AbstractHttpConnection$RequestHandler.content(AbstractHttpConnection.java:1045)
	at org.eclipse.jetty.http.HttpParser.parseNext(HttpParser.java:861)
	at org.eclipse.jetty.http.HttpParser.parseAvailable(HttpParser.java:236)
	at org.eclipse.jetty.server.AsyncHttpConnection.handle(AsyncHttpConnection.java:82)
	at org.eclipse.jetty.io.nio.SelectChannelEndPoint.handle(SelectChannelEndPoint.java:696)
	at org.eclipse.jetty.io.nio.SelectChannelEndPoint$1.run(SelectChannelEndPoint.java:53)
	at org.eclipse.jetty.util.thread.QueuedThreadPool.runJob(QueuedThreadPool.java:608)
	at org.eclipse.jetty.util.thread.QueuedThreadPool$3.run(QueuedThreadPool.java:543)
	at java.lang.Thread.run(Thread.java:748)

四月 28, 2019 4:03:23 下午 kieker.test.common.junit.AbstractKiekerTest initTestModulePrefix
信息: Prefix for test resources is ./
四月 28, 2019 4:03:23 下午 kieker.test.common.junit.AbstractKiekerTest printNameOfCurrentTest
信息: Executing test: kieker.test.tools.junit.bridge.connector.http.HTTPConnectorTest.testInsufficientValues()


四月 28, 2019 4:03:23 下午 kieker.tools.bridge.connector.http.HTTPConnector$MonitoringReceiverServlet doPost
警告: Could not deserialize monitoring record
kieker.common.exception.MonitoringRecordException: Failed to instantiate new monitoring record of type kieker.common.record.jvm.UptimeRecord
	at kieker.common.record.AbstractMonitoringRecord.createFromStringArray(AbstractMonitoringRecord.java:470)
	at kieker.tools.bridge.connector.http.HTTPConnector$MonitoringReceiverServlet.doPost(HTTPConnector.java:162)
	at javax.servlet.http.HttpServlet.service(HttpServlet.java:754)
	at javax.servlet.http.HttpServlet.service(HttpServlet.java:847)
	at org.eclipse.jetty.servlet.ServletHolder.handle(ServletHolder.java:684)
	at org.eclipse.jetty.servlet.ServletHandler.doHandle(ServletHandler.java:501)
	at org.eclipse.jetty.server.session.SessionHandler.doHandle(SessionHandler.java:229)
	at org.eclipse.jetty.server.handler.ContextHandler.doHandle(ContextHandler.java:1086)
	at org.eclipse.jetty.servlet.ServletHandler.doScope(ServletHandler.java:427)
	at org.eclipse.jetty.server.session.SessionHandler.doScope(SessionHandler.java:193)
	at org.eclipse.jetty.server.handler.ContextHandler.doScope(ContextHandler.java:1020)
	at org.eclipse.jetty.server.handler.ScopedHandler.handle(ScopedHandler.java:135)
	at org.eclipse.jetty.server.handler.HandlerWrapper.handle(HandlerWrapper.java:116)
	at org.eclipse.jetty.server.Server.handle(Server.java:370)
	at org.eclipse.jetty.server.AbstractHttpConnection.handleRequest(AbstractHttpConnection.java:494)
	at org.eclipse.jetty.server.AbstractHttpConnection.content(AbstractHttpConnection.java:984)
	at org.eclipse.jetty.server.AbstractHttpConnection$RequestHandler.content(AbstractHttpConnection.java:1045)
	at org.eclipse.jetty.http.HttpParser.parseNext(HttpParser.java:861)
	at org.eclipse.jetty.http.HttpParser.parseAvailable(HttpParser.java:236)
	at org.eclipse.jetty.server.AsyncHttpConnection.handle(AsyncHttpConnection.java:82)
	at org.eclipse.jetty.io.nio.SelectChannelEndPoint.handle(SelectChannelEndPoint.java:696)
	at org.eclipse.jetty.io.nio.SelectChannelEndPoint$1.run(SelectChannelEndPoint.java:53)
	at org.eclipse.jetty.util.thread.QueuedThreadPool.runJob(QueuedThreadPool.java:608)
	at org.eclipse.jetty.util.thread.QueuedThreadPool$3.run(QueuedThreadPool.java:543)
	at java.lang.Thread.run(Thread.java:748)
Caused by: java.lang.IllegalArgumentException: Expected 4 record fields, but found 3
	at kieker.common.record.AbstractMonitoringRecord.fromStringArrayToTypedArray(AbstractMonitoringRecord.java:272)
	at kieker.common.record.AbstractMonitoringRecord.createFromStringArray(AbstractMonitoringRecord.java:458)
	... 24 more

四月 28, 2019 4:03:23 下午 kieker.test.common.junit.AbstractKiekerTest initTestModulePrefix
信息: Prefix for test resources is ./
四月 28, 2019 4:03:23 下午 kieker.test.common.junit.AbstractKiekerTest printNameOfCurrentTest
信息: Executing test: kieker.test.tools.junit.bridge.connector.http.HTTPConnectorTest.testMissingClass()


四月 28, 2019 4:03:23 下午 kieker.tools.bridge.connector.http.HTTPConnector$MonitoringReceiverServlet doPost
警告: Invalid data received
四月 28, 2019 4:03:23 下午 kieker.test.common.junit.AbstractKiekerTest initTestModulePrefix
信息: Prefix for test resources is ./
四月 28, 2019 4:03:23 下午 kieker.test.common.junit.AbstractKiekerTest printNameOfCurrentTest
信息: Executing test: kieker.test.tools.junit.bridge.connector.http.HTTPConnectorTest.testMissingValues()


四月 28, 2019 4:03:23 下午 kieker.tools.bridge.connector.http.HTTPConnector$MonitoringReceiverServlet doPost
警告: Invalid data received
四月 28, 2019 4:03:23 下午 kieker.test.common.junit.AbstractKiekerTest initTestModulePrefix
信息: Prefix for test resources is ./
四月 28, 2019 4:03:23 下午 kieker.test.common.junit.AbstractKiekerTest printNameOfCurrentTest
信息: Executing test: kieker.test.tools.junit.bridge.connector.http.HTTPConnectorTest.testMissingTimestamp()


四月 28, 2019 4:03:23 下午 kieker.tools.bridge.connector.http.HTTPConnector$MonitoringReceiverServlet doPost
警告: Invalid data received
四月 28, 2019 4:03:23 下午 kieker.test.common.junit.AbstractKiekerTest initTestModulePrefix
信息: Prefix for test resources is ./
四月 28, 2019 4:03:23 下午 kieker.test.common.junit.AbstractKiekerTest printNameOfCurrentTest
信息: Executing test: kieker.test.tools.junit.bridge.connector.http.HTTPConnectorTest.testValidRecord()


]]></system-err>
</testsuite>
