<?xml version="1.0" encoding="UTF-8"?>
<testsuite name="kieker.test.analysis.junit.plugin.reader.timer.TimeReaderTest" tests="5" skipped="0" failures="0" errors="0" timestamp="2019-04-21T07:36:15" hostname="icedsoul-PC" time="28.046">
  <properties/>
  <testcase name="testNonBlockingMode" classname="kieker.test.analysis.junit.plugin.reader.timer.TimeReaderTest" time="6.024"/>
  <testcase name="testConfigurationConservation" classname="kieker.test.analysis.junit.plugin.reader.timer.TimeReaderTest" time="0.003"/>
  <testcase name="testIntervalTimer" classname="kieker.test.analysis.junit.plugin.reader.timer.TimeReaderTest" time="5.009"/>
  <testcase name="testBlockingMode" classname="kieker.test.analysis.junit.plugin.reader.timer.TimeReaderTest" time="5.004"/>
  <testcase name="testNumberOfEmittedSignals" classname="kieker.test.analysis.junit.plugin.reader.timer.TimeReaderTest" time="12.005"/>
  <system-out><![CDATA[]]></system-out>
  <system-err><![CDATA[四月 21, 2019 3:36:15 下午 kieker.test.common.junit.AbstractKiekerTest initTestModulePrefix
信息: Prefix for test resources is ./
四月 21, 2019 3:36:15 下午 kieker.test.common.junit.AbstractKiekerTest printNameOfCurrentTest
信息: Executing test: kieker.test.analysis.junit.plugin.reader.timer.TimeReaderTest.testNonBlockingMode()


四月 21, 2019 3:36:15 下午 kieker.analysis.plugin.reader.timer.TimeReader (TimeReader-29) terminate
信息: Shutdown of TimeReader requested.
四月 21, 2019 3:36:15 下午 kieker.analysis.AnalysisController terminate
信息: Terminating analysis.
四月 21, 2019 3:36:21 下午 kieker.test.common.junit.AbstractKiekerTest initTestModulePrefix
信息: Prefix for test resources is ./
四月 21, 2019 3:36:21 下午 kieker.test.common.junit.AbstractKiekerTest printNameOfCurrentTest
信息: Executing test: kieker.test.analysis.junit.plugin.reader.timer.TimeReaderTest.testConfigurationConservation()


四月 21, 2019 3:36:21 下午 kieker.test.common.junit.AbstractKiekerTest initTestModulePrefix
信息: Prefix for test resources is ./
四月 21, 2019 3:36:21 下午 kieker.test.common.junit.AbstractKiekerTest printNameOfCurrentTest
信息: Executing test: kieker.test.analysis.junit.plugin.reader.timer.TimeReaderTest.testIntervalTimer()


四月 21, 2019 3:36:26 下午 kieker.analysis.AnalysisController terminate
信息: Terminating analysis.
四月 21, 2019 3:36:26 下午 kieker.analysis.plugin.reader.timer.TimeReader (TimeReader-31) terminate
信息: Shutdown of TimeReader requested.
四月 21, 2019 3:36:26 下午 kieker.analysis.plugin.reader.timer.TimeReader (TimeReader-31) terminate
信息: Shutdown of TimeReader requested.
四月 21, 2019 3:36:26 下午 kieker.test.common.junit.AbstractKiekerTest initTestModulePrefix
信息: Prefix for test resources is ./
四月 21, 2019 3:36:26 下午 kieker.test.common.junit.AbstractKiekerTest printNameOfCurrentTest
信息: Executing test: kieker.test.analysis.junit.plugin.reader.timer.TimeReaderTest.testBlockingMode()


四月 21, 2019 3:36:31 下午 kieker.analysis.AnalysisController terminate
信息: Terminating analysis.
四月 21, 2019 3:36:31 下午 kieker.analysis.plugin.reader.timer.TimeReader (TimeReader-33) terminate
信息: Shutdown of TimeReader requested.
四月 21, 2019 3:36:31 下午 kieker.analysis.plugin.reader.timer.TimeReader (TimeReader-33) terminate
信息: Shutdown of TimeReader requested.
四月 21, 2019 3:36:31 下午 kieker.test.common.junit.AbstractKiekerTest initTestModulePrefix
信息: Prefix for test resources is ./
四月 21, 2019 3:36:31 下午 kieker.test.common.junit.AbstractKiekerTest printNameOfCurrentTest
信息: Executing test: kieker.test.analysis.junit.plugin.reader.timer.TimeReaderTest.testNumberOfEmittedSignals()


四月 21, 2019 3:36:31 下午 kieker.analysis.plugin.reader.timer.TimeReader (TimeReader-34) terminate
信息: Shutdown of TimeReader requested.
四月 21, 2019 3:36:31 下午 kieker.analysis.AnalysisController terminate
信息: Terminating analysis.
]]></system-err>
</testsuite>
