<?xml version="1.0" encoding="UTF-8"?>
<testsuite name="kieker.test.analysis.junit.plugin.reader.filesystem.TestLegacyExecutionRecordReader" tests="1" skipped="0" failures="0" errors="0" timestamp="2019-04-21T07:36:43" hostname="icedsoul-PC" time="0.018">
  <properties/>
  <testcase name="testRecords" classname="kieker.test.analysis.junit.plugin.reader.filesystem.TestLegacyExecutionRecordReader" time="0.018"/>
  <system-out><![CDATA[]]></system-out>
  <system-err><![CDATA[四月 21, 2019 3:36:43 下午 kieker.test.common.junit.AbstractKiekerTest initTestModulePrefix
信息: Prefix for test resources is ./
四月 21, 2019 3:36:43 下午 kieker.test.common.junit.AbstractKiekerTest printNameOfCurrentTest
信息: Executing test: kieker.test.analysis.junit.plugin.reader.filesystem.TestLegacyExecutionRecordReader.testRecords()


四月 21, 2019 3:36:43 下午 kieker.analysis.plugin.reader.filesystem.FSDirectoryReader run
信息: < Loading /code/Github/kieker-1.13/kieker-analysis/build/junit6201404296151971840/kieker.dat
四月 21, 2019 3:36:43 下午 kieker.analysis.AnalysisController terminate
信息: Terminating analysis.
四月 21, 2019 3:36:43 下午 kieker.analysis.plugin.reader.filesystem.FSReader (FSReader-36) terminate
信息: Shutting down reader.
]]></system-err>
</testsuite>
