<?xml version="1.0" encoding="UTF-8"?>
<testsuite name="kieker.test.analysis.junit.plugin.filter.forward.TestStringBufferFilter" tests="4" skipped="0" failures="0" errors="0" timestamp="2019-04-21T07:37:38" hostname="icedsoul-PC" time="0.019">
  <properties/>
  <testcase name="testObjects" classname="kieker.test.analysis.junit.plugin.filter.forward.TestStringBufferFilter" time="0.01"/>
  <testcase name="testRecordsWithoutStringSame" classname="kieker.test.analysis.junit.plugin.filter.forward.TestStringBufferFilter" time="0.005"/>
  <testcase name="testStringInRecord" classname="kieker.test.analysis.junit.plugin.filter.forward.TestStringBufferFilter" time="0.002"/>
  <testcase name="testRecordsWithStringEqualButNeverSame" classname="kieker.test.analysis.junit.plugin.filter.forward.TestStringBufferFilter" time="0.002"/>
  <system-out><![CDATA[]]></system-out>
  <system-err><![CDATA[四月 21, 2019 3:37:38 下午 kieker.test.common.junit.AbstractKiekerTest initTestModulePrefix
信息: Prefix for test resources is ./
四月 21, 2019 3:37:38 下午 kieker.test.common.junit.AbstractKiekerTest printNameOfCurrentTest
信息: Executing test: kieker.test.analysis.junit.plugin.filter.forward.TestStringBufferFilter.testObjects()


四月 21, 2019 3:37:38 下午 kieker.analysis.AnalysisController terminate
信息: Terminating analysis.
四月 21, 2019 3:37:38 下午 kieker.test.common.junit.AbstractKiekerTest initTestModulePrefix
信息: Prefix for test resources is ./
四月 21, 2019 3:37:38 下午 kieker.test.common.junit.AbstractKiekerTest printNameOfCurrentTest
信息: Executing test: kieker.test.analysis.junit.plugin.filter.forward.TestStringBufferFilter.testRecordsWithoutStringSame()


四月 21, 2019 3:37:38 下午 kieker.analysis.AnalysisController terminate
信息: Terminating analysis.
四月 21, 2019 3:37:38 下午 kieker.test.common.junit.AbstractKiekerTest initTestModulePrefix
信息: Prefix for test resources is ./
四月 21, 2019 3:37:38 下午 kieker.test.common.junit.AbstractKiekerTest printNameOfCurrentTest
信息: Executing test: kieker.test.analysis.junit.plugin.filter.forward.TestStringBufferFilter.testStringInRecord()


四月 21, 2019 3:37:38 下午 kieker.analysis.AnalysisController terminate
信息: Terminating analysis.
四月 21, 2019 3:37:38 下午 kieker.test.common.junit.AbstractKiekerTest initTestModulePrefix
信息: Prefix for test resources is ./
四月 21, 2019 3:37:38 下午 kieker.test.common.junit.AbstractKiekerTest printNameOfCurrentTest
信息: Executing test: kieker.test.analysis.junit.plugin.filter.forward.TestStringBufferFilter.testRecordsWithStringEqualButNeverSame()


四月 21, 2019 3:37:38 下午 kieker.analysis.AnalysisController terminate
信息: Terminating analysis.
]]></system-err>
</testsuite>
