<?xml version="1.0" encoding="UTF-8"?>
<testsuite name="kieker.test.analysis.junit.plugin.TestGlobalConfiguration" tests="5" skipped="0" failures="0" errors="0" timestamp="2019-04-21T07:37:38" hostname="icedsoul-PC" time="0.005">
  <properties/>
  <testcase name="testGlobalConfiguration" classname="kieker.test.analysis.junit.plugin.TestGlobalConfiguration" time="0.001"/>
  <testcase name="testOverwrittenDefaultGlobalConfigurationInvalidValue" classname="kieker.test.analysis.junit.plugin.TestGlobalConfiguration" time="0.001"/>
  <testcase name="testDefaultGlobalConfiguration" classname="kieker.test.analysis.junit.plugin.TestGlobalConfiguration" time="0.001"/>
  <testcase name="testNoGlobalConfiguration" classname="kieker.test.analysis.junit.plugin.TestGlobalConfiguration" time="0.001"/>
  <testcase name="testOverwrittenDefaultGlobalConfiguration" classname="kieker.test.analysis.junit.plugin.TestGlobalConfiguration" time="0.001"/>
  <system-out><![CDATA[]]></system-out>
  <system-err><![CDATA[四月 21, 2019 3:37:38 下午 kieker.test.common.junit.AbstractKiekerTest initTestModulePrefix
信息: Prefix for test resources is ./
四月 21, 2019 3:37:38 下午 kieker.test.common.junit.AbstractKiekerTest printNameOfCurrentTest
信息: Executing test: kieker.test.analysis.junit.plugin.TestGlobalConfiguration.testGlobalConfiguration()


四月 21, 2019 3:37:38 下午 kieker.test.common.junit.AbstractKiekerTest initTestModulePrefix
信息: Prefix for test resources is ./
四月 21, 2019 3:37:38 下午 kieker.test.common.junit.AbstractKiekerTest printNameOfCurrentTest
信息: Executing test: kieker.test.analysis.junit.plugin.TestGlobalConfiguration.testOverwrittenDefaultGlobalConfigurationInvalidValue()


四月 21, 2019 3:37:38 下午 kieker.analysis.AnalysisController validateConfiguration
警告: NOTIMEUNITVALUE is no valid TimeUnit! Using NANOSECONDS instead.
四月 21, 2019 3:37:38 下午 kieker.test.common.junit.AbstractKiekerTest initTestModulePrefix
信息: Prefix for test resources is ./
四月 21, 2019 3:37:38 下午 kieker.test.common.junit.AbstractKiekerTest printNameOfCurrentTest
信息: Executing test: kieker.test.analysis.junit.plugin.TestGlobalConfiguration.testDefaultGlobalConfiguration()


四月 21, 2019 3:37:38 下午 kieker.test.common.junit.AbstractKiekerTest initTestModulePrefix
信息: Prefix for test resources is ./
四月 21, 2019 3:37:38 下午 kieker.test.common.junit.AbstractKiekerTest printNameOfCurrentTest
信息: Executing test: kieker.test.analysis.junit.plugin.TestGlobalConfiguration.testNoGlobalConfiguration()


四月 21, 2019 3:37:38 下午 kieker.test.common.junit.AbstractKiekerTest initTestModulePrefix
信息: Prefix for test resources is ./
四月 21, 2019 3:37:38 下午 kieker.test.common.junit.AbstractKiekerTest printNameOfCurrentTest
信息: Executing test: kieker.test.analysis.junit.plugin.TestGlobalConfiguration.testOverwrittenDefaultGlobalConfiguration()


]]></system-err>
</testsuite>
