<?xml version="1.0" encoding="UTF-8"?>
<testsuite name="kieker.test.analysis.junit.plugin.TestPluginConfigurationRetention" tests="1" skipped="0" failures="0" errors="0" timestamp="2019-04-21T07:36:43" hostname="icedsoul-PC" time="0.481">
  <properties/>
  <testcase name="test" classname="kieker.test.analysis.junit.plugin.TestPluginConfigurationRetention" time="0.481"/>
  <system-out><![CDATA[]]></system-out>
  <system-err><![CDATA[四月 21, 2019 3:36:43 下午 kieker.test.common.junit.AbstractKiekerTest initTestModulePrefix
信息: Prefix for test resources is ./
四月 21, 2019 3:36:43 下午 kieker.test.common.junit.AbstractKiekerTest printNameOfCurrentTest
信息: Executing test: kieker.test.analysis.junit.plugin.TestPluginConfigurationRetention.test()


四月 21, 2019 3:36:43 下午 kieker.test.analysis.junit.plugin.TestPluginConfigurationRetention test
信息: Testing 'DbReader'...
四月 21, 2019 3:36:43 下午 kieker.test.analysis.junit.plugin.TestPluginConfigurationRetention test
信息: Testing 'ListReader'...
四月 21, 2019 3:36:43 下午 kieker.test.analysis.junit.plugin.TestPluginConfigurationRetention test
信息: Testing 'TimeReader'...
四月 21, 2019 3:36:43 下午 kieker.test.analysis.junit.plugin.TestPluginConfigurationRetention test
信息: Testing 'RawDataReaderPlugin'...
四月 21, 2019 3:36:43 下午 kieker.analysis.plugin.reader.newio.RawDataReaderPlugin createAndInitializeReader
严重: Class '' not found.
四月 21, 2019 3:36:43 下午 kieker.analysis.plugin.reader.newio.RawDataReaderPlugin createAndInitializeDeserializer
严重: Class '' not found.
四月 21, 2019 3:36:43 下午 kieker.test.analysis.junit.plugin.TestPluginConfigurationRetention test
信息: Testing 'DualSocketTcpReader'...
四月 21, 2019 3:36:43 下午 kieker.test.analysis.junit.plugin.TestPluginConfigurationRetention test
信息: Testing 'SingleSocketTcpReader'...
四月 21, 2019 3:36:43 下午 kieker.test.analysis.junit.plugin.TestPluginConfigurationRetention test
信息: Testing 'TCPReader'...
四月 21, 2019 3:36:43 下午 kieker.test.analysis.junit.plugin.TestPluginConfigurationRetention test
信息: Testing 'KafkaReader'...
四月 21, 2019 3:36:43 下午 kieker.analysis.analysisComponent.AbstractAnalysisComponent createDeserializer
严重: The deserializer class '' was not found.
四月 21, 2019 3:36:43 下午 kieker.test.analysis.junit.plugin.TestPluginConfigurationRetention test
信息: Testing 'JmxReader'...
四月 21, 2019 3:36:43 下午 kieker.test.analysis.junit.plugin.TestPluginConfigurationRetention test
信息: Testing 'JmsReader'...
四月 21, 2019 3:36:43 下午 kieker.test.analysis.junit.plugin.TestPluginConfigurationRetention test
信息: Testing 'AmqpReader'...
四月 21, 2019 3:36:43 下午 kieker.test.analysis.junit.plugin.TestPluginConfigurationRetention test
信息: Testing 'AsciiLogReader'...
四月 21, 2019 3:36:43 下午 kieker.test.analysis.junit.plugin.TestPluginConfigurationRetention test
信息: Testing 'BinaryLogReader'...
四月 21, 2019 3:36:43 下午 kieker.test.analysis.junit.plugin.TestPluginConfigurationRetention test
信息: Testing 'FSReader'...
四月 21, 2019 3:36:43 下午 kieker.test.analysis.junit.plugin.TestPluginConfigurationRetention test
信息: Testing 'PipeReader'...
四月 21, 2019 3:36:43 下午 kieker.test.analysis.junit.plugin.TestPluginConfigurationRetention test
信息: Testing 'PlainTextWebVisualization'...
四月 21, 2019 3:36:43 下午 kieker.test.analysis.junit.plugin.TestPluginConfigurationRetention test
信息: Testing 'TimestampFilter'...
四月 21, 2019 3:36:43 下午 kieker.test.analysis.junit.plugin.TestPluginConfigurationRetention test
信息: Testing 'TraceIdFilter'...
四月 21, 2019 3:36:43 下午 kieker.test.analysis.junit.plugin.TestPluginConfigurationRetention test
信息: Testing 'TypeFilter'...
四月 21, 2019 3:36:43 下午 kieker.test.analysis.junit.plugin.TestPluginConfigurationRetention test
信息: Testing 'RealtimeRecordDelayFilter'...
四月 21, 2019 3:36:43 下午 kieker.test.analysis.junit.plugin.TestPluginConfigurationRetention test
信息: Testing 'MonitoringThroughputFilter'...
四月 21, 2019 3:36:43 下午 kieker.test.analysis.junit.plugin.TestPluginConfigurationRetention test
信息: Testing 'ThreadEvent2TraceEventFilter'...
四月 21, 2019 3:36:43 下午 kieker.test.analysis.junit.plugin.TestPluginConfigurationRetention test
信息: Testing 'TraceAggregationFilter'...
四月 21, 2019 3:36:43 下午 kieker.test.analysis.junit.plugin.TestPluginConfigurationRetention test
信息: Testing 'EventRecordTraceReconstructionFilter'...
四月 21, 2019 3:36:43 下午 kieker.test.analysis.junit.plugin.TestPluginConfigurationRetention test
信息: Testing 'StringBufferFilter'...
四月 21, 2019 3:36:43 下午 kieker.test.analysis.junit.plugin.TestPluginConfigurationRetention test
信息: Testing 'AnalysisThroughputFilter'...
四月 21, 2019 3:36:43 下午 kieker.test.analysis.junit.plugin.TestPluginConfigurationRetention test
信息: Testing 'ListCollectionFilter'...
四月 21, 2019 3:36:43 下午 kieker.test.analysis.junit.plugin.TestPluginConfigurationRetention test
信息: Testing 'TeeFilter'...
四月 21, 2019 3:36:43 下午 kieker.test.analysis.junit.plugin.TestPluginConfigurationRetention test
信息: Testing 'CountingFilter'...
四月 21, 2019 3:36:43 下午 kieker.test.analysis.junit.plugin.TestPluginConfigurationRetention test
信息: Testing 'MethodAndComponentFlowDisplayFilter'...
四月 21, 2019 3:36:43 下午 kieker.test.analysis.junit.plugin.TestPluginConfigurationRetention test
信息: Testing 'GCDisplayFilter'...
四月 21, 2019 3:36:43 下午 kieker.test.analysis.junit.plugin.TestPluginConfigurationRetention test
信息: Testing 'ThreadsStatusDisplayFilter'...
四月 21, 2019 3:36:43 下午 kieker.test.analysis.junit.plugin.TestPluginConfigurationRetention test
信息: Testing 'CPUUtilizationDisplayFilter'...
四月 21, 2019 3:36:43 下午 kieker.test.analysis.junit.plugin.TestPluginConfigurationRetention test
信息: Testing 'MemSwapUtilizationDisplayFilter'...
]]></system-err>
</testsuite>
