<?xml version="1.0" encoding="UTF-8"?>
<testsuite name="kieker.test.analysis.junit.plugin.TestPlugin" tests="4" skipped="0" failures="0" errors="0" timestamp="2019-04-21T07:36:14" hostname="icedsoul-PC" time="0.053">
  <properties/>
  <testcase name="testComponentNameRegistering" classname="kieker.test.analysis.junit.plugin.TestPlugin" time="0.013"/>
  <testcase name="testPluginAttributes" classname="kieker.test.analysis.junit.plugin.TestPlugin" time="0.011"/>
  <testcase name="testRepository" classname="kieker.test.analysis.junit.plugin.TestPlugin" time="0.013"/>
  <testcase name="testChaining" classname="kieker.test.analysis.junit.plugin.TestPlugin" time="0.011"/>
  <system-out><![CDATA[]]></system-out>
  <system-err><![CDATA[四月 21, 2019 3:36:14 下午 kieker.test.common.junit.AbstractKiekerTest initTestModulePrefix
信息: Prefix for test resources is ./
四月 21, 2019 3:36:14 下午 kieker.test.common.junit.AbstractKiekerTest printNameOfCurrentTest
信息: Executing test: kieker.test.analysis.junit.plugin.TestPlugin.testComponentNameRegistering()


四月 21, 2019 3:36:14 下午 kieker.test.common.junit.AbstractKiekerTest initTestModulePrefix
信息: Prefix for test resources is ./
四月 21, 2019 3:36:14 下午 kieker.test.common.junit.AbstractKiekerTest printNameOfCurrentTest
信息: Executing test: kieker.test.analysis.junit.plugin.TestPlugin.testPluginAttributes()


四月 21, 2019 3:36:14 下午 kieker.test.common.junit.AbstractKiekerTest initTestModulePrefix
信息: Prefix for test resources is ./
四月 21, 2019 3:36:14 下午 kieker.test.common.junit.AbstractKiekerTest printNameOfCurrentTest
信息: Executing test: kieker.test.analysis.junit.plugin.TestPlugin.testRepository()


四月 21, 2019 3:36:14 下午 kieker.test.common.junit.AbstractKiekerTest initTestModulePrefix
信息: Prefix for test resources is ./
四月 21, 2019 3:36:14 下午 kieker.test.common.junit.AbstractKiekerTest printNameOfCurrentTest
信息: Executing test: kieker.test.analysis.junit.plugin.TestPlugin.testChaining()


四月 21, 2019 3:36:14 下午 kieker.analysis.AnalysisController terminate
信息: Terminating analysis.
]]></system-err>
</testsuite>
