<?xml version="1.0" encoding="UTF-8"?>
<testsuite name="kieker.test.analysis.junit.plugin.filter.trace.TestTraceIdFilter" tests="3" skipped="0" failures="0" errors="0" timestamp="2019-04-21T07:36:43" hostname="icedsoul-PC" time="0.015">
  <properties/>
  <testcase name="testAssertIgnoreTraceId" classname="kieker.test.analysis.junit.plugin.filter.trace.TestTraceIdFilter" time="0.007"/>
  <testcase name="testAssertPassTraceIdWhenPassAll" classname="kieker.test.analysis.junit.plugin.filter.trace.TestTraceIdFilter" time="0.004"/>
  <testcase name="testAssertPassTraceId" classname="kieker.test.analysis.junit.plugin.filter.trace.TestTraceIdFilter" time="0.003"/>
  <system-out><![CDATA[]]></system-out>
  <system-err><![CDATA[四月 21, 2019 3:36:43 下午 kieker.test.common.junit.AbstractKiekerTest initTestModulePrefix
信息: Prefix for test resources is ./
四月 21, 2019 3:36:43 下午 kieker.test.common.junit.AbstractKiekerTest printNameOfCurrentTest
信息: Executing test: kieker.test.analysis.junit.plugin.filter.trace.TestTraceIdFilter.testAssertIgnoreTraceId()


四月 21, 2019 3:36:43 下午 kieker.analysis.AnalysisController terminate
信息: Terminating analysis.
四月 21, 2019 3:36:43 下午 kieker.test.common.junit.AbstractKiekerTest initTestModulePrefix
信息: Prefix for test resources is ./
四月 21, 2019 3:36:43 下午 kieker.test.common.junit.AbstractKiekerTest printNameOfCurrentTest
信息: Executing test: kieker.test.analysis.junit.plugin.filter.trace.TestTraceIdFilter.testAssertPassTraceIdWhenPassAll()


四月 21, 2019 3:36:43 下午 kieker.analysis.AnalysisController terminate
信息: Terminating analysis.
四月 21, 2019 3:36:43 下午 kieker.test.common.junit.AbstractKiekerTest initTestModulePrefix
信息: Prefix for test resources is ./
四月 21, 2019 3:36:43 下午 kieker.test.common.junit.AbstractKiekerTest printNameOfCurrentTest
信息: Executing test: kieker.test.analysis.junit.plugin.filter.trace.TestTraceIdFilter.testAssertPassTraceId()


四月 21, 2019 3:36:43 下午 kieker.analysis.AnalysisController terminate
信息: Terminating analysis.
]]></system-err>
</testsuite>
