<?xml version="1.0" encoding="UTF-8"?>
<testsuite name="kieker.test.analysis.junit.plugin.reader.TestNoInputPortsForReader" tests="1" skipped="0" failures="0" errors="0" timestamp="2019-04-21T07:36:43" hostname="icedsoul-PC" time="0.081">
  <properties/>
  <testcase name="test" classname="kieker.test.analysis.junit.plugin.reader.TestNoInputPortsForReader" time="0.081"/>
  <system-out><![CDATA[]]></system-out>
  <system-err><![CDATA[四月 21, 2019 3:36:43 下午 kieker.test.common.junit.AbstractKiekerTest initTestModulePrefix
信息: Prefix for test resources is ./
四月 21, 2019 3:36:43 下午 kieker.test.common.junit.AbstractKiekerTest printNameOfCurrentTest
信息: Executing test: kieker.test.analysis.junit.plugin.reader.TestNoInputPortsForReader.test()


四月 21, 2019 3:36:43 下午 kieker.test.analysis.junit.plugin.reader.TestNoInputPortsForReader test
信息: Testing 'DbReader'...
四月 21, 2019 3:36:43 下午 kieker.test.analysis.junit.plugin.reader.TestNoInputPortsForReader test
信息: Testing 'ListReader'...
四月 21, 2019 3:36:43 下午 kieker.test.analysis.junit.plugin.reader.TestNoInputPortsForReader test
信息: Testing 'TimeReader'...
四月 21, 2019 3:36:43 下午 kieker.test.analysis.junit.plugin.reader.TestNoInputPortsForReader test
信息: Testing 'RawDataReaderPlugin'...
四月 21, 2019 3:36:43 下午 kieker.test.analysis.junit.plugin.reader.TestNoInputPortsForReader test
信息: Testing 'DualSocketTcpReader'...
四月 21, 2019 3:36:43 下午 kieker.test.analysis.junit.plugin.reader.TestNoInputPortsForReader test
信息: Testing 'SingleSocketTcpReader'...
四月 21, 2019 3:36:43 下午 kieker.test.analysis.junit.plugin.reader.TestNoInputPortsForReader test
信息: Testing 'TCPReader'...
四月 21, 2019 3:36:43 下午 kieker.test.analysis.junit.plugin.reader.TestNoInputPortsForReader test
信息: Testing 'KafkaReader'...
四月 21, 2019 3:36:43 下午 kieker.test.analysis.junit.plugin.reader.TestNoInputPortsForReader test
信息: Testing 'JmxReader'...
四月 21, 2019 3:36:43 下午 kieker.test.analysis.junit.plugin.reader.TestNoInputPortsForReader test
信息: Testing 'JmsReader'...
四月 21, 2019 3:36:43 下午 kieker.test.analysis.junit.plugin.reader.TestNoInputPortsForReader test
信息: Testing 'AmqpReader'...
四月 21, 2019 3:36:43 下午 kieker.test.analysis.junit.plugin.reader.TestNoInputPortsForReader test
信息: Testing 'AsciiLogReader'...
四月 21, 2019 3:36:43 下午 kieker.test.analysis.junit.plugin.reader.TestNoInputPortsForReader test
信息: Testing 'BinaryLogReader'...
四月 21, 2019 3:36:43 下午 kieker.test.analysis.junit.plugin.reader.TestNoInputPortsForReader test
信息: Testing 'FSReader'...
四月 21, 2019 3:36:43 下午 kieker.test.analysis.junit.plugin.reader.TestNoInputPortsForReader test
信息: Testing 'PipeReader'...
]]></system-err>
</testsuite>
