<?xml version="1.0" encoding="UTF-8"?>
<testsuite name="kieker.test.analysis.junit.plugin.filter.select.TypeFilterTest" tests="1" skipped="0" failures="0" errors="0" timestamp="2019-04-21T07:36:43" hostname="icedsoul-PC" time="0.003">
  <properties/>
  <testcase name="testFiltering" classname="kieker.test.analysis.junit.plugin.filter.select.TypeFilterTest" time="0.003"/>
  <system-out><![CDATA[]]></system-out>
  <system-err><![CDATA[四月 21, 2019 3:36:43 下午 kieker.test.common.junit.AbstractKiekerTest initTestModulePrefix
信息: Prefix for test resources is ./
四月 21, 2019 3:36:43 下午 kieker.test.common.junit.AbstractKiekerTest printNameOfCurrentTest
信息: Executing test: kieker.test.analysis.junit.plugin.filter.select.TypeFilterTest.testFiltering()


四月 21, 2019 3:36:43 下午 kieker.analysis.AnalysisController terminate
信息: Terminating analysis.
]]></system-err>
</testsuite>
