<?xml version="1.0" encoding="UTF-8"?>
<testsuite name="kieker.test.analysis.junit.plugin.filter.visualization.TestNoOutputPortsForVisualizations" tests="1" skipped="0" failures="0" errors="0" timestamp="2019-04-21T07:36:43" hostname="icedsoul-PC" time="0.011">
  <properties/>
  <testcase name="test" classname="kieker.test.analysis.junit.plugin.filter.visualization.TestNoOutputPortsForVisualizations" time="0.011"/>
  <system-out><![CDATA[]]></system-out>
  <system-err><![CDATA[四月 21, 2019 3:36:43 下午 kieker.test.common.junit.AbstractKiekerTest initTestModulePrefix
信息: Prefix for test resources is ./
四月 21, 2019 3:36:43 下午 kieker.test.common.junit.AbstractKiekerTest printNameOfCurrentTest
信息: Executing test: kieker.test.analysis.junit.plugin.filter.visualization.TestNoOutputPortsForVisualizations.test()


四月 21, 2019 3:36:43 下午 kieker.test.analysis.junit.plugin.filter.visualization.TestNoOutputPortsForVisualizations test
信息: Testing 'PlainTextWebVisualization'...
]]></system-err>
</testsuite>
