<?xml version="1.0" encoding="UTF-8"?>
<testsuite name="kieker.test.analysis.junit.plugin.filter.flow.TestEventRecordTraceReconstructionFilter" tests="7" skipped="0" failures="0" errors="0" timestamp="2019-04-21T07:37:38" hostname="icedsoul-PC" time="0.03">
  <properties/>
  <testcase name="testTraceShorterThanMaxDurationPasses" classname="kieker.test.analysis.junit.plugin.filter.flow.TestEventRecordTraceReconstructionFilter" time="0.004"/>
  <testcase name="testTraceShorterThanMaxTimeoutPasses" classname="kieker.test.analysis.junit.plugin.filter.flow.TestEventRecordTraceReconstructionFilter" time="0.002"/>
  <testcase name="testTraceLongerThanMaxTimeoutPasses" classname="kieker.test.analysis.junit.plugin.filter.flow.TestEventRecordTraceReconstructionFilter" time="0.006"/>
  <testcase name="testEventBasedTraceRepairWithoutAnyAfterEvent" classname="kieker.test.analysis.junit.plugin.filter.flow.TestEventRecordTraceReconstructionFilter" time="0.007"/>
  <testcase name="testTraceLongerThanMaxDurationPasses" classname="kieker.test.analysis.junit.plugin.filter.flow.TestEventRecordTraceReconstructionFilter" time="0.002"/>
  <testcase name="testEventBasedTraceRepairWithAfterEventAtEnd" classname="kieker.test.analysis.junit.plugin.filter.flow.TestEventRecordTraceReconstructionFilter" time="0.005"/>
  <testcase name="testTraceMaxLong" classname="kieker.test.analysis.junit.plugin.filter.flow.TestEventRecordTraceReconstructionFilter" time="0.002"/>
  <system-out><![CDATA[]]></system-out>
  <system-err><![CDATA[四月 21, 2019 3:37:38 下午 kieker.test.common.junit.AbstractKiekerTest initTestModulePrefix
信息: Prefix for test resources is ./
四月 21, 2019 3:37:38 下午 kieker.test.common.junit.AbstractKiekerTest printNameOfCurrentTest
信息: Executing test: kieker.test.analysis.junit.plugin.filter.flow.TestEventRecordTraceReconstructionFilter.testTraceShorterThanMaxDurationPasses()


四月 21, 2019 3:37:38 下午 kieker.analysis.AnalysisController terminate
信息: Terminating analysis.
四月 21, 2019 3:37:38 下午 kieker.test.common.junit.AbstractKiekerTest initTestModulePrefix
信息: Prefix for test resources is ./
四月 21, 2019 3:37:38 下午 kieker.test.common.junit.AbstractKiekerTest printNameOfCurrentTest
信息: Executing test: kieker.test.analysis.junit.plugin.filter.flow.TestEventRecordTraceReconstructionFilter.testTraceShorterThanMaxTimeoutPasses()


四月 21, 2019 3:37:38 下午 kieker.analysis.AnalysisController terminate
信息: Terminating analysis.
四月 21, 2019 3:37:38 下午 kieker.test.common.junit.AbstractKiekerTest initTestModulePrefix
信息: Prefix for test resources is ./
四月 21, 2019 3:37:38 下午 kieker.test.common.junit.AbstractKiekerTest printNameOfCurrentTest
信息: Executing test: kieker.test.analysis.junit.plugin.filter.flow.TestEventRecordTraceReconstructionFilter.testTraceLongerThanMaxTimeoutPasses()


四月 21, 2019 3:37:38 下午 kieker.analysis.AnalysisController terminate
信息: Terminating analysis.
四月 21, 2019 3:37:38 下午 kieker.test.common.junit.AbstractKiekerTest initTestModulePrefix
信息: Prefix for test resources is ./
四月 21, 2019 3:37:38 下午 kieker.test.common.junit.AbstractKiekerTest printNameOfCurrentTest
信息: Executing test: kieker.test.analysis.junit.plugin.filter.flow.TestEventRecordTraceReconstructionFilter.testEventBasedTraceRepairWithoutAnyAfterEvent()


四月 21, 2019 3:37:38 下午 kieker.analysis.AnalysisController terminate
信息: Terminating analysis.
四月 21, 2019 3:37:38 下午 kieker.test.common.junit.AbstractKiekerTest initTestModulePrefix
信息: Prefix for test resources is ./
四月 21, 2019 3:37:38 下午 kieker.test.common.junit.AbstractKiekerTest printNameOfCurrentTest
信息: Executing test: kieker.test.analysis.junit.plugin.filter.flow.TestEventRecordTraceReconstructionFilter.testTraceLongerThanMaxDurationPasses()


四月 21, 2019 3:37:38 下午 kieker.analysis.AnalysisController terminate
信息: Terminating analysis.
四月 21, 2019 3:37:38 下午 kieker.test.common.junit.AbstractKiekerTest initTestModulePrefix
信息: Prefix for test resources is ./
四月 21, 2019 3:37:38 下午 kieker.test.common.junit.AbstractKiekerTest printNameOfCurrentTest
信息: Executing test: kieker.test.analysis.junit.plugin.filter.flow.TestEventRecordTraceReconstructionFilter.testEventBasedTraceRepairWithAfterEventAtEnd()


四月 21, 2019 3:37:38 下午 kieker.analysis.AnalysisController terminate
信息: Terminating analysis.
四月 21, 2019 3:37:38 下午 kieker.test.common.junit.AbstractKiekerTest initTestModulePrefix
信息: Prefix for test resources is ./
四月 21, 2019 3:37:38 下午 kieker.test.common.junit.AbstractKiekerTest printNameOfCurrentTest
信息: Executing test: kieker.test.analysis.junit.plugin.filter.flow.TestEventRecordTraceReconstructionFilter.testTraceMaxLong()


四月 21, 2019 3:37:38 下午 kieker.analysis.AnalysisController terminate
信息: Terminating analysis.
]]></system-err>
</testsuite>
