<?xml version="1.0" encoding="UTF-8"?>
<testsuite name="kieker.test.analysis.junit.plugin.filter.forward.TestTeeFilter" tests="2" skipped="0" failures="0" errors="0" timestamp="2019-04-21T07:37:38" hostname="icedsoul-PC" time="0.024">
  <properties/>
  <testcase name="testFileOverwrite" classname="kieker.test.analysis.junit.plugin.filter.forward.TestTeeFilter" time="0.014"/>
  <testcase name="testFileAppend" classname="kieker.test.analysis.junit.plugin.filter.forward.TestTeeFilter" time="0.009"/>
  <system-out><![CDATA[]]></system-out>
  <system-err><![CDATA[四月 21, 2019 3:37:38 下午 kieker.test.common.junit.AbstractKiekerTest initTestModulePrefix
信息: Prefix for test resources is ./
四月 21, 2019 3:37:38 下午 kieker.test.common.junit.AbstractKiekerTest printNameOfCurrentTest
信息: Executing test: kieker.test.analysis.junit.plugin.filter.forward.TestTeeFilter.testFileOverwrite()


四月 21, 2019 3:37:38 下午 kieker.analysis.AnalysisController terminate
信息: Terminating analysis.
四月 21, 2019 3:37:38 下午 kieker.analysis.AnalysisController terminate
信息: Terminating analysis.
四月 21, 2019 3:37:38 下午 kieker.test.common.junit.AbstractKiekerTest initTestModulePrefix
信息: Prefix for test resources is ./
四月 21, 2019 3:37:38 下午 kieker.test.common.junit.AbstractKiekerTest printNameOfCurrentTest
信息: Executing test: kieker.test.analysis.junit.plugin.filter.forward.TestTeeFilter.testFileAppend()


四月 21, 2019 3:37:38 下午 kieker.analysis.AnalysisController terminate
信息: Terminating analysis.
四月 21, 2019 3:37:38 下午 kieker.analysis.AnalysisController terminate
信息: Terminating analysis.
]]></system-err>
</testsuite>
