<?xml version="1.0" encoding="UTF-8"?>
<testsuite name="kieker.test.analysis.junit.plugin.filter.record.TestMonitoringThroughputFilter" tests="1" skipped="0" failures="0" errors="0" timestamp="2019-04-21T07:37:03" hostname="icedsoul-PC" time="0.015">
  <properties/>
  <testcase name="testNormal" classname="kieker.test.analysis.junit.plugin.filter.record.TestMonitoringThroughputFilter" time="0.015"/>
  <system-out><![CDATA[]]></system-out>
  <system-err><![CDATA[四月 21, 2019 3:37:03 下午 kieker.test.common.junit.AbstractKiekerTest initTestModulePrefix
信息: Prefix for test resources is ./
四月 21, 2019 3:37:03 下午 kieker.test.common.junit.AbstractKiekerTest printNameOfCurrentTest
信息: Executing test: kieker.test.analysis.junit.plugin.filter.record.TestMonitoringThroughputFilter.testNormal()


四月 21, 2019 3:37:03 下午 kieker.analysis.AnalysisController terminate
信息: Terminating analysis.
]]></system-err>
</testsuite>
