<?xml version="1.0" encoding="UTF-8"?>
<testsuite name="kieker.test.analysis.junit.plugin.reader.newio.deserializer.BinaryDeserializerTest" tests="1" skipped="0" failures="0" errors="0" timestamp="2019-04-21T07:36:43" hostname="icedsoul-PC" time="0.055">
  <properties/>
  <testcase name="testDecodeSingleRecord" classname="kieker.test.analysis.junit.plugin.reader.newio.deserializer.BinaryDeserializerTest" time="0.055"/>
  <system-out><![CDATA[]]></system-out>
  <system-err><![CDATA[]]></system-err>
</testsuite>
