<?xml version="1.0" encoding="UTF-8"?>
<testsuite name="kieker.test.analysis.junit.configuration.OnlineConfigurationTest" tests="2" skipped="0" failures="0" errors="0" timestamp="2019-04-21T07:36:14" hostname="icedsoul-PC" time="0.078">
  <properties/>
  <testcase name="testUpdatingPlugin" classname="kieker.test.analysis.junit.configuration.OnlineConfigurationTest" time="0.062"/>
  <testcase name="testUpdatingNonExistingPlugin" classname="kieker.test.analysis.junit.configuration.OnlineConfigurationTest" time="0.015"/>
  <system-out><![CDATA[]]></system-out>
  <system-err><![CDATA[四月 21, 2019 3:36:14 下午 kieker.test.common.junit.AbstractKiekerTest initTestModulePrefix
信息: Prefix for test resources is ./
四月 21, 2019 3:36:14 下午 kieker.test.common.junit.AbstractKiekerTest printNameOfCurrentTest
信息: Executing test: kieker.test.analysis.junit.configuration.OnlineConfigurationTest.testUpdatingPlugin()


四月 21, 2019 3:36:14 下午 kieker.analysis.AnalysisController terminate
信息: Terminating analysis.
四月 21, 2019 3:36:14 下午 kieker.test.common.junit.AbstractKiekerTest initTestModulePrefix
信息: Prefix for test resources is ./
四月 21, 2019 3:36:14 下午 kieker.test.common.junit.AbstractKiekerTest printNameOfCurrentTest
信息: Executing test: kieker.test.analysis.junit.configuration.OnlineConfigurationTest.testUpdatingNonExistingPlugin()


]]></system-err>
</testsuite>
