<?xml version="1.0" encoding="UTF-8"?>
<testsuite name="kieker.test.monitoring.junit.core.signaturePattern.TestPatternParser" tests="3" skipped="0" failures="0" errors="0" timestamp="2019-04-28T08:02:07" hostname="icedsoul-PC" time="2.078">
  <properties/>
  <testcase name="constructorTest" classname="kieker.test.monitoring.junit.core.signaturePattern.TestPatternParser" time="0.011"/>
  <testcase name="patternTest" classname="kieker.test.monitoring.junit.core.signaturePattern.TestPatternParser" time="0.006"/>
  <testcase name="testBasic" classname="kieker.test.monitoring.junit.core.signaturePattern.TestPatternParser" time="2.06"/>
  <system-out><![CDATA[]]></system-out>
  <system-err><![CDATA[四月 28, 2019 4:02:07 下午 kieker.test.common.junit.AbstractKiekerTest initTestModulePrefix
信息: Prefix for test resources is ./
四月 28, 2019 4:02:07 下午 kieker.test.common.junit.AbstractKiekerTest printNameOfCurrentTest
信息: Executing test: kieker.test.monitoring.junit.core.signaturePattern.TestPatternParser.constructorTest()


四月 28, 2019 4:02:07 下午 kieker.test.common.junit.AbstractKiekerTest initTestModulePrefix
信息: Prefix for test resources is ./
四月 28, 2019 4:02:07 下午 kieker.test.common.junit.AbstractKiekerTest printNameOfCurrentTest
信息: Executing test: kieker.test.monitoring.junit.core.signaturePattern.TestPatternParser.patternTest()


四月 28, 2019 4:02:07 下午 kieker.test.common.junit.AbstractKiekerTest initTestModulePrefix
信息: Prefix for test resources is ./
四月 28, 2019 4:02:07 下午 kieker.test.common.junit.AbstractKiekerTest printNameOfCurrentTest
信息: Executing test: kieker.test.monitoring.junit.core.signaturePattern.TestPatternParser.testBasic()


]]></system-err>
</testsuite>
