<?xml version="1.0" encoding="UTF-8"?>
<testsuite name="kieker.test.monitoring.junit.core.controller.TestJMXInterface" tests="1" skipped="0" failures="0" errors="0" timestamp="2019-04-28T08:02:20" hostname="icedsoul-PC" time="0.0">
  <properties/>
  <testcase name="testIt" classname="kieker.test.monitoring.junit.core.controller.TestJMXInterface" time="0.0"/>
  <system-out><![CDATA[]]></system-out>
  <system-err><![CDATA[四月 28, 2019 4:02:20 下午 kieker.test.common.junit.AbstractKiekerTest initTestModulePrefix
信息: Prefix for test resources is ./
四月 28, 2019 4:02:20 下午 kieker.test.common.junit.AbstractKiekerTest printNameOfCurrentTest
信息: Executing test: kieker.test.monitoring.junit.core.controller.TestJMXInterface.testIt()


]]></system-err>
</testsuite>
