<?xml version="1.0" encoding="UTF-8"?>
<testsuite name="kieker.test.monitoring.junit.probe.spring.executions.jetty.TestSpringMethodInterceptor" tests="1" skipped="0" failures="0" errors="0" timestamp="2019-04-28T08:00:32" hostname="icedsoul-PC" time="0.723">
  <properties/>
  <testcase name="testDummy" classname="kieker.test.monitoring.junit.probe.spring.executions.jetty.TestSpringMethodInterceptor" time="0.723"/>
  <system-out><![CDATA[]]></system-out>
  <system-err><![CDATA[四月 28, 2019 4:00:32 下午 kieker.test.common.junit.AbstractKiekerTest initTestModulePrefix
信息: Prefix for test resources is ./
四月 28, 2019 4:00:32 下午 kieker.test.common.junit.AbstractKiekerTest printNameOfCurrentTest
信息: Executing test: kieker.test.monitoring.junit.probe.spring.executions.jetty.TestSpringMethodInterceptor.testDummy()


四月 28, 2019 4:00:32 下午 org.springframework.context.support.FileSystemXmlApplicationContext prepareRefresh
信息: Refreshing org.springframework.context.support.FileSystemXmlApplicationContext@6b7e36f6: startup date [Sun Apr 28 16:00:32 CST 2019]; root of context hierarchy
四月 28, 2019 4:00:32 下午 org.springframework.beans.factory.xml.XmlBeanDefinitionReader loadBeanDefinitions
信息: Loading XML bean definitions from URL [file:/code/Github/kieker-1.13/kieker-monitoring/build/resources/test/kieker/test/monitoring/junit/probe/spring/executions/jetty/jetty.xml]
四月 28, 2019 4:00:32 下午 org.springframework.beans.factory.support.DefaultListableBeanFactory preInstantiateSingletons
信息: Pre-instantiating singletons in org.springframework.beans.factory.support.DefaultListableBeanFactory@2ba54533: defining beans [org.springframework.beans.factory.config.MethodInvokingFactoryBean#0,Server]; root of factory hierarchy
四月 28, 2019 4:00:33 下午 org.springframework.context.support.FileSystemXmlApplicationContext doClose
信息: Closing org.springframework.context.support.FileSystemXmlApplicationContext@6b7e36f6: startup date [Sun Apr 28 16:00:32 CST 2019]; root of context hierarchy
四月 28, 2019 4:00:33 下午 org.springframework.beans.factory.support.DefaultListableBeanFactory destroySingletons
信息: Destroying singletons in org.springframework.beans.factory.support.DefaultListableBeanFactory@2ba54533: defining beans [org.springframework.beans.factory.config.MethodInvokingFactoryBean#0,Server]; root of factory hierarchy
]]></system-err>
</testsuite>
