<?xml version="1.0" encoding="UTF-8"?>
<testsuite name="kieker.monitoring.writer.namedRecordPipe.TestPipeWriter" tests="1" skipped="0" failures="0" errors="0" timestamp="2019-04-28T08:02:37" hostname="icedsoul-PC" time="0.003">
  <properties/>
  <testcase name="testNamedPipeWriterPassesRecordsToPipe" classname="kieker.monitoring.writer.namedRecordPipe.TestPipeWriter" time="0.003"/>
  <system-out><![CDATA[]]></system-out>
  <system-err><![CDATA[四月 28, 2019 4:02:37 下午 kieker.test.common.junit.AbstractKiekerTest initTestModulePrefix
信息: Prefix for test resources is ./
四月 28, 2019 4:02:37 下午 kieker.test.common.junit.AbstractKiekerTest printNameOfCurrentTest
信息: Executing test: kieker.monitoring.writer.namedRecordPipe.TestPipeWriter.testNamedPipeWriterPassesRecordsToPipe()


四月 28, 2019 4:02:37 下午 kieker.monitoring.core.controller.StateController enableMonitoring
信息: Enabling monitoring
四月 28, 2019 4:02:37 下午 kieker.monitoring.core.controller.MonitoringController createInstance
信息: Current State of kieker.monitoring (1.13) Status: 'enabled'
	Name: 'KIEKER'; Hostname: 'icedsoul-PC'; experimentID: '1'
JMXController: JMX disabled
TimeSource: 'kieker.monitoring.timer.SystemNanoTimer'
	Time in nanoseconds (with nanoseconds precision) since Thu Jan 01 08:00:00 CST 1970'
ProbeController: disabled
WriterController:
	Queue type: org.jctools.queues.MpscArrayQueue
	Queue capacity: 10000
	Insert behavior (a.k.a. QueueFullBehavior): class kieker.monitoring.queue.behavior.BlockOnFailedInsertBehavior
		numBlocked: 0
Writer: 'kieker.monitoring.writer.namedRecordPipe.PipeWriter'
	Configuration:
		kieker.monitoring.writer.namedRecordPipe.PipeWriter.pipeName='pipeName_kieker.test.monitoring.util.NamedPipeFactory_5'
	Connected to pipe: 'pipeName_kieker.test.monitoring.util.NamedPipeFactory_5'

	Automatic assignment of logging timestamps: 'true'
Sampling Controller: Periodic Sensor available: Poolsize: '0'; Scheduled Tasks: '0'
四月 28, 2019 4:02:37 下午 kieker.monitoring.core.controller.MonitoringController terminateMonitoring
信息: Terminating monitoring...
四月 28, 2019 4:02:37 下午 kieker.monitoring.core.controller.MonitoringController cleanup
信息: Shutting down Monitoring Controller (KIEKER)
]]></system-err>
</testsuite>
