<?xml version="1.0" encoding="UTF-8"?>
<testsuite name="kieker.test.monitoring.junit.probe.adaptiveMonitoring.sigar.TestMemSwapUsageSampler" tests="1" skipped="0" failures="0" errors="0" timestamp="2019-04-28T08:00:42" hostname="icedsoul-PC" time="7.61">
  <properties/>
  <testcase name="testDeactivationAndReactivation" classname="kieker.test.monitoring.junit.probe.adaptiveMonitoring.sigar.TestMemSwapUsageSampler" time="7.61"/>
  <system-out><![CDATA[]]></system-out>
  <system-err><![CDATA[四月 28, 2019 4:00:42 下午 kieker.test.common.junit.AbstractKiekerTest initTestModulePrefix
信息: Prefix for test resources is ./
四月 28, 2019 4:00:42 下午 kieker.test.common.junit.AbstractKiekerTest printNameOfCurrentTest
信息: Executing test: kieker.test.monitoring.junit.probe.adaptiveMonitoring.sigar.TestMemSwapUsageSampler.testDeactivationAndReactivation()


四月 28, 2019 4:00:42 下午 kieker.monitoring.core.controller.ProbeController readFile
警告: Adaptive monitoring config file not found: META-INF/kieker.monitoring.adaptiveMonitoring.conf
四月 28, 2019 4:00:42 下午 kieker.monitoring.core.controller.StateController enableMonitoring
信息: Enabling monitoring
四月 28, 2019 4:00:42 下午 kieker.monitoring.core.controller.MonitoringController createInstance
信息: Current State of kieker.monitoring (1.13) Status: 'enabled'
	Name: 'KIEKER'; Hostname: 'icedsoul-PC'; experimentID: '1'
JMXController: JMX disabled
TimeSource: 'kieker.monitoring.timer.SystemNanoTimer'
	Time in nanoseconds (with nanoseconds precision) since Thu Jan 01 08:00:00 CST 1970'
ProbeController: 'META-INF/kieker.monitoring.adaptiveMonitoring.conf'
	Time intervall for update checks of pattern file (in seconds): 30
	Update pattern file with additional patterns: false
	Signature cache: unbounded
WriterController:
	Queue type: org.jctools.queues.MpscArrayQueue
	Queue capacity: 10000
	Insert behavior (a.k.a. QueueFullBehavior): class kieker.monitoring.queue.behavior.BlockOnFailedInsertBehavior
		numBlocked: 0
Writer: 'kieker.test.monitoring.util.NamedListWriter'
	Configuration:
		kieker.test.monitoring.util.NamedListWriter.listName='kieker.test.monitoring.junit.probe.adaptiveMonitoring.sigar.TestMemSwapUsageSampler'

	Automatic assignment of logging timestamps: 'true'
Sampling Controller: Periodic Sensor available: Poolsize: '1'; Scheduled Tasks: '1'
四月 28, 2019 4:00:49 下午 kieker.monitoring.core.controller.MonitoringController terminateMonitoring
信息: Terminating monitoring...
四月 28, 2019 4:00:49 下午 kieker.monitoring.core.controller.MonitoringController cleanup
信息: Shutting down Monitoring Controller (KIEKER)
]]></system-err>
</testsuite>
