<?xml version="1.0" encoding="UTF-8"?>
<testsuite name="kieker.test.monitoring.junit.core.configuration.TestConfigurationFactoryMethods" tests="5" skipped="0" failures="0" errors="0" timestamp="2019-04-28T08:02:07" hostname="icedsoul-PC" time="0.046">
  <properties/>
  <testcase name="testCreationDefaultConfigurationWithDummyWriter" classname="kieker.test.monitoring.junit.core.configuration.TestConfigurationFactoryMethods" time="0.002"/>
  <testcase name="testCreationSingletonConfiguration" classname="kieker.test.monitoring.junit.core.configuration.TestConfigurationFactoryMethods" time="0.002"/>
  <testcase name="testCreationDefaultConfiguration" classname="kieker.test.monitoring.junit.core.configuration.TestConfigurationFactoryMethods" time="0.001"/>
  <testcase name="testCreationfromFile" classname="kieker.test.monitoring.junit.core.configuration.TestConfigurationFactoryMethods" time="0.037"/>
  <testcase name="testCreationSingletonConfigurationVariants" classname="kieker.test.monitoring.junit.core.configuration.TestConfigurationFactoryMethods" time="0.004"/>
  <system-out><![CDATA[]]></system-out>
  <system-err><![CDATA[四月 28, 2019 4:02:07 下午 kieker.test.common.junit.AbstractKiekerTest initTestModulePrefix
信息: Prefix for test resources is ./
四月 28, 2019 4:02:07 下午 kieker.test.common.junit.AbstractKiekerTest printNameOfCurrentTest
信息: Executing test: kieker.test.monitoring.junit.core.configuration.TestConfigurationFactoryMethods.testCreationDefaultConfigurationWithDummyWriter()


四月 28, 2019 4:02:07 下午 kieker.test.common.junit.AbstractKiekerTest initTestModulePrefix
信息: Prefix for test resources is ./
四月 28, 2019 4:02:07 下午 kieker.test.common.junit.AbstractKiekerTest printNameOfCurrentTest
信息: Executing test: kieker.test.monitoring.junit.core.configuration.TestConfigurationFactoryMethods.testCreationSingletonConfiguration()


四月 28, 2019 4:02:07 下午 kieker.monitoring.core.configuration.ConfigurationFactory createSingletonConfiguration
信息: Loading properties from properties file in classpath: 'META-INF/kieker.monitoring.properties'
四月 28, 2019 4:02:07 下午 kieker.monitoring.core.configuration.ConfigurationFactory loadConfigurationFromResource
警告: File 'META-INF/kieker.monitoring.properties' not found in classpath
四月 28, 2019 4:02:07 下午 kieker.test.common.junit.AbstractKiekerTest initTestModulePrefix
信息: Prefix for test resources is ./
四月 28, 2019 4:02:07 下午 kieker.test.common.junit.AbstractKiekerTest printNameOfCurrentTest
信息: Executing test: kieker.test.monitoring.junit.core.configuration.TestConfigurationFactoryMethods.testCreationDefaultConfiguration()


四月 28, 2019 4:02:07 下午 kieker.test.common.junit.AbstractKiekerTest initTestModulePrefix
信息: Prefix for test resources is ./
四月 28, 2019 4:02:07 下午 kieker.test.common.junit.AbstractKiekerTest printNameOfCurrentTest
信息: Executing test: kieker.test.monitoring.junit.core.configuration.TestConfigurationFactoryMethods.testCreationfromFile()


四月 28, 2019 4:02:07 下午 kieker.test.common.junit.AbstractKiekerTest initTestModulePrefix
信息: Prefix for test resources is ./
四月 28, 2019 4:02:07 下午 kieker.test.common.junit.AbstractKiekerTest printNameOfCurrentTest
信息: Executing test: kieker.test.monitoring.junit.core.configuration.TestConfigurationFactoryMethods.testCreationSingletonConfigurationVariants()


四月 28, 2019 4:02:07 下午 kieker.monitoring.core.configuration.ConfigurationFactory createSingletonConfiguration
信息: Loading properties from properties file in classpath: 'META-INF/kieker.monitoring.properties'
四月 28, 2019 4:02:07 下午 kieker.monitoring.core.configuration.ConfigurationFactory loadConfigurationFromResource
警告: File 'META-INF/kieker.monitoring.properties' not found in classpath
四月 28, 2019 4:02:07 下午 kieker.monitoring.core.configuration.ConfigurationFactory createSingletonConfiguration
信息: Loading configuration from JVM-specified location: '/code/Github/kieker-1.13/kieker-monitoring/build/resources/test/META-INF/kieker.monitoring.test.properties'
四月 28, 2019 4:02:07 下午 kieker.monitoring.core.configuration.ConfigurationFactory createSingletonConfiguration
信息: Loading configuration from JVM-specified location: '/code/Github/kieker-1.13/kieker-monitoring/build/resources/test/META-INF/kieker.monitoring.test.properties'
]]></system-err>
</testsuite>
