<?xml version="1.0" encoding="UTF-8"?>
<testsuite name="kieker.test.monitoring.junit.core.controller.TestAutoSetLoggingTimestamp" tests="2" skipped="0" failures="0" errors="0" timestamp="2019-04-28T08:02:19" hostname="icedsoul-PC" time="0.012">
  <properties/>
  <testcase name="testSetLoggingTimestampDisabled" classname="kieker.test.monitoring.junit.core.controller.TestAutoSetLoggingTimestamp" time="0.007"/>
  <testcase name="testSetLoggingTimestampEnabled" classname="kieker.test.monitoring.junit.core.controller.TestAutoSetLoggingTimestamp" time="0.004"/>
  <system-out><![CDATA[]]></system-out>
  <system-err><![CDATA[四月 28, 2019 4:02:19 下午 kieker.monitoring.writer.dump.DumpWriter onTerminating
信息: kieker.monitoring.writer.dump.DumpWriter has shut down.
四月 28, 2019 4:02:19 下午 kieker.test.common.junit.AbstractKiekerTest initTestModulePrefix
信息: Prefix for test resources is ./
四月 28, 2019 4:02:19 下午 kieker.test.common.junit.AbstractKiekerTest printNameOfCurrentTest
信息: Executing test: kieker.test.monitoring.junit.core.controller.TestAutoSetLoggingTimestamp.testSetLoggingTimestampDisabled()


四月 28, 2019 4:02:19 下午 kieker.monitoring.core.controller.StateController enableMonitoring
信息: Enabling monitoring
四月 28, 2019 4:02:19 下午 kieker.monitoring.core.controller.MonitoringController createInstance
信息: Current State of kieker.monitoring (1.13) Status: 'enabled'
	Name: 'KIEKER'; Hostname: 'icedsoul-PC'; experimentID: '1'
JMXController: JMX disabled
TimeSource: 'kieker.monitoring.timer.SystemNanoTimer'
	Time in nanoseconds (with nanoseconds precision) since Thu Jan 01 08:00:00 CST 1970'
ProbeController: disabled
WriterController:
	Queue type: org.jctools.queues.MpscArrayQueue
	Queue capacity: 10000
	Insert behavior (a.k.a. QueueFullBehavior): class kieker.monitoring.queue.behavior.BlockOnFailedInsertBehavior
		numBlocked: 0
Writer: 'kieker.monitoring.writer.namedRecordPipe.PipeWriter'
	Configuration:
		kieker.monitoring.writer.namedRecordPipe.PipeWriter.pipeName='pipeName_kieker.test.monitoring.util.NamedPipeFactory_0'
	Connected to pipe: 'pipeName_kieker.test.monitoring.util.NamedPipeFactory_0'

	Automatic assignment of logging timestamps: 'false'
Sampling Controller: Periodic Sensor available: Poolsize: '0'; Scheduled Tasks: '0'
四月 28, 2019 4:02:19 下午 kieker.monitoring.core.controller.MonitoringController terminateMonitoring
信息: Terminating monitoring...
四月 28, 2019 4:02:19 下午 kieker.monitoring.core.controller.MonitoringController cleanup
信息: Shutting down Monitoring Controller (KIEKER)
四月 28, 2019 4:02:19 下午 kieker.test.common.junit.AbstractKiekerTest initTestModulePrefix
信息: Prefix for test resources is ./
四月 28, 2019 4:02:19 下午 kieker.test.common.junit.AbstractKiekerTest printNameOfCurrentTest
信息: Executing test: kieker.test.monitoring.junit.core.controller.TestAutoSetLoggingTimestamp.testSetLoggingTimestampEnabled()


四月 28, 2019 4:02:19 下午 kieker.monitoring.core.controller.StateController enableMonitoring
信息: Enabling monitoring
四月 28, 2019 4:02:19 下午 kieker.monitoring.core.controller.MonitoringController createInstance
信息: Current State of kieker.monitoring (1.13) Status: 'enabled'
	Name: 'KIEKER'; Hostname: 'icedsoul-PC'; experimentID: '1'
JMXController: JMX disabled
TimeSource: 'kieker.monitoring.timer.SystemNanoTimer'
	Time in nanoseconds (with nanoseconds precision) since Thu Jan 01 08:00:00 CST 1970'
ProbeController: disabled
WriterController:
	Queue type: org.jctools.queues.MpscArrayQueue
	Queue capacity: 10000
	Insert behavior (a.k.a. QueueFullBehavior): class kieker.monitoring.queue.behavior.BlockOnFailedInsertBehavior
		numBlocked: 0
Writer: 'kieker.monitoring.writer.namedRecordPipe.PipeWriter'
	Configuration:
		kieker.monitoring.writer.namedRecordPipe.PipeWriter.pipeName='pipeName_kieker.test.monitoring.util.NamedPipeFactory_1'
	Connected to pipe: 'pipeName_kieker.test.monitoring.util.NamedPipeFactory_1'

	Automatic assignment of logging timestamps: 'true'
Sampling Controller: Periodic Sensor available: Poolsize: '0'; Scheduled Tasks: '0'
四月 28, 2019 4:02:19 下午 kieker.monitoring.core.controller.MonitoringController terminateMonitoring
信息: Terminating monitoring...
四月 28, 2019 4:02:19 下午 kieker.monitoring.core.controller.MonitoringController cleanup
信息: Shutting down Monitoring Controller (KIEKER)
]]></system-err>
</testsuite>
