<?xml version="1.0" encoding="UTF-8"?>
<testsuite name="kieker.test.monitoring.junit.core.controller.TestProbeController" tests="8" skipped="0" failures="0" errors="0" timestamp="2019-04-28T08:02:09" hostname="icedsoul-PC" time="10.13">
  <properties/>
  <testcase name="testInitializationDefaultConfigLocation" classname="kieker.test.monitoring.junit.core.controller.TestProbeController" time="0.01"/>
  <testcase name="testAutomatedReadingFromConfigFile" classname="kieker.test.monitoring.junit.core.controller.TestProbeController" time="9.009"/>
  <testcase name="testAutomatedWriteBackToConfigFile" classname="kieker.test.monitoring.junit.core.controller.TestProbeController" time="0.066"/>
  <testcase name="testInitializationWithCustomConfiguration" classname="kieker.test.monitoring.junit.core.controller.TestProbeController" time="1.008"/>
  <testcase name="testEnabledDisabledMatchingWithoutAdaptiveMonitoring" classname="kieker.test.monitoring.junit.core.controller.TestProbeController" time="0.009"/>
  <testcase name="testSpecialProbes" classname="kieker.test.monitoring.junit.core.controller.TestProbeController" time="0.012"/>
  <testcase name="testMatching" classname="kieker.test.monitoring.junit.core.controller.TestProbeController" time="0.007"/>
  <testcase name="testEnabledDisabledMatchingWithAdaptiveMonitoring" classname="kieker.test.monitoring.junit.core.controller.TestProbeController" time="0.009"/>
  <system-out><![CDATA[]]></system-out>
  <system-err><![CDATA[四月 28, 2019 4:02:09 下午 kieker.test.common.junit.AbstractKiekerTest initTestModulePrefix
信息: Prefix for test resources is ./
四月 28, 2019 4:02:09 下午 kieker.test.common.junit.AbstractKiekerTest printNameOfCurrentTest
信息: Executing test: kieker.test.monitoring.junit.core.controller.TestProbeController.testInitializationDefaultConfigLocation()


四月 28, 2019 4:02:09 下午 kieker.monitoring.core.configuration.ConfigurationFactory createSingletonConfiguration
信息: Loading properties from properties file in classpath: 'META-INF/kieker.monitoring.properties'
四月 28, 2019 4:02:09 下午 kieker.monitoring.core.configuration.ConfigurationFactory loadConfigurationFromResource
警告: File 'META-INF/kieker.monitoring.properties' not found in classpath
四月 28, 2019 4:02:09 下午 kieker.monitoring.core.controller.ProbeController readFile
警告: Adaptive monitoring config file not found: META-INF/kieker.monitoring.adaptiveMonitoring.conf
四月 28, 2019 4:02:09 下午 kieker.monitoring.core.controller.StateController enableMonitoring
信息: Enabling monitoring
四月 28, 2019 4:02:09 下午 kieker.monitoring.writer.dump.DumpWriter onStarting
信息: kieker.monitoring.writer.dump.DumpWriter has been started.
四月 28, 2019 4:02:09 下午 kieker.monitoring.core.controller.MonitoringController createInstance
信息: Current State of kieker.monitoring (1.13) Status: 'enabled'
	Name: 'KIEKER-SINGLETON'; Hostname: 'icedsoul-PC'; experimentID: '1'
JMXController: JMX disabled
TimeSource: 'kieker.monitoring.timer.SystemNanoTimer'
	Time in nanoseconds (with nanoseconds precision) since Thu Jan 01 08:00:00 CST 1970'
ProbeController: 'META-INF/kieker.monitoring.adaptiveMonitoring.conf'
	Time intervall for update checks of pattern file (in seconds): 30
	Update pattern file with additional patterns: false
	Signature cache: unbounded
WriterController:
	Queue type: org.jctools.queues.MpscArrayQueue
	Queue capacity: 10000
	Insert behavior (a.k.a. QueueFullBehavior): class kieker.monitoring.queue.behavior.BlockOnFailedInsertBehavior
		numBlocked: 0
Writer: 'kieker.monitoring.writer.dump.DumpWriter'
	Configuration:
		No Configuration

	Automatic assignment of logging timestamps: 'true'
Sampling Controller: Periodic Sensor available: Poolsize: '1'; Scheduled Tasks: '1'
四月 28, 2019 4:02:09 下午 kieker.monitoring.core.controller.MonitoringController terminateMonitoring
信息: Terminating monitoring...
四月 28, 2019 4:02:09 下午 kieker.monitoring.core.controller.MonitoringController cleanup
信息: Shutting down Monitoring Controller (KIEKER-SINGLETON)
四月 28, 2019 4:02:09 下午 kieker.monitoring.writer.dump.DumpWriter onTerminating
信息: kieker.monitoring.writer.dump.DumpWriter has shut down.
四月 28, 2019 4:02:09 下午 kieker.test.common.junit.AbstractKiekerTest initTestModulePrefix
信息: Prefix for test resources is ./
四月 28, 2019 4:02:09 下午 kieker.test.common.junit.AbstractKiekerTest printNameOfCurrentTest
信息: Executing test: kieker.test.monitoring.junit.core.controller.TestProbeController.testAutomatedReadingFromConfigFile()


四月 28, 2019 4:02:09 下午 kieker.monitoring.core.configuration.ConfigurationFactory createSingletonConfiguration
信息: Loading properties from properties file in classpath: 'META-INF/kieker.monitoring.properties'
四月 28, 2019 4:02:09 下午 kieker.monitoring.core.configuration.ConfigurationFactory loadConfigurationFromResource
警告: File 'META-INF/kieker.monitoring.properties' not found in classpath
四月 28, 2019 4:02:10 下午 kieker.monitoring.writer.dump.DumpWriter onStarting
信息: kieker.monitoring.writer.dump.DumpWriter has been started.
四月 28, 2019 4:02:10 下午 kieker.monitoring.core.controller.StateController enableMonitoring
信息: Enabling monitoring
四月 28, 2019 4:02:10 下午 kieker.monitoring.core.controller.MonitoringController createInstance
信息: Current State of kieker.monitoring (1.13) Status: 'enabled'
	Name: 'KIEKER-SINGLETON'; Hostname: 'icedsoul-PC'; experimentID: '1'
JMXController: JMX disabled
TimeSource: 'kieker.monitoring.timer.SystemNanoTimer'
	Time in nanoseconds (with nanoseconds precision) since Thu Jan 01 08:00:00 CST 1970'
ProbeController: '/code/Github/kieker-1.13/kieker-monitoring/build/junit4745327724503226611/adaptiveMonitoring.configFile'
	Time intervall for update checks of pattern file (in seconds): 2
	Update pattern file with additional patterns: false
	Signature cache: unbounded
WriterController:
	Queue type: org.jctools.queues.MpscArrayQueue
	Queue capacity: 10000
	Insert behavior (a.k.a. QueueFullBehavior): class kieker.monitoring.queue.behavior.BlockOnFailedInsertBehavior
		numBlocked: 0
Writer: 'kieker.monitoring.writer.dump.DumpWriter'
	Configuration:
		No Configuration

	Automatic assignment of logging timestamps: 'true'
Sampling Controller: Periodic Sensor available: Poolsize: '1'; Scheduled Tasks: '1'
四月 28, 2019 4:02:18 下午 kieker.monitoring.core.controller.MonitoringController terminateMonitoring
信息: Terminating monitoring...
四月 28, 2019 4:02:18 下午 kieker.monitoring.core.controller.MonitoringController cleanup
信息: Shutting down Monitoring Controller (KIEKER-SINGLETON)
四月 28, 2019 4:02:18 下午 kieker.monitoring.writer.dump.DumpWriter onTerminating
信息: kieker.monitoring.writer.dump.DumpWriter has shut down.
四月 28, 2019 4:02:18 下午 kieker.test.common.junit.AbstractKiekerTest initTestModulePrefix
信息: Prefix for test resources is ./
四月 28, 2019 4:02:18 下午 kieker.test.common.junit.AbstractKiekerTest printNameOfCurrentTest
信息: Executing test: kieker.test.monitoring.junit.core.controller.TestProbeController.testAutomatedWriteBackToConfigFile()


四月 28, 2019 4:02:18 下午 kieker.monitoring.core.configuration.ConfigurationFactory createSingletonConfiguration
信息: Loading properties from properties file in classpath: 'META-INF/kieker.monitoring.properties'
四月 28, 2019 4:02:18 下午 kieker.monitoring.core.configuration.ConfigurationFactory loadConfigurationFromResource
警告: File 'META-INF/kieker.monitoring.properties' not found in classpath
四月 28, 2019 4:02:18 下午 kieker.common.logging.LogImplJUnit disableThrowable
信息: Logging kieker.monitoring.core.signaturePattern.InvalidPatternException only to DEBUG log level.
四月 28, 2019 4:02:18 下午 kieker.monitoring.writer.dump.DumpWriter onStarting
信息: kieker.monitoring.writer.dump.DumpWriter has been started.
四月 28, 2019 4:02:18 下午 kieker.monitoring.core.controller.StateController enableMonitoring
信息: Enabling monitoring
四月 28, 2019 4:02:18 下午 kieker.monitoring.core.controller.MonitoringController createInstance
信息: Current State of kieker.monitoring (1.13) Status: 'enabled'
	Name: 'KIEKER-SINGLETON'; Hostname: 'icedsoul-PC'; experimentID: '1'
JMXController: JMX disabled
TimeSource: 'kieker.monitoring.timer.SystemNanoTimer'
	Time in nanoseconds (with nanoseconds precision) since Thu Jan 01 08:00:00 CST 1970'
ProbeController: '/code/Github/kieker-1.13/kieker-monitoring/build/junit7090570016999210238/adaptiveMonitoring.configFile'
	Time intervall for update checks of pattern file (in seconds): 30
	Update pattern file with additional patterns: true
	Signature cache: unbounded
WriterController:
	Queue type: org.jctools.queues.MpscArrayQueue
	Queue capacity: 10000
	Insert behavior (a.k.a. QueueFullBehavior): class kieker.monitoring.queue.behavior.BlockOnFailedInsertBehavior
		numBlocked: 0
Writer: 'kieker.monitoring.writer.dump.DumpWriter'
	Configuration:
		No Configuration

	Automatic assignment of logging timestamps: 'true'
Sampling Controller: Periodic Sensor available: Poolsize: '1'; Scheduled Tasks: '2'
四月 28, 2019 4:02:18 下午 kieker.common.logging.LogImplJUnit reset
信息: Logging all messaged to default log level.
四月 28, 2019 4:02:18 下午 kieker.monitoring.core.controller.ProbeController updatePatternFile
信息: Updating Adaptive Monitoring config file succeeded.
四月 28, 2019 4:02:18 下午 kieker.monitoring.core.controller.ProbeController updatePatternFile
信息: Updating Adaptive Monitoring config file succeeded.
四月 28, 2019 4:02:18 下午 kieker.monitoring.core.controller.ProbeController updatePatternFile
信息: Updating Adaptive Monitoring config file succeeded.
四月 28, 2019 4:02:18 下午 kieker.monitoring.core.controller.MonitoringController terminateMonitoring
信息: Terminating monitoring...
四月 28, 2019 4:02:18 下午 kieker.monitoring.core.controller.MonitoringController cleanup
信息: Shutting down Monitoring Controller (KIEKER-SINGLETON)
四月 28, 2019 4:02:18 下午 kieker.monitoring.writer.dump.DumpWriter onTerminating
信息: kieker.monitoring.writer.dump.DumpWriter has shut down.
四月 28, 2019 4:02:18 下午 kieker.test.common.junit.AbstractKiekerTest initTestModulePrefix
信息: Prefix for test resources is ./
四月 28, 2019 4:02:18 下午 kieker.test.common.junit.AbstractKiekerTest printNameOfCurrentTest
信息: Executing test: kieker.test.monitoring.junit.core.controller.TestProbeController.testInitializationWithCustomConfiguration()


四月 28, 2019 4:02:19 下午 kieker.monitoring.core.configuration.ConfigurationFactory createSingletonConfiguration
信息: Loading properties from properties file in classpath: 'META-INF/kieker.monitoring.properties'
四月 28, 2019 4:02:19 下午 kieker.monitoring.core.configuration.ConfigurationFactory loadConfigurationFromResource
警告: File 'META-INF/kieker.monitoring.properties' not found in classpath
四月 28, 2019 4:02:19 下午 kieker.common.logging.LogImplJUnit disableThrowable
信息: Logging kieker.monitoring.core.signaturePattern.InvalidPatternException only to DEBUG log level.
四月 28, 2019 4:02:19 下午 kieker.monitoring.core.controller.ProbeController addToPatternEntryList
警告: Each line should either start with '+', '-', or '#'. Ignoring: test invalid line in config file
四月 28, 2019 4:02:19 下午 kieker.monitoring.writer.dump.DumpWriter onStarting
信息: kieker.monitoring.writer.dump.DumpWriter has been started.
四月 28, 2019 4:02:19 下午 kieker.monitoring.core.controller.StateController enableMonitoring
信息: Enabling monitoring
四月 28, 2019 4:02:19 下午 kieker.monitoring.core.controller.MonitoringController createInstance
信息: Current State of kieker.monitoring (1.13) Status: 'enabled'
	Name: 'KIEKER-SINGLETON'; Hostname: 'icedsoul-PC'; experimentID: '1'
JMXController: JMX disabled
TimeSource: 'kieker.monitoring.timer.SystemNanoTimer'
	Time in nanoseconds (with nanoseconds precision) since Thu Jan 01 08:00:00 CST 1970'
ProbeController: '/code/Github/kieker-1.13/kieker-monitoring/build/junit3078229489574728679/adaptiveMonitoring.configFile'
	Time intervall for update checks of pattern file (in seconds): 30
	Update pattern file with additional patterns: false
	Signature cache: unbounded
WriterController:
	Queue type: org.jctools.queues.MpscArrayQueue
	Queue capacity: 10000
	Insert behavior (a.k.a. QueueFullBehavior): class kieker.monitoring.queue.behavior.BlockOnFailedInsertBehavior
		numBlocked: 0
Writer: 'kieker.monitoring.writer.dump.DumpWriter'
	Configuration:
		No Configuration

	Automatic assignment of logging timestamps: 'true'
Sampling Controller: Periodic Sensor available: Poolsize: '1'; Scheduled Tasks: '1'
四月 28, 2019 4:02:19 下午 kieker.common.logging.LogImplJUnit reset
信息: Logging all messaged to default log level.
四月 28, 2019 4:02:19 下午 kieker.monitoring.core.controller.MonitoringController terminateMonitoring
信息: Terminating monitoring...
四月 28, 2019 4:02:19 下午 kieker.monitoring.core.controller.MonitoringController cleanup
信息: Shutting down Monitoring Controller (KIEKER-SINGLETON)
四月 28, 2019 4:02:19 下午 kieker.monitoring.writer.dump.DumpWriter onTerminating
信息: kieker.monitoring.writer.dump.DumpWriter has shut down.
四月 28, 2019 4:02:19 下午 kieker.test.common.junit.AbstractKiekerTest initTestModulePrefix
信息: Prefix for test resources is ./
四月 28, 2019 4:02:19 下午 kieker.test.common.junit.AbstractKiekerTest printNameOfCurrentTest
信息: Executing test: kieker.test.monitoring.junit.core.controller.TestProbeController.testEnabledDisabledMatchingWithoutAdaptiveMonitoring()


四月 28, 2019 4:02:19 下午 kieker.monitoring.core.configuration.ConfigurationFactory createSingletonConfiguration
信息: Loading properties from properties file in classpath: 'META-INF/kieker.monitoring.properties'
四月 28, 2019 4:02:19 下午 kieker.monitoring.core.configuration.ConfigurationFactory loadConfigurationFromResource
警告: File 'META-INF/kieker.monitoring.properties' not found in classpath
四月 28, 2019 4:02:19 下午 kieker.monitoring.writer.dump.DumpWriter onStarting
信息: kieker.monitoring.writer.dump.DumpWriter has been started.
四月 28, 2019 4:02:19 下午 kieker.monitoring.core.controller.StateController enableMonitoring
信息: Enabling monitoring
四月 28, 2019 4:02:19 下午 kieker.monitoring.core.controller.MonitoringController createInstance
信息: Current State of kieker.monitoring (1.13) Status: 'enabled'
	Name: 'KIEKER-SINGLETON'; Hostname: 'icedsoul-PC'; experimentID: '1'
JMXController: JMX disabled
TimeSource: 'kieker.monitoring.timer.SystemNanoTimer'
	Time in nanoseconds (with nanoseconds precision) since Thu Jan 01 08:00:00 CST 1970'
ProbeController: disabled
WriterController:
	Queue type: org.jctools.queues.MpscArrayQueue
	Queue capacity: 10000
	Insert behavior (a.k.a. QueueFullBehavior): class kieker.monitoring.queue.behavior.BlockOnFailedInsertBehavior
		numBlocked: 0
Writer: 'kieker.monitoring.writer.dump.DumpWriter'
	Configuration:
		No Configuration

	Automatic assignment of logging timestamps: 'true'
Sampling Controller: Periodic Sensor available: Poolsize: '0'; Scheduled Tasks: '0'
四月 28, 2019 4:02:19 下午 kieker.monitoring.core.controller.ProbeController addPattern
警告: Adapative Monitoring is disabled!
四月 28, 2019 4:02:19 下午 kieker.monitoring.core.controller.StateController disableMonitoring
信息: Disabling monitoring
四月 28, 2019 4:02:19 下午 kieker.monitoring.core.controller.StateController enableMonitoring
信息: Enabling monitoring
四月 28, 2019 4:02:19 下午 kieker.monitoring.core.controller.MonitoringController terminateMonitoring
信息: Terminating monitoring...
四月 28, 2019 4:02:19 下午 kieker.monitoring.core.controller.MonitoringController cleanup
信息: Shutting down Monitoring Controller (KIEKER-SINGLETON)
四月 28, 2019 4:02:19 下午 kieker.monitoring.writer.dump.DumpWriter onTerminating
信息: kieker.monitoring.writer.dump.DumpWriter has shut down.
四月 28, 2019 4:02:19 下午 kieker.test.common.junit.AbstractKiekerTest initTestModulePrefix
信息: Prefix for test resources is ./
四月 28, 2019 4:02:19 下午 kieker.test.common.junit.AbstractKiekerTest printNameOfCurrentTest
信息: Executing test: kieker.test.monitoring.junit.core.controller.TestProbeController.testSpecialProbes()


四月 28, 2019 4:02:19 下午 kieker.monitoring.core.configuration.ConfigurationFactory createSingletonConfiguration
信息: Loading properties from properties file in classpath: 'META-INF/kieker.monitoring.properties'
四月 28, 2019 4:02:19 下午 kieker.monitoring.core.configuration.ConfigurationFactory loadConfigurationFromResource
警告: File 'META-INF/kieker.monitoring.properties' not found in classpath
四月 28, 2019 4:02:19 下午 kieker.monitoring.core.controller.ProbeController readFile
警告: Adaptive monitoring config file not found: META-INF/kieker.monitoring.adaptiveMonitoring.conf
四月 28, 2019 4:02:19 下午 kieker.monitoring.writer.dump.DumpWriter onStarting
信息: kieker.monitoring.writer.dump.DumpWriter has been started.
四月 28, 2019 4:02:19 下午 kieker.monitoring.core.controller.StateController enableMonitoring
信息: Enabling monitoring
四月 28, 2019 4:02:19 下午 kieker.monitoring.core.controller.MonitoringController createInstance
信息: Current State of kieker.monitoring (1.13) Status: 'enabled'
	Name: 'KIEKER-SINGLETON'; Hostname: 'icedsoul-PC'; experimentID: '1'
JMXController: JMX disabled
TimeSource: 'kieker.monitoring.timer.SystemNanoTimer'
	Time in nanoseconds (with nanoseconds precision) since Thu Jan 01 08:00:00 CST 1970'
ProbeController: 'META-INF/kieker.monitoring.adaptiveMonitoring.conf'
	Time intervall for update checks of pattern file (in seconds): 30
	Update pattern file with additional patterns: false
	Signature cache: unbounded
WriterController:
	Queue type: org.jctools.queues.MpscArrayQueue
	Queue capacity: 10000
	Insert behavior (a.k.a. QueueFullBehavior): class kieker.monitoring.queue.behavior.BlockOnFailedInsertBehavior
		numBlocked: 0
Writer: 'kieker.monitoring.writer.dump.DumpWriter'
	Configuration:
		No Configuration

	Automatic assignment of logging timestamps: 'true'
Sampling Controller: Periodic Sensor available: Poolsize: '1'; Scheduled Tasks: '1'
四月 28, 2019 4:02:19 下午 kieker.monitoring.core.controller.MonitoringController terminateMonitoring
信息: Terminating monitoring...
四月 28, 2019 4:02:19 下午 kieker.monitoring.core.controller.MonitoringController cleanup
信息: Shutting down Monitoring Controller (KIEKER-SINGLETON)
四月 28, 2019 4:02:19 下午 kieker.monitoring.writer.dump.DumpWriter onTerminating
信息: kieker.monitoring.writer.dump.DumpWriter has shut down.
四月 28, 2019 4:02:19 下午 kieker.test.common.junit.AbstractKiekerTest initTestModulePrefix
信息: Prefix for test resources is ./
四月 28, 2019 4:02:19 下午 kieker.test.common.junit.AbstractKiekerTest printNameOfCurrentTest
信息: Executing test: kieker.test.monitoring.junit.core.controller.TestProbeController.testMatching()


四月 28, 2019 4:02:19 下午 kieker.monitoring.core.configuration.ConfigurationFactory createSingletonConfiguration
信息: Loading properties from properties file in classpath: 'META-INF/kieker.monitoring.properties'
四月 28, 2019 4:02:19 下午 kieker.monitoring.core.configuration.ConfigurationFactory loadConfigurationFromResource
警告: File 'META-INF/kieker.monitoring.properties' not found in classpath
四月 28, 2019 4:02:19 下午 kieker.monitoring.writer.dump.DumpWriter onStarting
信息: kieker.monitoring.writer.dump.DumpWriter has been started.
四月 28, 2019 4:02:19 下午 kieker.monitoring.core.controller.StateController enableMonitoring
信息: Enabling monitoring
四月 28, 2019 4:02:19 下午 kieker.monitoring.core.controller.MonitoringController createInstance
信息: Current State of kieker.monitoring (1.13) Status: 'enabled'
	Name: 'KIEKER-SINGLETON'; Hostname: 'icedsoul-PC'; experimentID: '1'
JMXController: JMX disabled
TimeSource: 'kieker.monitoring.timer.SystemNanoTimer'
	Time in nanoseconds (with nanoseconds precision) since Thu Jan 01 08:00:00 CST 1970'
ProbeController: '/code/Github/kieker-1.13/kieker-monitoring/build/junit4921077092644091402/adaptiveMonitoring.configFile'
	Time intervall for update checks of pattern file (in seconds): 30
	Update pattern file with additional patterns: false
	Signature cache: unbounded
WriterController:
	Queue type: org.jctools.queues.MpscArrayQueue
	Queue capacity: 10000
	Insert behavior (a.k.a. QueueFullBehavior): class kieker.monitoring.queue.behavior.BlockOnFailedInsertBehavior
		numBlocked: 0
Writer: 'kieker.monitoring.writer.dump.DumpWriter'
	Configuration:
		No Configuration

	Automatic assignment of logging timestamps: 'true'
Sampling Controller: Periodic Sensor available: Poolsize: '1'; Scheduled Tasks: '1'
四月 28, 2019 4:02:19 下午 kieker.common.logging.LogImplJUnit disableThrowable
信息: Logging kieker.monitoring.core.signaturePattern.InvalidPatternException only to DEBUG log level.
四月 28, 2019 4:02:19 下午 kieker.common.logging.LogImplJUnit reset
信息: Logging all messaged to default log level.
四月 28, 2019 4:02:19 下午 kieker.monitoring.core.controller.MonitoringController terminateMonitoring
信息: Terminating monitoring...
四月 28, 2019 4:02:19 下午 kieker.monitoring.core.controller.MonitoringController cleanup
信息: Shutting down Monitoring Controller (KIEKER-SINGLETON)
四月 28, 2019 4:02:19 下午 kieker.monitoring.writer.dump.DumpWriter onTerminating
信息: kieker.monitoring.writer.dump.DumpWriter has shut down.
四月 28, 2019 4:02:19 下午 kieker.test.common.junit.AbstractKiekerTest initTestModulePrefix
信息: Prefix for test resources is ./
四月 28, 2019 4:02:19 下午 kieker.test.common.junit.AbstractKiekerTest printNameOfCurrentTest
信息: Executing test: kieker.test.monitoring.junit.core.controller.TestProbeController.testEnabledDisabledMatchingWithAdaptiveMonitoring()


四月 28, 2019 4:02:19 下午 kieker.monitoring.core.configuration.ConfigurationFactory createSingletonConfiguration
信息: Loading properties from properties file in classpath: 'META-INF/kieker.monitoring.properties'
四月 28, 2019 4:02:19 下午 kieker.monitoring.core.configuration.ConfigurationFactory loadConfigurationFromResource
警告: File 'META-INF/kieker.monitoring.properties' not found in classpath
四月 28, 2019 4:02:19 下午 kieker.monitoring.core.controller.ProbeController readFile
警告: Adaptive monitoring config file not found: META-INF/kieker.monitoring.adaptiveMonitoring.conf
四月 28, 2019 4:02:19 下午 kieker.monitoring.writer.dump.DumpWriter onStarting
信息: kieker.monitoring.writer.dump.DumpWriter has been started.
四月 28, 2019 4:02:19 下午 kieker.monitoring.core.controller.StateController enableMonitoring
信息: Enabling monitoring
四月 28, 2019 4:02:19 下午 kieker.monitoring.core.controller.MonitoringController createInstance
信息: Current State of kieker.monitoring (1.13) Status: 'enabled'
	Name: 'KIEKER-SINGLETON'; Hostname: 'icedsoul-PC'; experimentID: '1'
JMXController: JMX disabled
TimeSource: 'kieker.monitoring.timer.SystemNanoTimer'
	Time in nanoseconds (with nanoseconds precision) since Thu Jan 01 08:00:00 CST 1970'
ProbeController: 'META-INF/kieker.monitoring.adaptiveMonitoring.conf'
	Time intervall for update checks of pattern file (in seconds): 30
	Update pattern file with additional patterns: false
	Signature cache: unbounded
WriterController:
	Queue type: org.jctools.queues.MpscArrayQueue
	Queue capacity: 10000
	Insert behavior (a.k.a. QueueFullBehavior): class kieker.monitoring.queue.behavior.BlockOnFailedInsertBehavior
		numBlocked: 0
Writer: 'kieker.monitoring.writer.dump.DumpWriter'
	Configuration:
		No Configuration

	Automatic assignment of logging timestamps: 'true'
Sampling Controller: Periodic Sensor available: Poolsize: '1'; Scheduled Tasks: '1'
四月 28, 2019 4:02:19 下午 kieker.monitoring.core.controller.StateController disableMonitoring
信息: Disabling monitoring
四月 28, 2019 4:02:19 下午 kieker.monitoring.core.controller.StateController enableMonitoring
信息: Enabling monitoring
四月 28, 2019 4:02:19 下午 kieker.monitoring.core.controller.MonitoringController terminateMonitoring
信息: Terminating monitoring...
四月 28, 2019 4:02:19 下午 kieker.monitoring.core.controller.MonitoringController cleanup
信息: Shutting down Monitoring Controller (KIEKER-SINGLETON)
]]></system-err>
</testsuite>
